14:16:22.030 [INFO] [org.gradle.launcher.daemon.server.Daemon] start() called on daemon - DefaultDaemonContext[uid=544eb9a5-9500-4fbb-8535-e1951fd0a2eb,javaHome=C:\service\java\jdk\jdk1.7.0_45,daemonRegistryDir=C:\Users\Lee\.gradle\daemon,pid=10740,idleTimeout=10800000,daemonOpts=-XX:MaxPermSize=256m,-XX:+HeapDumpOnOutOfMemoryError,-Xmx1024m,-Dfile.encoding=GBK,-Duser.country=US,-Duser.language=en,-Duser.variant]
14:16:22.034 [DEBUG] [org.gradle.launcher.daemon.server.DaemonStateCoordinator] updating lastActivityAt to 1470377782034
14:16:22.173 [DEBUG] [org.gradle.messaging.remote.internal.inet.InetAddressFactory] Adding IP addresses for network interface Software Loopback Interface 1
14:16:22.176 [DEBUG] [org.gradle.messaging.remote.internal.inet.InetAddressFactory] Is this a loopback interface? true
14:16:22.178 [DEBUG] [org.gradle.messaging.remote.internal.inet.InetAddressFactory] Is this a multicast interface? true
14:16:22.178 [DEBUG] [org.gradle.messaging.remote.internal.inet.InetAddressFactory] Adding loopback address /127.0.0.1
14:16:22.179 [DEBUG] [org.gradle.messaging.remote.internal.inet.InetAddressFactory] Adding loopback address /0:0:0:0:0:0:0:1
14:16:22.179 [DEBUG] [org.gradle.messaging.remote.internal.inet.InetAddressFactory] Adding loopback multicast interface Software Loopback Interface 1
14:16:22.180 [DEBUG] [org.gradle.messaging.remote.internal.inet.InetAddressFactory] Adding IP addresses for network interface WAN Miniport (SSTP)
14:16:22.182 [DEBUG] [org.gradle.messaging.remote.internal.inet.InetAddressFactory] Is this a loopback interface? false
14:16:22.184 [DEBUG] [org.gradle.messaging.remote.internal.inet.InetAddressFactory] Is this a multicast interface? true
14:16:22.184 [DEBUG] [org.gradle.messaging.remote.internal.inet.InetAddressFactory] Adding loopback multicast interface WAN Miniport (SSTP)
14:16:22.185 [DEBUG] [org.gradle.messaging.remote.internal.inet.InetAddressFactory] Adding IP addresses for network interface WAN Miniport (L2TP)
14:16:22.187 [DEBUG] [org.gradle.messaging.remote.internal.inet.InetAddressFactory] Is this a loopback interface? false
14:16:22.189 [DEBUG] [org.gradle.messaging.remote.internal.inet.InetAddressFactory] Is this a multicast interface? true
14:16:22.189 [DEBUG] [org.gradle.messaging.remote.internal.inet.InetAddressFactory] Adding loopback multicast interface WAN Miniport (L2TP)
14:16:22.190 [DEBUG] [org.gradle.messaging.remote.internal.inet.InetAddressFactory] Adding IP addresses for network interface WAN Miniport (PPTP)
14:16:22.192 [DEBUG] [org.gradle.messaging.remote.internal.inet.InetAddressFactory] Is this a loopback interface? false
14:16:22.194 [DEBUG] [org.gradle.messaging.remote.internal.inet.InetAddressFactory] Is this a multicast interface? true
14:16:22.194 [DEBUG] [org.gradle.messaging.remote.internal.inet.InetAddressFactory] Adding loopback multicast interface WAN Miniport (PPTP)
14:16:22.195 [DEBUG] [org.gradle.messaging.remote.internal.inet.InetAddressFactory] Adding IP addresses for network interface WAN Miniport (PPPOE)
14:16:22.197 [DEBUG] [org.gradle.messaging.remote.internal.inet.InetAddressFactory] Is this a loopback interface? false
14:16:22.199 [DEBUG] [org.gradle.messaging.remote.internal.inet.InetAddressFactory] Is this a multicast interface? true
14:16:22.199 [DEBUG] [org.gradle.messaging.remote.internal.inet.InetAddressFactory] Adding loopback multicast interface WAN Miniport (PPPOE)
14:16:22.200 [DEBUG] [org.gradle.messaging.remote.internal.inet.InetAddressFactory] Adding IP addresses for network interface WAN Miniport (IPv6)
14:16:22.202 [DEBUG] [org.gradle.messaging.remote.internal.inet.InetAddressFactory] Is this a loopback interface? false
14:16:22.204 [DEBUG] [org.gradle.messaging.remote.internal.inet.InetAddressFactory] Is this a multicast interface? true
14:16:22.205 [DEBUG] [org.gradle.messaging.remote.internal.inet.InetAddressFactory] Adding loopback multicast interface WAN Miniport (IPv6)
14:16:22.205 [DEBUG] [org.gradle.messaging.remote.internal.inet.InetAddressFactory] Adding IP addresses for network interface WAN Miniport (Network Monitor)
14:16:22.207 [DEBUG] [org.gradle.messaging.remote.internal.inet.InetAddressFactory] Is this a loopback interface? false
14:16:22.209 [DEBUG] [org.gradle.messaging.remote.internal.inet.InetAddressFactory] Is this a multicast interface? true
14:16:22.210 [DEBUG] [org.gradle.messaging.remote.internal.inet.InetAddressFactory] Adding loopback multicast interface WAN Miniport (Network Monitor)
14:16:22.210 [DEBUG] [org.gradle.messaging.remote.internal.inet.InetAddressFactory] Adding IP addresses for network interface WAN Miniport (IP)
14:16:22.212 [DEBUG] [org.gradle.messaging.remote.internal.inet.InetAddressFactory] Is this a loopback interface? false
14:16:22.214 [DEBUG] [org.gradle.messaging.remote.internal.inet.InetAddressFactory] Is this a multicast interface? true
14:16:22.215 [DEBUG] [org.gradle.messaging.remote.internal.inet.InetAddressFactory] Adding loopback multicast interface WAN Miniport (IP)
14:16:22.215 [DEBUG] [org.gradle.messaging.remote.internal.inet.InetAddressFactory] Adding IP addresses for network interface RAS Async Adapter
14:16:22.217 [DEBUG] [org.gradle.messaging.remote.internal.inet.InetAddressFactory] Is this a loopback interface? false
14:16:22.220 [DEBUG] [org.gradle.messaging.remote.internal.inet.InetAddressFactory] Is this a multicast interface? true
14:16:22.220 [DEBUG] [org.gradle.messaging.remote.internal.inet.InetAddressFactory] Adding loopback multicast interface RAS Async Adapter
14:16:22.220 [DEBUG] [org.gradle.messaging.remote.internal.inet.InetAddressFactory] Adding IP addresses for network interface WAN Miniport (IKEv2)
14:16:22.223 [DEBUG] [org.gradle.messaging.remote.internal.inet.InetAddressFactory] Is this a loopback interface? false
14:16:22.225 [DEBUG] [org.gradle.messaging.remote.internal.inet.InetAddressFactory] Is this a multicast interface? true
14:16:22.225 [DEBUG] [org.gradle.messaging.remote.internal.inet.InetAddressFactory] Adding loopback multicast interface WAN Miniport (IKEv2)
14:16:22.225 [DEBUG] [org.gradle.messaging.remote.internal.inet.InetAddressFactory] Adding IP addresses for network interface Intel(R) 82579LM Gigabit Network Connection
14:16:22.228 [DEBUG] [org.gradle.messaging.remote.internal.inet.InetAddressFactory] Is this a loopback interface? false
14:16:22.230 [DEBUG] [org.gradle.messaging.remote.internal.inet.InetAddressFactory] Is this a multicast interface? true
14:16:22.230 [DEBUG] [org.gradle.messaging.remote.internal.inet.InetAddressFactory] Adding remote address /fe80:0:0:0:9c7f:8253:343d:fba%11
14:16:22.231 [DEBUG] [org.gradle.messaging.remote.internal.inet.InetAddressFactory] Adding remote multicast interface Intel(R) 82579LM Gigabit Network Connection
14:16:22.231 [DEBUG] [org.gradle.messaging.remote.internal.inet.InetAddressFactory] Adding IP addresses for network interface Intel(R) Centrino(R) Wireless-N 2200
14:16:22.234 [DEBUG] [org.gradle.messaging.remote.internal.inet.InetAddressFactory] Is this a loopback interface? false
14:16:22.236 [DEBUG] [org.gradle.messaging.remote.internal.inet.InetAddressFactory] Is this a multicast interface? true
14:16:22.237 [DEBUG] [org.gradle.messaging.remote.internal.inet.InetAddressFactory] Adding loopback multicast interface Intel(R) Centrino(R) Wireless-N 2200
14:16:22.237 [DEBUG] [org.gradle.messaging.remote.internal.inet.InetAddressFactory] Adding IP addresses for network interface Microsoft Virtual WiFi Miniport Adapter
14:16:22.239 [DEBUG] [org.gradle.messaging.remote.internal.inet.InetAddressFactory] Is this a loopback interface? false
14:16:22.242 [DEBUG] [org.gradle.messaging.remote.internal.inet.InetAddressFactory] Is this a multicast interface? true
14:16:22.242 [DEBUG] [org.gradle.messaging.remote.internal.inet.InetAddressFactory] Adding loopback multicast interface Microsoft Virtual WiFi Miniport Adapter
14:16:22.242 [DEBUG] [org.gradle.messaging.remote.internal.inet.InetAddressFactory] Adding IP addresses for network interface Microsoft Virtual WiFi Miniport Adapter #2
14:16:22.245 [DEBUG] [org.gradle.messaging.remote.internal.inet.InetAddressFactory] Is this a loopback interface? false
14:16:22.247 [DEBUG] [org.gradle.messaging.remote.internal.inet.InetAddressFactory] Is this a multicast interface? true
14:16:22.247 [DEBUG] [org.gradle.messaging.remote.internal.inet.InetAddressFactory] Adding loopback multicast interface Microsoft Virtual WiFi Miniport Adapter #2
14:16:22.248 [DEBUG] [org.gradle.messaging.remote.internal.inet.InetAddressFactory] Adding IP addresses for network interface Intel(R) Centrino(R) Advanced-N 6205
14:16:22.250 [DEBUG] [org.gradle.messaging.remote.internal.inet.InetAddressFactory] Is this a loopback interface? false
14:16:22.252 [DEBUG] [org.gradle.messaging.remote.internal.inet.InetAddressFactory] Is this a multicast interface? true
14:16:22.252 [DEBUG] [org.gradle.messaging.remote.internal.inet.InetAddressFactory] Adding remote address /10.4.0.51
14:16:22.253 [DEBUG] [org.gradle.messaging.remote.internal.inet.InetAddressFactory] Adding remote address /fe80:0:0:0:ed99:ced3:187:7cbf%15
14:16:22.253 [DEBUG] [org.gradle.messaging.remote.internal.inet.InetAddressFactory] Adding remote multicast interface Intel(R) Centrino(R) Advanced-N 6205
14:16:22.253 [DEBUG] [org.gradle.messaging.remote.internal.inet.InetAddressFactory] Adding IP addresses for network interface Microsoft Virtual WiFi Miniport Adapter #3
14:16:22.256 [DEBUG] [org.gradle.messaging.remote.internal.inet.InetAddressFactory] Is this a loopback interface? false
14:16:22.259 [DEBUG] [org.gradle.messaging.remote.internal.inet.InetAddressFactory] Is this a multicast interface? true
14:16:22.259 [DEBUG] [org.gradle.messaging.remote.internal.inet.InetAddressFactory] Adding remote address /fe80:0:0:0:64d6:edc8:79f6:d957%16
14:16:22.260 [DEBUG] [org.gradle.messaging.remote.internal.inet.InetAddressFactory] Adding remote multicast interface Microsoft Virtual WiFi Miniport Adapter #3
14:16:22.260 [DEBUG] [org.gradle.messaging.remote.internal.inet.InetAddressFactory] Adding IP addresses for network interface Microsoft Virtual WiFi Miniport Adapter #4
14:16:22.263 [DEBUG] [org.gradle.messaging.remote.internal.inet.InetAddressFactory] Is this a loopback interface? false
14:16:22.266 [DEBUG] [org.gradle.messaging.remote.internal.inet.InetAddressFactory] Is this a multicast interface? true
14:16:22.266 [DEBUG] [org.gradle.messaging.remote.internal.inet.InetAddressFactory] Adding remote address /fe80:0:0:0:b418:c3fb:64ff:c028%17
14:16:22.266 [DEBUG] [org.gradle.messaging.remote.internal.inet.InetAddressFactory] Adding remote multicast interface Microsoft Virtual WiFi Miniport Adapter #4
14:16:22.267 [DEBUG] [org.gradle.messaging.remote.internal.inet.InetAddressFactory] Adding IP addresses for network interface Teredo Tunneling Pseudo-Interface
14:16:22.269 [DEBUG] [org.gradle.messaging.remote.internal.inet.InetAddressFactory] Is this a loopback interface? false
14:16:22.271 [DEBUG] [org.gradle.messaging.remote.internal.inet.InetAddressFactory] Is this a multicast interface? false
14:16:22.272 [DEBUG] [org.gradle.messaging.remote.internal.inet.InetAddressFactory] Adding remote address /fe80:0:0:0:0:ffff:ffff:fffe%18
14:16:22.272 [DEBUG] [org.gradle.messaging.remote.internal.inet.InetAddressFactory] Adding IP addresses for network interface VMware Virtual Ethernet Adapter for VMnet1
14:16:22.274 [DEBUG] [org.gradle.messaging.remote.internal.inet.InetAddressFactory] Is this a loopback interface? false
14:16:22.276 [DEBUG] [org.gradle.messaging.remote.internal.inet.InetAddressFactory] Is this a multicast interface? true
14:16:22.277 [DEBUG] [org.gradle.messaging.remote.internal.inet.InetAddressFactory] Adding remote address /192.168.154.1
14:16:22.277 [DEBUG] [org.gradle.messaging.remote.internal.inet.InetAddressFactory] Adding remote address /fe80:0:0:0:e003:5269:18f8:658b%19
14:16:22.277 [DEBUG] [org.gradle.messaging.remote.internal.inet.InetAddressFactory] Adding remote multicast interface VMware Virtual Ethernet Adapter for VMnet1
14:16:22.277 [DEBUG] [org.gradle.messaging.remote.internal.inet.InetAddressFactory] Adding IP addresses for network interface VMware Virtual Ethernet Adapter for VMnet8
14:16:22.279 [DEBUG] [org.gradle.messaging.remote.internal.inet.InetAddressFactory] Is this a loopback interface? false
14:16:22.282 [DEBUG] [org.gradle.messaging.remote.internal.inet.InetAddressFactory] Is this a multicast interface? true
14:16:22.282 [DEBUG] [org.gradle.messaging.remote.internal.inet.InetAddressFactory] Adding remote address /192.168.221.1
14:16:22.282 [DEBUG] [org.gradle.messaging.remote.internal.inet.InetAddressFactory] Adding remote address /fe80:0:0:0:356d:33e7:f0e2:4cb8%20
14:16:22.283 [DEBUG] [org.gradle.messaging.remote.internal.inet.InetAddressFactory] Adding remote multicast interface VMware Virtual Ethernet Adapter for VMnet8
14:16:22.283 [DEBUG] [org.gradle.messaging.remote.internal.inet.InetAddressFactory] Adding IP addresses for network interface Microsoft ISATAP Adapter #4
14:16:22.285 [DEBUG] [org.gradle.messaging.remote.internal.inet.InetAddressFactory] Is this a loopback interface? false
14:16:22.288 [DEBUG] [org.gradle.messaging.remote.internal.inet.InetAddressFactory] Is this a multicast interface? false
14:16:22.288 [DEBUG] [org.gradle.messaging.remote.internal.inet.InetAddressFactory] Adding remote address /fe80:0:0:0:0:5efe:c0a8:dd01%21
14:16:22.288 [DEBUG] [org.gradle.messaging.remote.internal.inet.InetAddressFactory] Adding IP addresses for network interface Microsoft ISATAP Adapter
14:16:22.290 [DEBUG] [org.gradle.messaging.remote.internal.inet.InetAddressFactory] Is this a loopback interface? false
14:16:22.293 [DEBUG] [org.gradle.messaging.remote.internal.inet.InetAddressFactory] Is this a multicast interface? false
14:16:22.293 [DEBUG] [org.gradle.messaging.remote.internal.inet.InetAddressFactory] Adding IP addresses for network interface Microsoft ISATAP Adapter #3
14:16:22.295 [DEBUG] [org.gradle.messaging.remote.internal.inet.InetAddressFactory] Is this a loopback interface? false
14:16:22.298 [DEBUG] [org.gradle.messaging.remote.internal.inet.InetAddressFactory] Is this a multicast interface? false
14:16:22.298 [DEBUG] [org.gradle.messaging.remote.internal.inet.InetAddressFactory] Adding IP addresses for network interface Microsoft ISATAP Adapter #6
14:16:22.300 [DEBUG] [org.gradle.messaging.remote.internal.inet.InetAddressFactory] Is this a loopback interface? false
14:16:22.302 [DEBUG] [org.gradle.messaging.remote.internal.inet.InetAddressFactory] Is this a multicast interface? false
14:16:22.303 [DEBUG] [org.gradle.messaging.remote.internal.inet.InetAddressFactory] Adding remote address /fe80:0:0:0:0:5efe:a04:33%24
14:16:22.303 [DEBUG] [org.gradle.messaging.remote.internal.inet.InetAddressFactory] Adding IP addresses for network interface Microsoft ISATAP Adapter #2
14:16:22.305 [DEBUG] [org.gradle.messaging.remote.internal.inet.InetAddressFactory] Is this a loopback interface? false
14:16:22.307 [DEBUG] [org.gradle.messaging.remote.internal.inet.InetAddressFactory] Is this a multicast interface? false
14:16:22.308 [DEBUG] [org.gradle.messaging.remote.internal.inet.InetAddressFactory] Adding IP addresses for network interface Microsoft ISATAP Adapter #5
14:16:22.310 [DEBUG] [org.gradle.messaging.remote.internal.inet.InetAddressFactory] Is this a loopback interface? false
14:16:22.312 [DEBUG] [org.gradle.messaging.remote.internal.inet.InetAddressFactory] Is this a multicast interface? false
14:16:22.312 [DEBUG] [org.gradle.messaging.remote.internal.inet.InetAddressFactory] Adding IP addresses for network interface Intel(R) 82579LM Gigabit Network Connection-Kaspersky Lab NDIS 6 Filter-0000
14:16:22.315 [DEBUG] [org.gradle.messaging.remote.internal.inet.InetAddressFactory] Is this a loopback interface? false
14:16:22.317 [DEBUG] [org.gradle.messaging.remote.internal.inet.InetAddressFactory] Is this a multicast interface? true
14:16:22.317 [DEBUG] [org.gradle.messaging.remote.internal.inet.InetAddressFactory] Adding loopback multicast interface Intel(R) 82579LM Gigabit Network Connection-Kaspersky Lab NDIS 6 Filter-0000
14:16:22.318 [DEBUG] [org.gradle.messaging.remote.internal.inet.InetAddressFactory] Adding IP addresses for network interface Intel(R) 82579LM Gigabit Network Connection-QoS Packet Scheduler-0000
14:16:22.320 [DEBUG] [org.gradle.messaging.remote.internal.inet.InetAddressFactory] Is this a loopback interface? false
14:16:22.322 [DEBUG] [org.gradle.messaging.remote.internal.inet.InetAddressFactory] Is this a multicast interface? true
14:16:22.322 [DEBUG] [org.gradle.messaging.remote.internal.inet.InetAddressFactory] Adding loopback multicast interface Intel(R) 82579LM Gigabit Network Connection-QoS Packet Scheduler-0000
14:16:22.323 [DEBUG] [org.gradle.messaging.remote.internal.inet.InetAddressFactory] Adding IP addresses for network interface Intel(R) 82579LM Gigabit Network Connection-WFP LightWeight Filter-0000
14:16:22.325 [DEBUG] [org.gradle.messaging.remote.internal.inet.InetAddressFactory] Is this a loopback interface? false
14:16:22.327 [DEBUG] [org.gradle.messaging.remote.internal.inet.InetAddressFactory] Is this a multicast interface? true
14:16:22.327 [DEBUG] [org.gradle.messaging.remote.internal.inet.InetAddressFactory] Adding loopback multicast interface Intel(R) 82579LM Gigabit Network Connection-WFP LightWeight Filter-0000
14:16:22.328 [DEBUG] [org.gradle.messaging.remote.internal.inet.InetAddressFactory] Adding IP addresses for network interface Intel(R) Centrino(R) Advanced-N 6205-Kaspersky Lab NDIS 6 Filter-0000
14:16:22.330 [DEBUG] [org.gradle.messaging.remote.internal.inet.InetAddressFactory] Is this a loopback interface? false
14:16:22.333 [DEBUG] [org.gradle.messaging.remote.internal.inet.InetAddressFactory] Is this a multicast interface? true
14:16:22.333 [DEBUG] [org.gradle.messaging.remote.internal.inet.InetAddressFactory] Adding loopback multicast interface Intel(R) Centrino(R) Advanced-N 6205-Kaspersky Lab NDIS 6 Filter-0000
14:16:22.333 [DEBUG] [org.gradle.messaging.remote.internal.inet.InetAddressFactory] Adding IP addresses for network interface Intel(R) Centrino(R) Advanced-N 6205-QoS Packet Scheduler-0000
14:16:22.335 [DEBUG] [org.gradle.messaging.remote.internal.inet.InetAddressFactory] Is this a loopback interface? false
14:16:22.337 [DEBUG] [org.gradle.messaging.remote.internal.inet.InetAddressFactory] Is this a multicast interface? true
14:16:22.337 [DEBUG] [org.gradle.messaging.remote.internal.inet.InetAddressFactory] Adding loopback multicast interface Intel(R) Centrino(R) Advanced-N 6205-QoS Packet Scheduler-0000
14:16:22.338 [DEBUG] [org.gradle.messaging.remote.internal.inet.InetAddressFactory] Adding IP addresses for network interface Intel(R) Centrino(R) Advanced-N 6205-Virtual WiFi Filter Driver-0000
14:16:22.340 [DEBUG] [org.gradle.messaging.remote.internal.inet.InetAddressFactory] Is this a loopback interface? false
14:16:22.342 [DEBUG] [org.gradle.messaging.remote.internal.inet.InetAddressFactory] Is this a multicast interface? true
14:16:22.342 [DEBUG] [org.gradle.messaging.remote.internal.inet.InetAddressFactory] Adding loopback multicast interface Intel(R) Centrino(R) Advanced-N 6205-Virtual WiFi Filter Driver-0000
14:16:22.343 [DEBUG] [org.gradle.messaging.remote.internal.inet.InetAddressFactory] Adding IP addresses for network interface WAN Miniport (Network Monitor)-Kaspersky Lab NDIS 6 Filter-0000
14:16:22.345 [DEBUG] [org.gradle.messaging.remote.internal.inet.InetAddressFactory] Is this a loopback interface? false
14:16:22.347 [DEBUG] [org.gradle.messaging.remote.internal.inet.InetAddressFactory] Is this a multicast interface? true
14:16:22.348 [DEBUG] [org.gradle.messaging.remote.internal.inet.InetAddressFactory] Adding loopback multicast interface WAN Miniport (Network Monitor)-Kaspersky Lab NDIS 6 Filter-0000
14:16:22.348 [DEBUG] [org.gradle.messaging.remote.internal.inet.InetAddressFactory] Adding IP addresses for network interface WAN Miniport (Network Monitor)-QoS Packet Scheduler-0000
14:16:22.350 [DEBUG] [org.gradle.messaging.remote.internal.inet.InetAddressFactory] Is this a loopback interface? false
14:16:22.353 [DEBUG] [org.gradle.messaging.remote.internal.inet.InetAddressFactory] Is this a multicast interface? true
14:16:22.353 [DEBUG] [org.gradle.messaging.remote.internal.inet.InetAddressFactory] Adding loopback multicast interface WAN Miniport (Network Monitor)-QoS Packet Scheduler-0000
14:16:22.353 [DEBUG] [org.gradle.messaging.remote.internal.inet.InetAddressFactory] Adding IP addresses for network interface WAN Miniport (IP)-Kaspersky Lab NDIS 6 Filter-0000
14:16:22.355 [DEBUG] [org.gradle.messaging.remote.internal.inet.InetAddressFactory] Is this a loopback interface? false
14:16:22.358 [DEBUG] [org.gradle.messaging.remote.internal.inet.InetAddressFactory] Is this a multicast interface? true
14:16:22.358 [DEBUG] [org.gradle.messaging.remote.internal.inet.InetAddressFactory] Adding loopback multicast interface WAN Miniport (IP)-Kaspersky Lab NDIS 6 Filter-0000
14:16:22.358 [DEBUG] [org.gradle.messaging.remote.internal.inet.InetAddressFactory] Adding IP addresses for network interface WAN Miniport (IP)-QoS Packet Scheduler-0000
14:16:22.361 [DEBUG] [org.gradle.messaging.remote.internal.inet.InetAddressFactory] Is this a loopback interface? false
14:16:22.363 [DEBUG] [org.gradle.messaging.remote.internal.inet.InetAddressFactory] Is this a multicast interface? true
14:16:22.363 [DEBUG] [org.gradle.messaging.remote.internal.inet.InetAddressFactory] Adding loopback multicast interface WAN Miniport (IP)-QoS Packet Scheduler-0000
14:16:22.363 [DEBUG] [org.gradle.messaging.remote.internal.inet.InetAddressFactory] Adding IP addresses for network interface WAN Miniport (IPv6)-Kaspersky Lab NDIS 6 Filter-0000
14:16:22.365 [DEBUG] [org.gradle.messaging.remote.internal.inet.InetAddressFactory] Is this a loopback interface? false
14:16:22.368 [DEBUG] [org.gradle.messaging.remote.internal.inet.InetAddressFactory] Is this a multicast interface? true
14:16:22.368 [DEBUG] [org.gradle.messaging.remote.internal.inet.InetAddressFactory] Adding loopback multicast interface WAN Miniport (IPv6)-Kaspersky Lab NDIS 6 Filter-0000
14:16:22.368 [DEBUG] [org.gradle.messaging.remote.internal.inet.InetAddressFactory] Adding IP addresses for network interface WAN Miniport (IPv6)-QoS Packet Scheduler-0000
14:16:22.370 [DEBUG] [org.gradle.messaging.remote.internal.inet.InetAddressFactory] Is this a loopback interface? false
14:16:22.373 [DEBUG] [org.gradle.messaging.remote.internal.inet.InetAddressFactory] Is this a multicast interface? true
14:16:22.373 [DEBUG] [org.gradle.messaging.remote.internal.inet.InetAddressFactory] Adding loopback multicast interface WAN Miniport (IPv6)-QoS Packet Scheduler-0000
14:16:22.373 [DEBUG] [org.gradle.messaging.remote.internal.inet.InetAddressFactory] Adding IP addresses for network interface Intel(R) Centrino(R) Advanced-N 6205-Native WiFi Filter Driver-0000
14:16:22.375 [DEBUG] [org.gradle.messaging.remote.internal.inet.InetAddressFactory] Is this a loopback interface? false
14:16:22.378 [DEBUG] [org.gradle.messaging.remote.internal.inet.InetAddressFactory] Is this a multicast interface? true
14:16:22.378 [DEBUG] [org.gradle.messaging.remote.internal.inet.InetAddressFactory] Adding loopback multicast interface Intel(R) Centrino(R) Advanced-N 6205-Native WiFi Filter Driver-0000
14:16:22.378 [DEBUG] [org.gradle.messaging.remote.internal.inet.InetAddressFactory] Adding IP addresses for network interface Intel(R) Centrino(R) Advanced-N 6205-WFP LightWeight Filter-0000
14:16:22.380 [DEBUG] [org.gradle.messaging.remote.internal.inet.InetAddressFactory] Is this a loopback interface? false
14:16:22.382 [DEBUG] [org.gradle.messaging.remote.internal.inet.InetAddressFactory] Is this a multicast interface? true
14:16:22.383 [DEBUG] [org.gradle.messaging.remote.internal.inet.InetAddressFactory] Adding loopback multicast interface Intel(R) Centrino(R) Advanced-N 6205-WFP LightWeight Filter-0000
14:16:22.383 [DEBUG] [org.gradle.messaging.remote.internal.inet.InetAddressFactory] Adding IP addresses for network interface Microsoft Virtual WiFi Miniport Adapter #3-Native WiFi Filter Driver-0000
14:16:22.385 [DEBUG] [org.gradle.messaging.remote.internal.inet.InetAddressFactory] Is this a loopback interface? false
14:16:22.387 [DEBUG] [org.gradle.messaging.remote.internal.inet.InetAddressFactory] Is this a multicast interface? true
14:16:22.387 [DEBUG] [org.gradle.messaging.remote.internal.inet.InetAddressFactory] Adding loopback multicast interface Microsoft Virtual WiFi Miniport Adapter #3-Native WiFi Filter Driver-0000
14:16:22.388 [DEBUG] [org.gradle.messaging.remote.internal.inet.InetAddressFactory] Adding IP addresses for network interface Microsoft Virtual WiFi Miniport Adapter #3-Kaspersky Lab NDIS 6 Filter-0000
14:16:22.390 [DEBUG] [org.gradle.messaging.remote.internal.inet.InetAddressFactory] Is this a loopback interface? false
14:16:22.392 [DEBUG] [org.gradle.messaging.remote.internal.inet.InetAddressFactory] Is this a multicast interface? true
14:16:22.392 [DEBUG] [org.gradle.messaging.remote.internal.inet.InetAddressFactory] Adding loopback multicast interface Microsoft Virtual WiFi Miniport Adapter #3-Kaspersky Lab NDIS 6 Filter-0000
14:16:22.393 [DEBUG] [org.gradle.messaging.remote.internal.inet.InetAddressFactory] Adding IP addresses for network interface Microsoft Virtual WiFi Miniport Adapter #3-QoS Packet Scheduler-0000
14:16:22.395 [DEBUG] [org.gradle.messaging.remote.internal.inet.InetAddressFactory] Is this a loopback interface? false
14:16:22.397 [DEBUG] [org.gradle.messaging.remote.internal.inet.InetAddressFactory] Is this a multicast interface? true
14:16:22.397 [DEBUG] [org.gradle.messaging.remote.internal.inet.InetAddressFactory] Adding loopback multicast interface Microsoft Virtual WiFi Miniport Adapter #3-QoS Packet Scheduler-0000
14:16:22.398 [DEBUG] [org.gradle.messaging.remote.internal.inet.InetAddressFactory] Adding IP addresses for network interface Microsoft Virtual WiFi Miniport Adapter #3-WFP LightWeight Filter-0000
14:16:22.400 [DEBUG] [org.gradle.messaging.remote.internal.inet.InetAddressFactory] Is this a loopback interface? false
14:16:22.402 [DEBUG] [org.gradle.messaging.remote.internal.inet.InetAddressFactory] Is this a multicast interface? true
14:16:22.403 [DEBUG] [org.gradle.messaging.remote.internal.inet.InetAddressFactory] Adding loopback multicast interface Microsoft Virtual WiFi Miniport Adapter #3-WFP LightWeight Filter-0000
14:16:22.403 [DEBUG] [org.gradle.messaging.remote.internal.inet.InetAddressFactory] Adding IP addresses for network interface Microsoft Virtual WiFi Miniport Adapter #4-Native WiFi Filter Driver-0000
14:16:22.406 [DEBUG] [org.gradle.messaging.remote.internal.inet.InetAddressFactory] Is this a loopback interface? false
14:16:22.408 [DEBUG] [org.gradle.messaging.remote.internal.inet.InetAddressFactory] Is this a multicast interface? true
14:16:22.408 [DEBUG] [org.gradle.messaging.remote.internal.inet.InetAddressFactory] Adding loopback multicast interface Microsoft Virtual WiFi Miniport Adapter #4-Native WiFi Filter Driver-0000
14:16:22.408 [DEBUG] [org.gradle.messaging.remote.internal.inet.InetAddressFactory] Adding IP addresses for network interface Microsoft Virtual WiFi Miniport Adapter #4-Kaspersky Lab NDIS 6 Filter-0000
14:16:22.411 [DEBUG] [org.gradle.messaging.remote.internal.inet.InetAddressFactory] Is this a loopback interface? false
14:16:22.413 [DEBUG] [org.gradle.messaging.remote.internal.inet.InetAddressFactory] Is this a multicast interface? true
14:16:22.413 [DEBUG] [org.gradle.messaging.remote.internal.inet.InetAddressFactory] Adding loopback multicast interface Microsoft Virtual WiFi Miniport Adapter #4-Kaspersky Lab NDIS 6 Filter-0000
14:16:22.414 [DEBUG] [org.gradle.messaging.remote.internal.inet.InetAddressFactory] Adding IP addresses for network interface Microsoft Virtual WiFi Miniport Adapter #4-QoS Packet Scheduler-0000
14:16:22.416 [DEBUG] [org.gradle.messaging.remote.internal.inet.InetAddressFactory] Is this a loopback interface? false
14:16:22.418 [DEBUG] [org.gradle.messaging.remote.internal.inet.InetAddressFactory] Is this a multicast interface? true
14:16:22.418 [DEBUG] [org.gradle.messaging.remote.internal.inet.InetAddressFactory] Adding loopback multicast interface Microsoft Virtual WiFi Miniport Adapter #4-QoS Packet Scheduler-0000
14:16:22.419 [DEBUG] [org.gradle.messaging.remote.internal.inet.InetAddressFactory] Adding IP addresses for network interface Microsoft Virtual WiFi Miniport Adapter #4-WFP LightWeight Filter-0000
14:16:22.421 [DEBUG] [org.gradle.messaging.remote.internal.inet.InetAddressFactory] Is this a loopback interface? false
14:16:22.423 [DEBUG] [org.gradle.messaging.remote.internal.inet.InetAddressFactory] Is this a multicast interface? true
14:16:22.424 [DEBUG] [org.gradle.messaging.remote.internal.inet.InetAddressFactory] Adding loopback multicast interface Microsoft Virtual WiFi Miniport Adapter #4-WFP LightWeight Filter-0000
14:16:22.462 [DEBUG] [org.gradle.messaging.remote.internal.inet.TcpIncomingConnector] Listening on [bb63e5f3-1f82-459f-a769-6e8a8d5498c4 port:4789, addresses:[/127.0.0.1, /0:0:0:0:0:0:0:1]].
14:16:22.464 [DEBUG] [org.gradle.launcher.daemon.server.Daemon] Daemon starting at: Fri Aug 05 14:16:22 CST 2016, with address: [bb63e5f3-1f82-459f-a769-6e8a8d5498c4 port:4789, addresses:[/127.0.0.1, /0:0:0:0:0:0:0:1]]
14:16:22.465 [INFO] [org.gradle.launcher.daemon.server.DomainRegistryUpdater] Advertising the daemon address to the clients: [bb63e5f3-1f82-459f-a769-6e8a8d5498c4 port:4789, addresses:[/127.0.0.1, /0:0:0:0:0:0:0:1]]
14:16:22.465 [DEBUG] [org.gradle.launcher.daemon.server.DomainRegistryUpdater] Advertised daemon context: DefaultDaemonContext[uid=544eb9a5-9500-4fbb-8535-e1951fd0a2eb,javaHome=C:\service\java\jdk\jdk1.7.0_45,daemonRegistryDir=C:\Users\Lee\.gradle\daemon,pid=10740,idleTimeout=10800000,daemonOpts=-XX:MaxPermSize=256m,-XX:+HeapDumpOnOutOfMemoryError,-Xmx1024m,-Dfile.encoding=GBK,-Duser.country=US,-Duser.language=en,-Duser.variant]
14:16:22.466 [DEBUG] [org.gradle.launcher.daemon.registry.PersistentDaemonRegistry] Storing daemon address: [bb63e5f3-1f82-459f-a769-6e8a8d5498c4 port:4789, addresses:[/127.0.0.1, /0:0:0:0:0:0:0:1]], context: DefaultDaemonContext[uid=544eb9a5-9500-4fbb-8535-e1951fd0a2eb,javaHome=C:\service\java\jdk\jdk1.7.0_45,daemonRegistryDir=C:\Users\Lee\.gradle\daemon,pid=10740,idleTimeout=10800000,daemonOpts=-XX:MaxPermSize=256m,-XX:+HeapDumpOnOutOfMemoryError,-Xmx1024m,-Dfile.encoding=GBK,-Duser.country=US,-Duser.language=en,-Duser.variant]
14:16:22.478 [DEBUG] [org.gradle.cache.internal.DefaultFileLockManager] Waiting to acquire exclusive lock on daemon addresses registry.
14:16:22.480 [DEBUG] [org.gradle.cache.internal.DefaultFileLockManager] Lock acquired.
14:16:22.482 [DEBUG] [org.gradle.cache.internal.DefaultFileLockManager] Releasing lock on daemon addresses registry.
14:16:22.484 [DEBUG] [org.gradle.cache.internal.DefaultFileLockManager] Waiting to acquire exclusive lock on daemon addresses registry.
14:16:22.485 [DEBUG] [org.gradle.cache.internal.DefaultFileLockManager] Lock acquired.
14:16:22.502 [DEBUG] [org.gradle.cache.internal.DefaultFileLockManager] Releasing lock on daemon addresses registry.
14:16:22.502 [LIFECYCLE] [org.gradle.launcher.daemon.server.Daemon] Daemon server started.
14:16:22.505 [DEBUG] [org.gradle.launcher.daemon.bootstrap.DaemonStartupCommunication] Completed writing the daemon greeting. Closing streams...
14:16:22.506 [DEBUG] [org.gradle.launcher.daemon.server.Daemon] requestStopOnIdleTimeout(10800000 MILLISECONDS) called on daemon
14:16:22.506 [DEBUG] [org.gradle.launcher.daemon.server.DaemonStateCoordinator] Idle timeout: waiting for daemon to stop or be idle for 10800000ms
14:16:22.507 [DEBUG] [org.gradle.launcher.daemon.server.DaemonStateCoordinator] Daemon is idle, sleeping until state change or idle timeout at Fri Aug 05 17:16:22 CST 2016
14:16:22.549 [DEBUG] [org.gradle.messaging.remote.internal.inet.TcpIncomingConnector] Accepted connection from /127.0.0.1:4790 to /127.0.0.1:4789.
14:16:22.612 [DEBUG] [org.gradle.launcher.daemon.server.SynchronizedDispatchConnection] thread 14: received class org.gradle.launcher.daemon.protocol.Build
14:16:22.613 [DEBUG] [org.gradle.launcher.daemon.server.DefaultDaemonConnection] Received non-IO message from client: Build{id=701a47d2-e0e9-4860-a908-3fea3e2b8975.1, currentDir=R:\WorkSpace\git\dianjinpai_mobile_android\hwmobile\platforms\android}
14:16:22.613 [INFO] [org.gradle.launcher.daemon.server.DefaultIncomingConnectionHandler] Received command: Build{id=701a47d2-e0e9-4860-a908-3fea3e2b8975.1, currentDir=R:\WorkSpace\git\dianjinpai_mobile_android\hwmobile\platforms\android}.
14:16:22.614 [DEBUG] [org.gradle.launcher.daemon.server.DefaultIncomingConnectionHandler] Starting executing command: Build{id=701a47d2-e0e9-4860-a908-3fea3e2b8975.1, currentDir=R:\WorkSpace\git\dianjinpai_mobile_android\hwmobile\platforms\android} with connection: socket connection from /127.0.0.1:4789 to /127.0.0.1:4790.
14:16:22.624 [DEBUG] [org.gradle.launcher.daemon.server.DaemonStateCoordinator] Command execution: started DaemonCommandExecution[command = Build{id=701a47d2-e0e9-4860-a908-3fea3e2b8975.1, currentDir=R:\WorkSpace\git\dianjinpai_mobile_android\hwmobile\platforms\android}, connection = org.gradle.launcher.daemon.server.DefaultDaemonConnection@a83234a] after 0.0 minutes of idle
14:16:22.624 [INFO] [org.gradle.launcher.daemon.server.DomainRegistryUpdater] Marking the daemon as busy, address: [bb63e5f3-1f82-459f-a769-6e8a8d5498c4 port:4789, addresses:[/127.0.0.1, /0:0:0:0:0:0:0:1]]
14:16:22.625 [DEBUG] [org.gradle.launcher.daemon.registry.PersistentDaemonRegistry] Marking busy by address: [bb63e5f3-1f82-459f-a769-6e8a8d5498c4 port:4789, addresses:[/127.0.0.1, /0:0:0:0:0:0:0:1]]
14:16:22.626 [DEBUG] [org.gradle.cache.internal.DefaultFileLockManager] Waiting to acquire exclusive lock on daemon addresses registry.
14:16:22.626 [DEBUG] [org.gradle.cache.internal.DefaultFileLockManager] Lock acquired.
14:16:22.630 [DEBUG] [org.gradle.cache.internal.DefaultFileLockManager] Releasing lock on daemon addresses registry.
14:16:22.630 [DEBUG] [org.gradle.launcher.daemon.server.DaemonStateCoordinator] updating lastActivityAt to 1470377782630
14:16:22.631 [DEBUG] [org.gradle.launcher.daemon.server.DaemonStateCoordinator] Daemon is busy, sleeping until state changes.
14:16:22.631 [INFO] [org.gradle.launcher.daemon.server.exec.StartBuildOrRespondWithBusy] Daemon is about to start building Build{id=701a47d2-e0e9-4860-a908-3fea3e2b8975.1, currentDir=R:\WorkSpace\git\dianjinpai_mobile_android\hwmobile\platforms\android}. Dispatching build started information...
14:16:22.632 [DEBUG] [org.gradle.launcher.daemon.server.SynchronizedDispatchConnection] thread 16: dispatching class org.gradle.launcher.daemon.protocol.BuildStarted
14:16:22.636 [DEBUG] [org.gradle.launcher.daemon.server.exec.EstablishBuildEnvironment] Configuring env variables: {USERPROFILE=C:\Users\Lee, ProgramData=C:\ProgramData, PATHEXT=.COM;.EXE;.BAT;.CMD;.VBS;.VBE;.JS;.JSE;.WSF;.WSH;.MSC, windows_tracing_logfile=C:\BVTBin\Tests\installpackage\csilogfile.log, TFS_DIR=C:\Program Files\ThinkVantage Fingerprint Software\, ProgramFiles(x86)=C:\Program Files (x86), windows_tracing_flags=3, TEMP=C:\Users\Lee\AppData\Local\Temp, SystemDrive=C:, MOZ_PLUGIN_PATH=C:\Program Files (x86)\Foxit Software\Foxit Reader\plugins\, ProgramFiles=C:\Program Files, Path=c:\service\java\jdk\jdk1.7.0_45\\bin;C:\Program Files (x86)\Intel\iCLS Client\;C:\Program Files\Intel\iCLS Client\;C:\windows\system32;C:\windows;C:\windows\System32\Wbem;C:\windows\System32\WindowsPowerShell\v1.0\;C:\Program Files\Intel\Intel(R) Management Engine Components\DAL;C:\Program Files\Intel\Intel(R) Management Engine Components\IPT;C:\Program Files (x86)\Intel\Intel(R) Management Engine Components\DAL;C:\Program Files (x86)\Intel\Intel(R) Management Engine Components\IPT;C:\Program Files (x86)\Intel\OpenCL SDK\2.0\bin\x86;C:\Program Files (x86)\Intel\OpenCL SDK\2.0\bin\x64;C:\Program Files\Intel\WiFi\bin\;C:\Program Files\Common Files\Intel\WirelessCommon\;C:\Program Files (x86)\Microsoft SQL Server\100\Tools\Binn\;C:\Program Files\Microsoft SQL Server\100\Tools\Binn\;C:\Program Files\Microsoft SQL Server\100\DTS\Binn\;C:\Program Files (x86)\Microsoft SQL Server\100\Tools\Binn\VSShell\Common7\IDE\;C:\Program Files (x86)\Microsoft SQL Server\100\DTS\Binn\;D:\Programs\ant\apache-ant-1.9.7\bin;D:\Programs\maven\apache-maven-3.3.9\bin;C:\Program Files\Intel\WiFi\bin\;C:\Program Files\Common Files\Intel\WirelessCommon\, HOMEDRIVE=C:, java_home=c:\service\java\jdk\jdk1.7.0_45\, PROCESSOR_REVISION=3a09, USERDOMAIN=Lee-PC, ALLUSERSPROFILE=C:\ProgramData, ProgramW6432=C:\Program Files, PROCESSOR_IDENTIFIER=Intel64 Family 6 Model 58 Stepping 9, GenuineIntel, m2_home=D:\Programs\maven\apache-maven-3.3.9, SESSIONNAME=Console, ant_home=D:\Programs\ant\apache-ant-1.9.7, TMP=C:\Users\Lee\AppData\Local\Temp, CommonProgramFiles=C:\Program Files\Common Files, =::=::\, LOGONSERVER=\\LEE-PC, PROCESSOR_ARCHITECTURE=AMD64, FP_NO_HOST_CHECK=NO, OS=Windows_NT, HOMEPATH=\Users\Lee, VS100COMNTOOLS=C:\Program Files (x86)\Microsoft Visual Studio 10.0\Common7\Tools\, PROCESSOR_LEVEL=6, CommonProgramW6432=C:\Program Files\Common Files, class_path=.;c:\service\java\jdk\jdk1.7.0_45\\lib\dt.jar;c:\service\java\jdk\jdk1.7.0_45\\lib\tools.jar;, LOCALAPPDATA=C:\Users\Lee\AppData\Local, COMPUTERNAME=LEE-PC, windir=C:\windows, SystemRoot=C:\windows, NUMBER_OF_PROCESSORS=4, USERNAME=Lee, PUBLIC=C:\Users\Public, PSModulePath=C:\windows\system32\WindowsPowerShell\v1.0\Modules\, COMMPath=C:\Program Files\Lenovo\Communications Utility, CommonProgramFiles(x86)=C:\Program Files (x86)\Common Files, ComSpec=C:\windows\system32\cmd.exe, APPDATA=C:\Users\Lee\AppData\Roaming}
14:16:22.651 [DEBUG] [org.gradle.launcher.daemon.server.SynchronizedDispatchConnection] thread 14: received class org.gradle.launcher.daemon.protocol.CloseInput
14:16:22.651 [DEBUG] [org.gradle.launcher.daemon.server.DefaultDaemonConnection] Received IO message from client: org.gradle.launcher.daemon.protocol.CloseInput@759a12cb
14:16:22.651 [DEBUG] [org.gradle.launcher.daemon.server.exec.LogToClient] About to start relaying all logs to the client via the connection.
14:16:22.652 [INFO] [org.gradle.launcher.daemon.server.exec.LogToClient] The client will now receive all logging from the daemon (pid: 10740). The daemon log file: C:\Users\Lee\.gradle\daemon\2.8\daemon-10740.out.log
14:16:22.660 [INFO] [org.gradle.launcher.daemon.server.health.DaemonHealthTracker] Starting build in new daemon [memory: 954.7 MB]
14:16:22.661 [INFO] [org.gradle.launcher.daemon.server.exec.ForwardClientInput] Closing daemon's stdin at end of input.
14:16:22.661 [INFO] [org.gradle.launcher.daemon.server.exec.ForwardClientInput] The daemon will no longer process any standard input.
14:16:22.664 [DEBUG] [org.gradle.launcher.daemon.server.exec.ExecuteBuild] The daemon has started executing the build.
14:16:22.664 [INFO] [org.gradle.launcher.daemon.server.exec.ExecuteBuild] Executing build with daemon context: DefaultDaemonContext[uid=544eb9a5-9500-4fbb-8535-e1951fd0a2eb,javaHome=C:\service\java\jdk\jdk1.7.0_45,daemonRegistryDir=C:\Users\Lee\.gradle\daemon,pid=10740,idleTimeout=10800000,daemonOpts=-XX:MaxPermSize=256m,-XX:+HeapDumpOnOutOfMemoryError,-Xmx1024m,-Dfile.encoding=GBK,-Duser.country=US,-Duser.language=en,-Duser.variant]
14:16:23.097 [DEBUG] [org.gradle.internal.nativeintegration.services.NativeServices] Native-platform posix files is not available.  Continuing with fallback.
14:16:23.266 [INFO] [org.gradle.tooling.internal.provider.DefaultPayloadClassLoaderRegistry] Creating ClassLoader fb0a74c3-bba0-42d0-9bee-5131308f486e from [Spec classpath:[file:/C:/Program%20Files/Android/Android%20Studio/plugins/gradle/lib/gradle-tooling-api-2.2.jar, file:/C:/Program%20Files/Android/Android%20Studio/plugins/gradle/lib/guava-jdk5-17.0.jar, file:/C:/Program%20Files/Android/Android%20Studio/plugins/gradle/lib/gradle-base-services-2.2.jar, file:/C:/Program%20Files/Android/Android%20Studio/plugins/gradle/lib/gradle-tooling-extension-api.jar, file:/C:/Program%20Files/Android/Android%20Studio/lib/openapi.jar, file:/C:/Program%20Files/Android/Android%20Studio/plugins/android/lib/builder-model-1.5.0-beta2.jar, file:/C:/Program%20Files/Android/Android%20Studio/plugins/google-cloud-tools-core/lib/gradle-appengine-builder-model-0.1.0.jar]] and [org.gradle.internal.classloader.FilteringClassLoader@66fae200].
14:16:23.269 [DEBUG] [org.gradle.cache.internal.DefaultFileLockManager] Waiting to acquire exclusive lock on jars (C:\Users\Lee\.gradle\caches\jars-1).
14:16:23.269 [DEBUG] [org.gradle.cache.internal.DefaultFileLockManager] Lock acquired.
14:16:23.269 [DEBUG] [org.gradle.cache.internal.DefaultPersistentDirectoryCache] Invalidating org.gradle.cache.internal.DefaultPersistentDirectoryCache$Initializer@37a64f71 as it was not closed cleanly.
14:16:23.277 [DEBUG] [org.gradle.cache.internal.locklistener.DefaultFileLockContentionHandler] Starting file lock listener thread.

FAILURE: Build failed with an exception.

* What went wrong:
A problem occurred configuring root project 'android'.
> failed to find target with hash string 'android-21' in: C:\service\android\sdk

* Try:
Run with --stacktrace option to get the stack trace. Run with --info or --debug option to get more log output.

BUILD FAILED

Total time: 14.918 secs
14:16:34.421 [DEBUG] [org.gradle.cache.internal.DefaultFileLockManager] Releasing lock on cp_init class cache for initialization script 'C:\Users\Lee\AppData\Local\Temp\asLocalRepo1.gradle' (C:\Users\Lee\.gradle\caches\2.8\scripts\asLocalRepo1_3szan64jymkf7oto26svridqx\cp_init).
14:16:34.422 [DEBUG] [org.gradle.cache.internal.DefaultFileLockManager] Releasing lock on init class cache for initialization script 'C:\Users\Lee\AppData\Local\Temp\asLocalRepo1.gradle' (C:\Users\Lee\.gradle\caches\2.8\scripts\asLocalRepo1_3szan64jymkf7oto26svridqx\init).
14:16:34.423 [DEBUG] [org.gradle.cache.internal.DefaultFileLockManager] Releasing lock on cp_init class cache for initialization script 'C:\Users\Lee\AppData\Local\Temp\ijinit0.gradle' (C:\Users\Lee\.gradle\caches\2.8\scripts\ijinit0_b9rzskt5wyxpwzh96zk39a7d7\cp_init).
14:16:34.423 [DEBUG] [org.gradle.cache.internal.DefaultFileLockManager] Releasing lock on init class cache for initialization script 'C:\Users\Lee\AppData\Local\Temp\ijinit0.gradle' (C:\Users\Lee\.gradle\caches\2.8\scripts\ijinit0_b9rzskt5wyxpwzh96zk39a7d7\init).
14:16:34.423 [DEBUG] [org.gradle.cache.internal.DefaultFileLockManager] Releasing lock on cp_settings class cache for settings file 'R:\WorkSpace\git\dianjinpai_mobile_android\hwmobile\platforms\android\settings.gradle' (C:\Users\Lee\.gradle\caches\2.8\scripts\settings_ebh7zkhenxl6bkudaikm6ffzg\cp_settings).
14:16:34.424 [DEBUG] [org.gradle.cache.internal.DefaultFileLockManager] Releasing lock on settings class cache for settings file 'R:\WorkSpace\git\dianjinpai_mobile_android\hwmobile\platforms\android\settings.gradle' (C:\Users\Lee\.gradle\caches\2.8\scripts\settings_ebh7zkhenxl6bkudaikm6ffzg\settings).
14:16:34.424 [DEBUG] [org.gradle.cache.internal.DefaultFileLockManager] Releasing lock on cp_proj class cache for build file 'R:\WorkSpace\git\dianjinpai_mobile_android\hwmobile\platforms\android\build.gradle' (C:\Users\Lee\.gradle\caches\2.8\scripts\build_wbfjc3sd7zdput6j03rjms42\cp_proj).
14:16:34.425 [DEBUG] [org.gradle.cache.internal.DefaultFileLockManager] Releasing lock on proj class cache for build file 'R:\WorkSpace\git\dianjinpai_mobile_android\hwmobile\platforms\android\build.gradle' (C:\Users\Lee\.gradle\caches\2.8\scripts\build_wbfjc3sd7zdput6j03rjms42\proj).
14:16:34.425 [DEBUG] [org.gradle.cache.internal.DefaultFileLockManager] Releasing lock on cp_dsl class cache for script 'R:\WorkSpace\git\dianjinpai_mobile_android\hwmobile\platforms\android\CordovaLib\cordova.gradle' (C:\Users\Lee\.gradle\caches\2.8\scripts\cordova_7tg297i2quqpozm7njfbhwbkr\cp_dsl).
14:16:34.426 [DEBUG] [org.gradle.cache.internal.DefaultFileLockManager] Releasing lock on dsl class cache for script 'R:\WorkSpace\git\dianjinpai_mobile_android\hwmobile\platforms\android\CordovaLib\cordova.gradle' (C:\Users\Lee\.gradle\caches\2.8\scripts\cordova_7tg297i2quqpozm7njfbhwbkr\dsl).
14:16:34.426 [DEBUG] [org.gradle.cache.internal.DefaultFileLockManager] Releasing lock on jars (C:\Users\Lee\.gradle\caches\jars-1).
14:16:34.428 [DEBUG] [org.gradle.api.internal.artifacts.ivyservice.resolveengine.store.CachedStoreFactory] Resolved configuration cache closed. Cache reads: 0, disk reads: 0 (avg: 0.0 secs, total: 0.0 secs)
14:16:34.428 [DEBUG] [org.gradle.api.internal.artifacts.ivyservice.resolveengine.store.CachedStoreFactory] Resolution result cache closed. Cache reads: 0, disk reads: 0 (avg: 0.0 secs, total: 0.0 secs)
14:16:34.429 [DEBUG] [org.gradle.api.internal.artifacts.ivyservice.resolveengine.store.ResolutionResultsStoreFactory] Deleted 2 resolution results binary files in 0.002 secs
14:16:34.430 [DEBUG] [org.gradle.api.internal.artifacts.ivyservice.ivyresolve.memcache.InMemoryCachedRepositoryFactory] In-memory dependency metadata cache closed. Repos cached: 2, cache instances: 2, modules served from cache: 32, artifacts: 32
14:16:34.430 [DEBUG] [org.gradle.cache.internal.DefaultFileLockManager] Releasing lock on artifact cache (C:\Users\Lee\.gradle\caches\modules-2).
14:16:34.431 [DEBUG] [org.gradle.cache.internal.DefaultCacheAccess] Cache Plugin Resolution Cache (C:\Users\Lee\.gradle\caches\2.8\plugin-resolution) was closed 0 times.
14:16:34.432 [DEBUG] [org.gradle.api.internal.tasks.compile.daemon.CompilerDaemonManager] Stopping 0 compiler daemon(s).
14:16:34.432 [INFO] [org.gradle.api.internal.tasks.compile.daemon.CompilerDaemonManager] Stopped 0 compiler daemon(s).
14:16:34.433 [DEBUG] [org.gradle.launcher.daemon.server.exec.ExecuteBuild] The daemon has finished executing the build.
14:16:34.883 [DEBUG] [org.gradle.launcher.daemon.server.DaemonStateCoordinator] Daemon is busy, sleeping until state changes.
14:16:34.884 [DEBUG] [org.gradle.launcher.daemon.server.DaemonStateCoordinator] Command execution: finished waiting for DaemonCommandExecution[command = Build{id=701a47d2-e0e9-4860-a908-3fea3e2b8975.1, currentDir=R:\WorkSpace\git\dianjinpai_mobile_android\hwmobile\platforms\android}, connection = org.gradle.launcher.daemon.server.DefaultDaemonConnection@a83234a]. Result org.gradle.launcher.daemon.server.DaemonStateCoordinator@3d0acb4c with state Running
14:16:34.884 [DEBUG] [org.gradle.launcher.daemon.server.DaemonStateCoordinator] Command execution: completed DaemonCommandExecution[command = Build{id=701a47d2-e0e9-4860-a908-3fea3e2b8975.1, currentDir=R:\WorkSpace\git\dianjinpai_mobile_android\hwmobile\platforms\android}, connection = org.gradle.launcher.daemon.server.DefaultDaemonConnection@a83234a]
14:16:34.885 [DEBUG] [org.gradle.launcher.daemon.server.DaemonStateCoordinator] updating lastActivityAt to 1470377794885
14:16:34.885 [INFO] [org.gradle.launcher.daemon.server.DomainRegistryUpdater] Marking the daemon as idle, address: [bb63e5f3-1f82-459f-a769-6e8a8d5498c4 port:4789, addresses:[/127.0.0.1, /0:0:0:0:0:0:0:1]]
14:16:34.886 [DEBUG] [org.gradle.launcher.daemon.registry.PersistentDaemonRegistry] Marking idle by address: [bb63e5f3-1f82-459f-a769-6e8a8d5498c4 port:4789, addresses:[/127.0.0.1, /0:0:0:0:0:0:0:1]]
14:16:34.887 [DEBUG] [org.gradle.cache.internal.DefaultFileLockManager] Waiting to acquire exclusive lock on daemon addresses registry.
14:16:34.888 [DEBUG] [org.gradle.cache.internal.DefaultFileLockManager] Lock acquired.
14:16:34.892 [DEBUG] [org.gradle.cache.internal.DefaultFileLockManager] Releasing lock on daemon addresses registry.
14:16:34.893 [DEBUG] [org.gradle.launcher.daemon.server.exec.ReturnResult] Daemon is dispatching the build result: Failure[value=org.gradle.initialization.ReportedException: org.gradle.internal.exceptions.LocationAwareException: A problem occurred configuring root project 'android'.]
14:16:34.894 [DEBUG] [org.gradle.launcher.daemon.server.SynchronizedDispatchConnection] thread 13: dispatching class org.gradle.launcher.daemon.protocol.Failure
14:16:34.898 [DEBUG] [org.gradle.launcher.daemon.server.DaemonStateCoordinator] Daemon is idle, sleeping until state change or idle timeout at Fri Aug 05 17:16:34 CST 2016
14:16:34.932 [DEBUG] [org.gradle.launcher.daemon.server.DefaultIncomingConnectionHandler] Finishing executing command: Build{id=701a47d2-e0e9-4860-a908-3fea3e2b8975.1, currentDir=R:\WorkSpace\git\dianjinpai_mobile_android\hwmobile\platforms\android}
14:16:34.978 [DEBUG] [org.gradle.launcher.daemon.server.SynchronizedDispatchConnection] thread 14: received class org.gradle.launcher.daemon.protocol.Finished
14:16:34.979 [DEBUG] [org.gradle.launcher.daemon.server.DefaultDaemonConnection] Received non-IO message from client: org.gradle.launcher.daemon.protocol.Finished@4526fb6a
14:16:34.979 [DEBUG] [org.gradle.messaging.remote.internal.inet.SocketConnection] Discarding EOFException: java.io.EOFException
14:16:34.980 [DEBUG] [org.gradle.launcher.daemon.server.SynchronizedDispatchConnection] thread 14: received null
14:16:34.980 [DEBUG] [org.gradle.launcher.daemon.server.DefaultDaemonConnection] Received end-of-input from client.
14:16:35.011 [DEBUG] [org.gradle.launcher.daemon.server.DefaultIncomingConnectionHandler] Received finished message: null
14:16:35.012 [DEBUG] [org.gradle.launcher.daemon.server.SynchronizedDispatchConnection] thread 13: stopping connection
14:16:35.016 [DEBUG] [org.gradle.launcher.daemon.server.SynchronizedDispatchConnection] thread 13: stopping connection
14:16:46.285 [DEBUG] [org.gradle.messaging.remote.internal.inet.TcpIncomingConnector] Accepted connection from /127.0.0.1:4806 to /127.0.0.1:4789.
14:16:46.299 [DEBUG] [org.gradle.launcher.daemon.server.SynchronizedDispatchConnection] thread 19: received class org.gradle.launcher.daemon.protocol.Build
14:16:46.300 [DEBUG] [org.gradle.launcher.daemon.server.DefaultDaemonConnection] Received non-IO message from client: Build{id=4a43f35a-32ed-42d7-8db5-442c41f80622.1, currentDir=R:\WorkSpace\git\dianjinpai_mobile_android\hwmobile\platforms\android}
14:16:46.300 [INFO] [org.gradle.launcher.daemon.server.DefaultIncomingConnectionHandler] Received command: Build{id=4a43f35a-32ed-42d7-8db5-442c41f80622.1, currentDir=R:\WorkSpace\git\dianjinpai_mobile_android\hwmobile\platforms\android}.
14:16:46.300 [DEBUG] [org.gradle.launcher.daemon.server.DefaultIncomingConnectionHandler] Starting executing command: Build{id=4a43f35a-32ed-42d7-8db5-442c41f80622.1, currentDir=R:\WorkSpace\git\dianjinpai_mobile_android\hwmobile\platforms\android} with connection: socket connection from /127.0.0.1:4789 to /127.0.0.1:4806.
14:16:46.301 [DEBUG] [org.gradle.launcher.daemon.server.DaemonStateCoordinator] Command execution: started DaemonCommandExecution[command = Build{id=4a43f35a-32ed-42d7-8db5-442c41f80622.1, currentDir=R:\WorkSpace\git\dianjinpai_mobile_android\hwmobile\platforms\android}, connection = org.gradle.launcher.daemon.server.DefaultDaemonConnection@58218a30] after 0.0 minutes of idle
14:16:46.301 [INFO] [org.gradle.launcher.daemon.server.DomainRegistryUpdater] Marking the daemon as busy, address: [bb63e5f3-1f82-459f-a769-6e8a8d5498c4 port:4789, addresses:[/127.0.0.1, /0:0:0:0:0:0:0:1]]
14:16:46.302 [DEBUG] [org.gradle.launcher.daemon.registry.PersistentDaemonRegistry] Marking busy by address: [bb63e5f3-1f82-459f-a769-6e8a8d5498c4 port:4789, addresses:[/127.0.0.1, /0:0:0:0:0:0:0:1]]
14:16:46.302 [DEBUG] [org.gradle.cache.internal.DefaultFileLockManager] Waiting to acquire exclusive lock on daemon addresses registry.
14:16:46.302 [DEBUG] [org.gradle.cache.internal.DefaultFileLockManager] Lock acquired.
14:16:46.305 [DEBUG] [org.gradle.cache.internal.DefaultFileLockManager] Releasing lock on daemon addresses registry.
14:16:46.305 [DEBUG] [org.gradle.launcher.daemon.server.DaemonStateCoordinator] updating lastActivityAt to 1470377806305
14:16:46.306 [DEBUG] [org.gradle.launcher.daemon.server.DaemonStateCoordinator] Daemon is busy, sleeping until state changes.
14:16:46.307 [INFO] [org.gradle.launcher.daemon.server.exec.StartBuildOrRespondWithBusy] Daemon is about to start building Build{id=4a43f35a-32ed-42d7-8db5-442c41f80622.1, currentDir=R:\WorkSpace\git\dianjinpai_mobile_android\hwmobile\platforms\android}. Dispatching build started information...
14:16:46.307 [DEBUG] [org.gradle.launcher.daemon.server.SynchronizedDispatchConnection] thread 16: dispatching class org.gradle.launcher.daemon.protocol.BuildStarted
14:16:46.311 [DEBUG] [org.gradle.launcher.daemon.server.exec.EstablishBuildEnvironment] Configuring env variables: {USERPROFILE=C:\Users\Lee, ProgramData=C:\ProgramData, PATHEXT=.COM;.EXE;.BAT;.CMD;.VBS;.VBE;.JS;.JSE;.WSF;.WSH;.MSC, windows_tracing_logfile=C:\BVTBin\Tests\installpackage\csilogfile.log, TFS_DIR=C:\Program Files\ThinkVantage Fingerprint Software\, ProgramFiles(x86)=C:\Program Files (x86), windows_tracing_flags=3, TEMP=C:\Users\Lee\AppData\Local\Temp, SystemDrive=C:, MOZ_PLUGIN_PATH=C:\Program Files (x86)\Foxit Software\Foxit Reader\plugins\, ProgramFiles=C:\Program Files, Path=c:\service\java\jdk\jdk1.7.0_45\\bin;C:\Program Files (x86)\Intel\iCLS Client\;C:\Program Files\Intel\iCLS Client\;C:\windows\system32;C:\windows;C:\windows\System32\Wbem;C:\windows\System32\WindowsPowerShell\v1.0\;C:\Program Files\Intel\Intel(R) Management Engine Components\DAL;C:\Program Files\Intel\Intel(R) Management Engine Components\IPT;C:\Program Files (x86)\Intel\Intel(R) Management Engine Components\DAL;C:\Program Files (x86)\Intel\Intel(R) Management Engine Components\IPT;C:\Program Files (x86)\Intel\OpenCL SDK\2.0\bin\x86;C:\Program Files (x86)\Intel\OpenCL SDK\2.0\bin\x64;C:\Program Files\Intel\WiFi\bin\;C:\Program Files\Common Files\Intel\WirelessCommon\;C:\Program Files (x86)\Microsoft SQL Server\100\Tools\Binn\;C:\Program Files\Microsoft SQL Server\100\Tools\Binn\;C:\Program Files\Microsoft SQL Server\100\DTS\Binn\;C:\Program Files (x86)\Microsoft SQL Server\100\Tools\Binn\VSShell\Common7\IDE\;C:\Program Files (x86)\Microsoft SQL Server\100\DTS\Binn\;D:\Programs\ant\apache-ant-1.9.7\bin;D:\Programs\maven\apache-maven-3.3.9\bin;C:\Program Files\Intel\WiFi\bin\;C:\Program Files\Common Files\Intel\WirelessCommon\, HOMEDRIVE=C:, java_home=c:\service\java\jdk\jdk1.7.0_45\, PROCESSOR_REVISION=3a09, USERDOMAIN=Lee-PC, ALLUSERSPROFILE=C:\ProgramData, ProgramW6432=C:\Program Files, PROCESSOR_IDENTIFIER=Intel64 Family 6 Model 58 Stepping 9, GenuineIntel, m2_home=D:\Programs\maven\apache-maven-3.3.9, SESSIONNAME=Console, ant_home=D:\Programs\ant\apache-ant-1.9.7, TMP=C:\Users\Lee\AppData\Local\Temp, CommonProgramFiles=C:\Program Files\Common Files, =::=::\, LOGONSERVER=\\LEE-PC, PROCESSOR_ARCHITECTURE=AMD64, FP_NO_HOST_CHECK=NO, OS=Windows_NT, HOMEPATH=\Users\Lee, VS100COMNTOOLS=C:\Program Files (x86)\Microsoft Visual Studio 10.0\Common7\Tools\, PROCESSOR_LEVEL=6, CommonProgramW6432=C:\Program Files\Common Files, class_path=.;c:\service\java\jdk\jdk1.7.0_45\\lib\dt.jar;c:\service\java\jdk\jdk1.7.0_45\\lib\tools.jar;, LOCALAPPDATA=C:\Users\Lee\AppData\Local, COMPUTERNAME=LEE-PC, windir=C:\windows, SystemRoot=C:\windows, NUMBER_OF_PROCESSORS=4, USERNAME=Lee, PUBLIC=C:\Users\Public, PSModulePath=C:\windows\system32\WindowsPowerShell\v1.0\Modules\, COMMPath=C:\Program Files\Lenovo\Communications Utility, CommonProgramFiles(x86)=C:\Program Files (x86)\Common Files, ComSpec=C:\windows\system32\cmd.exe, APPDATA=C:\Users\Lee\AppData\Roaming}
14:16:46.313 [DEBUG] [org.gradle.launcher.daemon.server.exec.LogToClient] About to start relaying all logs to the client via the connection.
14:16:46.313 [INFO] [org.gradle.launcher.daemon.server.exec.LogToClient] The client will now receive all logging from the daemon (pid: 10740). The daemon log file: C:\Users\Lee\.gradle\daemon\2.8\daemon-10740.out.log
14:16:46.314 [INFO] [org.gradle.launcher.daemon.server.health.DaemonHealthTracker] Starting 2nd build in daemon [uptime: 24.287 secs, performance: 99%, memory: 44% of 954.7 MB]
14:16:46.314 [DEBUG] [org.gradle.launcher.daemon.server.exec.ExecuteBuild] The daemon has started executing the build.
14:16:46.315 [INFO] [org.gradle.launcher.daemon.server.exec.ExecuteBuild] Executing build with daemon context: DefaultDaemonContext[uid=544eb9a5-9500-4fbb-8535-e1951fd0a2eb,javaHome=C:\service\java\jdk\jdk1.7.0_45,daemonRegistryDir=C:\Users\Lee\.gradle\daemon,pid=10740,idleTimeout=10800000,daemonOpts=-XX:MaxPermSize=256m,-XX:+HeapDumpOnOutOfMemoryError,-Xmx1024m,-Dfile.encoding=GBK,-Duser.country=US,-Duser.language=en,-Duser.variant]

FAILURE: Build failed with an exception.

* What went wrong:
A problem occurred configuring root project 'android'.
> failed to find target with hash string 'android-21' in: C:\service\android\sdk

* Try:
Run with --stacktrace option to get the stack trace. Run with --info or --debug option to get more log output.

BUILD FAILED

Total time: 0.898 secs
14:16:47.161 [DEBUG] [org.gradle.cache.internal.DefaultFileLockManager] Releasing lock on cp_init class cache for initialization script 'C:\Users\Lee\AppData\Local\Temp\asLocalRepo2.gradle' (C:\Users\Lee\.gradle\caches\2.8\scripts\asLocalRepo2_3q0wrndnc56s39aihu8fn4o8u\cp_init).
14:16:47.161 [DEBUG] [org.gradle.cache.internal.DefaultFileLockManager] Releasing lock on init class cache for initialization script 'C:\Users\Lee\AppData\Local\Temp\asLocalRepo2.gradle' (C:\Users\Lee\.gradle\caches\2.8\scripts\asLocalRepo2_3q0wrndnc56s39aihu8fn4o8u\init).
14:16:47.161 [DEBUG] [org.gradle.cache.internal.DefaultFileLockManager] Releasing lock on cp_init class cache for initialization script 'C:\Users\Lee\AppData\Local\Temp\ijinit1.gradle' (C:\Users\Lee\.gradle\caches\2.8\scripts\ijinit1_arac7ksltxwwe868d0xajwx8g\cp_init).
14:16:47.162 [DEBUG] [org.gradle.cache.internal.DefaultFileLockManager] Releasing lock on init class cache for initialization script 'C:\Users\Lee\AppData\Local\Temp\ijinit1.gradle' (C:\Users\Lee\.gradle\caches\2.8\scripts\ijinit1_arac7ksltxwwe868d0xajwx8g\init).
14:16:47.162 [DEBUG] [org.gradle.cache.internal.DefaultFileLockManager] Releasing lock on cp_settings class cache for settings file 'R:\WorkSpace\git\dianjinpai_mobile_android\hwmobile\platforms\android\settings.gradle' (C:\Users\Lee\.gradle\caches\2.8\scripts\settings_ebh7zkhenxl6bkudaikm6ffzg\cp_settings).
14:16:47.163 [DEBUG] [org.gradle.cache.internal.DefaultFileLockManager] Releasing lock on settings class cache for settings file 'R:\WorkSpace\git\dianjinpai_mobile_android\hwmobile\platforms\android\settings.gradle' (C:\Users\Lee\.gradle\caches\2.8\scripts\settings_ebh7zkhenxl6bkudaikm6ffzg\settings).
14:16:47.164 [DEBUG] [org.gradle.cache.internal.DefaultFileLockManager] Releasing lock on cp_proj class cache for build file 'R:\WorkSpace\git\dianjinpai_mobile_android\hwmobile\platforms\android\build.gradle' (C:\Users\Lee\.gradle\caches\2.8\scripts\build_wbfjc3sd7zdput6j03rjms42\cp_proj).
14:16:47.164 [DEBUG] [org.gradle.cache.internal.DefaultFileLockManager] Releasing lock on proj class cache for build file 'R:\WorkSpace\git\dianjinpai_mobile_android\hwmobile\platforms\android\build.gradle' (C:\Users\Lee\.gradle\caches\2.8\scripts\build_wbfjc3sd7zdput6j03rjms42\proj).
14:16:47.164 [DEBUG] [org.gradle.cache.internal.DefaultFileLockManager] Releasing lock on cp_dsl class cache for script 'R:\WorkSpace\git\dianjinpai_mobile_android\hwmobile\platforms\android\CordovaLib\cordova.gradle' (C:\Users\Lee\.gradle\caches\2.8\scripts\cordova_7tg297i2quqpozm7njfbhwbkr\cp_dsl).
14:16:47.165 [DEBUG] [org.gradle.cache.internal.DefaultFileLockManager] Releasing lock on dsl class cache for script 'R:\WorkSpace\git\dianjinpai_mobile_android\hwmobile\platforms\android\CordovaLib\cordova.gradle' (C:\Users\Lee\.gradle\caches\2.8\scripts\cordova_7tg297i2quqpozm7njfbhwbkr\dsl).
14:16:47.165 [DEBUG] [org.gradle.cache.internal.DefaultCacheAccess] Cache jars (C:\Users\Lee\.gradle\caches\jars-1) was closed 0 times.
14:16:47.166 [DEBUG] [org.gradle.api.internal.artifacts.ivyservice.resolveengine.store.CachedStoreFactory] Resolved configuration cache closed. Cache reads: 0, disk reads: 0 (avg: 0.0 secs, total: 0.0 secs)
14:16:47.166 [DEBUG] [org.gradle.api.internal.artifacts.ivyservice.resolveengine.store.CachedStoreFactory] Resolution result cache closed. Cache reads: 0, disk reads: 0 (avg: 0.0 secs, total: 0.0 secs)
14:16:47.167 [DEBUG] [org.gradle.api.internal.artifacts.ivyservice.resolveengine.store.ResolutionResultsStoreFactory] Deleted 2 resolution results binary files in 0.002 secs
14:16:47.167 [DEBUG] [org.gradle.api.internal.artifacts.ivyservice.ivyresolve.memcache.InMemoryCachedRepositoryFactory] In-memory dependency metadata cache closed. Repos cached: 2, cache instances: 2, modules served from cache: 32, artifacts: 32
14:16:47.168 [DEBUG] [org.gradle.cache.internal.DefaultFileLockManager] Releasing lock on artifact cache (C:\Users\Lee\.gradle\caches\modules-2).
14:16:47.168 [DEBUG] [org.gradle.cache.internal.DefaultCacheAccess] Cache Plugin Resolution Cache (C:\Users\Lee\.gradle\caches\2.8\plugin-resolution) was closed 0 times.
14:16:47.169 [DEBUG] [org.gradle.api.internal.tasks.compile.daemon.CompilerDaemonManager] Stopping 0 compiler daemon(s).
14:16:47.169 [INFO] [org.gradle.api.internal.tasks.compile.daemon.CompilerDaemonManager] Stopped 0 compiler daemon(s).
14:16:47.171 [DEBUG] [org.gradle.launcher.daemon.server.exec.ExecuteBuild] The daemon has finished executing the build.
14:16:47.174 [DEBUG] [org.gradle.launcher.daemon.server.DaemonStateCoordinator] Command execution: finished waiting for DaemonCommandExecution[command = Build{id=4a43f35a-32ed-42d7-8db5-442c41f80622.1, currentDir=R:\WorkSpace\git\dianjinpai_mobile_android\hwmobile\platforms\android}, connection = org.gradle.launcher.daemon.server.DefaultDaemonConnection@58218a30]. Result org.gradle.launcher.daemon.server.DaemonStateCoordinator@3d0acb4c with state Running
14:16:47.174 [DEBUG] [org.gradle.launcher.daemon.server.DaemonStateCoordinator] Command execution: completed DaemonCommandExecution[command = Build{id=4a43f35a-32ed-42d7-8db5-442c41f80622.1, currentDir=R:\WorkSpace\git\dianjinpai_mobile_android\hwmobile\platforms\android}, connection = org.gradle.launcher.daemon.server.DefaultDaemonConnection@58218a30]
14:16:47.175 [DEBUG] [org.gradle.launcher.daemon.server.DaemonStateCoordinator] updating lastActivityAt to 1470377807175
14:16:47.175 [INFO] [org.gradle.launcher.daemon.server.DomainRegistryUpdater] Marking the daemon as idle, address: [bb63e5f3-1f82-459f-a769-6e8a8d5498c4 port:4789, addresses:[/127.0.0.1, /0:0:0:0:0:0:0:1]]
14:16:47.175 [DEBUG] [org.gradle.launcher.daemon.registry.PersistentDaemonRegistry] Marking idle by address: [bb63e5f3-1f82-459f-a769-6e8a8d5498c4 port:4789, addresses:[/127.0.0.1, /0:0:0:0:0:0:0:1]]
14:16:47.176 [DEBUG] [org.gradle.cache.internal.DefaultFileLockManager] Waiting to acquire exclusive lock on daemon addresses registry.
14:16:47.177 [DEBUG] [org.gradle.cache.internal.DefaultFileLockManager] Lock acquired.
14:16:47.180 [DEBUG] [org.gradle.cache.internal.DefaultFileLockManager] Releasing lock on daemon addresses registry.
14:16:47.181 [DEBUG] [org.gradle.launcher.daemon.server.DaemonStateCoordinator] Daemon is idle, sleeping until state change or idle timeout at Fri Aug 05 17:16:47 CST 2016
14:16:47.181 [DEBUG] [org.gradle.launcher.daemon.server.exec.ReturnResult] Daemon is dispatching the build result: Failure[value=org.gradle.initialization.ReportedException: org.gradle.internal.exceptions.LocationAwareException: A problem occurred configuring root project 'android'.]
14:16:47.181 [DEBUG] [org.gradle.launcher.daemon.server.SynchronizedDispatchConnection] thread 13: dispatching class org.gradle.launcher.daemon.protocol.Failure
14:16:47.195 [DEBUG] [org.gradle.launcher.daemon.server.DefaultIncomingConnectionHandler] Finishing executing command: Build{id=4a43f35a-32ed-42d7-8db5-442c41f80622.1, currentDir=R:\WorkSpace\git\dianjinpai_mobile_android\hwmobile\platforms\android}
14:16:47.205 [DEBUG] [org.gradle.launcher.daemon.server.SynchronizedDispatchConnection] thread 19: received class org.gradle.launcher.daemon.protocol.Finished
14:16:47.206 [DEBUG] [org.gradle.launcher.daemon.server.DefaultDaemonConnection] Received non-IO message from client: org.gradle.launcher.daemon.protocol.Finished@586d017c
14:16:47.206 [DEBUG] [org.gradle.launcher.daemon.server.DefaultIncomingConnectionHandler] Received finished message: org.gradle.launcher.daemon.protocol.Finished@586d017c
14:16:47.206 [DEBUG] [org.gradle.messaging.remote.internal.inet.SocketConnection] Discarding EOFException: java.io.EOFException
14:16:47.206 [DEBUG] [org.gradle.launcher.daemon.server.SynchronizedDispatchConnection] thread 13: stopping connection
14:16:47.207 [DEBUG] [org.gradle.launcher.daemon.server.SynchronizedDispatchConnection] thread 19: received null
14:16:47.207 [DEBUG] [org.gradle.launcher.daemon.server.DefaultDaemonConnection] Received end-of-input from client.
14:16:47.208 [DEBUG] [org.gradle.launcher.daemon.server.SynchronizedDispatchConnection] thread 13: stopping connection
14:37:23.739 [DEBUG] [org.gradle.messaging.remote.internal.inet.TcpIncomingConnector] Accepted connection from /127.0.0.1:5481 to /127.0.0.1:4789.
14:37:23.745 [DEBUG] [org.gradle.launcher.daemon.server.SynchronizedDispatchConnection] thread 23: received class org.gradle.launcher.daemon.protocol.StopWhenIdle
14:37:23.745 [DEBUG] [org.gradle.launcher.daemon.server.DefaultDaemonConnection] Received non-IO message from client: StopWhenIdle[id=b79a4b77-29ca-43f3-8c81-636e001d7426.1]
14:37:23.746 [INFO] [org.gradle.launcher.daemon.server.DefaultIncomingConnectionHandler] Received command: StopWhenIdle[id=b79a4b77-29ca-43f3-8c81-636e001d7426.1].
14:37:23.746 [DEBUG] [org.gradle.launcher.daemon.server.DefaultIncomingConnectionHandler] Starting executing command: StopWhenIdle[id=b79a4b77-29ca-43f3-8c81-636e001d7426.1] with connection: socket connection from /127.0.0.1:4789 to /127.0.0.1:5481.
14:37:23.746 [DEBUG] [org.gradle.launcher.daemon.server.DaemonStateCoordinator] Stop as soon as idle requested. The daemon is busy: false
14:37:23.747 [DEBUG] [org.gradle.launcher.daemon.server.DaemonStateCoordinator] Marking daemon stopped due to stop requested and daemon idle. The daemon is running a build: false
14:37:23.747 [DEBUG] [org.gradle.launcher.daemon.server.SynchronizedDispatchConnection] thread 22: dispatching class org.gradle.launcher.daemon.protocol.Success
14:37:23.750 [DEBUG] [org.gradle.launcher.daemon.server.DefaultIncomingConnectionHandler] Finishing executing command: StopWhenIdle[id=b79a4b77-29ca-43f3-8c81-636e001d7426.1]
14:37:23.750 [DEBUG] [org.gradle.launcher.daemon.server.DaemonStateCoordinator] Idle timeout: daemon has stopped.
14:37:23.750 [DEBUG] [org.gradle.launcher.daemon.server.Daemon] stop() called on daemon
14:37:23.750 [INFO] [org.gradle.launcher.daemon.server.Daemon] Stop requested. Daemon is removing its presence from the registry...
14:37:23.751 [DEBUG] [org.gradle.launcher.daemon.server.DomainRegistryUpdater] Removing our presence to clients, eg. removing this address from the registry: [bb63e5f3-1f82-459f-a769-6e8a8d5498c4 port:4789, addresses:[/127.0.0.1, /0:0:0:0:0:0:0:1]]
14:37:23.751 [DEBUG] [org.gradle.launcher.daemon.registry.PersistentDaemonRegistry] Removing daemon address: [bb63e5f3-1f82-459f-a769-6e8a8d5498c4 port:4789, addresses:[/127.0.0.1, /0:0:0:0:0:0:0:1]]
14:37:23.752 [DEBUG] [org.gradle.cache.internal.DefaultFileLockManager] Waiting to acquire exclusive lock on daemon addresses registry.
14:37:23.753 [DEBUG] [org.gradle.cache.internal.DefaultFileLockManager] Lock acquired.
14:37:23.755 [DEBUG] [org.gradle.cache.internal.DefaultFileLockManager] Releasing lock on daemon addresses registry.
14:37:23.755 [DEBUG] [org.gradle.launcher.daemon.server.DomainRegistryUpdater] Address removed from registry.
14:37:23.757 [DEBUG] [org.gradle.launcher.daemon.server.SynchronizedDispatchConnection] thread 23: received class org.gradle.launcher.daemon.protocol.Finished
14:37:23.757 [DEBUG] [org.gradle.launcher.daemon.server.DefaultDaemonConnection] Received non-IO message from client: org.gradle.launcher.daemon.protocol.Finished@33a54337
14:37:23.757 [DEBUG] [org.gradle.messaging.remote.internal.inet.SocketConnection] Discarding EOFException: java.io.EOFException
14:37:23.757 [DEBUG] [org.gradle.launcher.daemon.server.SynchronizedDispatchConnection] thread 23: received null
14:37:23.758 [DEBUG] [org.gradle.launcher.daemon.server.DefaultDaemonConnection] Received end-of-input from client.
14:37:23.758 [DEBUG] [org.gradle.launcher.daemon.server.DefaultIncomingConnectionHandler] Received finished message: null
14:37:23.758 [DEBUG] [org.gradle.launcher.daemon.server.SynchronizedDispatchConnection] thread 22: stopping connection
14:37:23.760 [DEBUG] [org.gradle.launcher.daemon.server.SynchronizedDispatchConnection] thread 22: stopping connection
Daemon vm is shutting down... The daemon has exited normally or was terminated in response to a user interrupt.
14:37:23.762 [DEBUG] [org.gradle.launcher.daemon.registry.PersistentDaemonRegistry] Removing daemon address: [bb63e5f3-1f82-459f-a769-6e8a8d5498c4 port:4789, addresses:[/127.0.0.1, /0:0:0:0:0:0:0:1]]
14:37:23.763 [DEBUG] [org.gradle.cache.internal.DefaultFileLockManager] Waiting to acquire exclusive lock on daemon addresses registry.
14:37:23.763 [DEBUG] [org.gradle.cache.internal.DefaultFileLockManager] Lock acquired.
14:37:23.767 [DEBUG] [org.gradle.cache.internal.DefaultFileLockManager] Releasing lock on daemon addresses registry.
