14:38:14.462 [INFO] [org.gradle.launcher.daemon.server.Daemon] start() called on daemon - DefaultDaemonContext[uid=470d18c4-4d1c-44f5-8bc1-bc7f84a1a43c,javaHome=C:\service\java\jdk\jdk1.7.0_45,daemonRegistryDir=C:\Users\Lee\.gradle\daemon,pid=8456,idleTimeout=10800000,daemonOpts=-XX:MaxPermSize=256m,-XX:+HeapDumpOnOutOfMemoryError,-Xmx1024m,-Dfile.encoding=GBK,-Duser.country=US,-Duser.language=en,-Duser.variant]
14:38:14.465 [DEBUG] [org.gradle.launcher.daemon.server.DaemonStateCoordinator] updating lastActivityAt to 1470379094465
14:38:14.612 [DEBUG] [org.gradle.messaging.remote.internal.inet.InetAddressFactory] Adding IP addresses for network interface Software Loopback Interface 1
14:38:14.615 [DEBUG] [org.gradle.messaging.remote.internal.inet.InetAddressFactory] Is this a loopback interface? true
14:38:14.617 [DEBUG] [org.gradle.messaging.remote.internal.inet.InetAddressFactory] Is this a multicast interface? true
14:38:14.618 [DEBUG] [org.gradle.messaging.remote.internal.inet.InetAddressFactory] Adding loopback address /127.0.0.1
14:38:14.618 [DEBUG] [org.gradle.messaging.remote.internal.inet.InetAddressFactory] Adding loopback address /0:0:0:0:0:0:0:1
14:38:14.619 [DEBUG] [org.gradle.messaging.remote.internal.inet.InetAddressFactory] Adding loopback multicast interface Software Loopback Interface 1
14:38:14.619 [DEBUG] [org.gradle.messaging.remote.internal.inet.InetAddressFactory] Adding IP addresses for network interface WAN Miniport (SSTP)
14:38:14.621 [DEBUG] [org.gradle.messaging.remote.internal.inet.InetAddressFactory] Is this a loopback interface? false
14:38:14.624 [DEBUG] [org.gradle.messaging.remote.internal.inet.InetAddressFactory] Is this a multicast interface? true
14:38:14.624 [DEBUG] [org.gradle.messaging.remote.internal.inet.InetAddressFactory] Adding loopback multicast interface WAN Miniport (SSTP)
14:38:14.624 [DEBUG] [org.gradle.messaging.remote.internal.inet.InetAddressFactory] Adding IP addresses for network interface WAN Miniport (L2TP)
14:38:14.627 [DEBUG] [org.gradle.messaging.remote.internal.inet.InetAddressFactory] Is this a loopback interface? false
14:38:14.629 [DEBUG] [org.gradle.messaging.remote.internal.inet.InetAddressFactory] Is this a multicast interface? true
14:38:14.630 [DEBUG] [org.gradle.messaging.remote.internal.inet.InetAddressFactory] Adding loopback multicast interface WAN Miniport (L2TP)
14:38:14.630 [DEBUG] [org.gradle.messaging.remote.internal.inet.InetAddressFactory] Adding IP addresses for network interface WAN Miniport (PPTP)
14:38:14.632 [DEBUG] [org.gradle.messaging.remote.internal.inet.InetAddressFactory] Is this a loopback interface? false
14:38:14.635 [DEBUG] [org.gradle.messaging.remote.internal.inet.InetAddressFactory] Is this a multicast interface? true
14:38:14.635 [DEBUG] [org.gradle.messaging.remote.internal.inet.InetAddressFactory] Adding loopback multicast interface WAN Miniport (PPTP)
14:38:14.635 [DEBUG] [org.gradle.messaging.remote.internal.inet.InetAddressFactory] Adding IP addresses for network interface WAN Miniport (PPPOE)
14:38:14.637 [DEBUG] [org.gradle.messaging.remote.internal.inet.InetAddressFactory] Is this a loopback interface? false
14:38:14.640 [DEBUG] [org.gradle.messaging.remote.internal.inet.InetAddressFactory] Is this a multicast interface? true
14:38:14.640 [DEBUG] [org.gradle.messaging.remote.internal.inet.InetAddressFactory] Adding loopback multicast interface WAN Miniport (PPPOE)
14:38:14.641 [DEBUG] [org.gradle.messaging.remote.internal.inet.InetAddressFactory] Adding IP addresses for network interface WAN Miniport (IPv6)
14:38:14.643 [DEBUG] [org.gradle.messaging.remote.internal.inet.InetAddressFactory] Is this a loopback interface? false
14:38:14.645 [DEBUG] [org.gradle.messaging.remote.internal.inet.InetAddressFactory] Is this a multicast interface? true
14:38:14.646 [DEBUG] [org.gradle.messaging.remote.internal.inet.InetAddressFactory] Adding loopback multicast interface WAN Miniport (IPv6)
14:38:14.646 [DEBUG] [org.gradle.messaging.remote.internal.inet.InetAddressFactory] Adding IP addresses for network interface WAN Miniport (Network Monitor)
14:38:14.648 [DEBUG] [org.gradle.messaging.remote.internal.inet.InetAddressFactory] Is this a loopback interface? false
14:38:14.651 [DEBUG] [org.gradle.messaging.remote.internal.inet.InetAddressFactory] Is this a multicast interface? true
14:38:14.651 [DEBUG] [org.gradle.messaging.remote.internal.inet.InetAddressFactory] Adding loopback multicast interface WAN Miniport (Network Monitor)
14:38:14.651 [DEBUG] [org.gradle.messaging.remote.internal.inet.InetAddressFactory] Adding IP addresses for network interface WAN Miniport (IP)
14:38:14.654 [DEBUG] [org.gradle.messaging.remote.internal.inet.InetAddressFactory] Is this a loopback interface? false
14:38:14.656 [DEBUG] [org.gradle.messaging.remote.internal.inet.InetAddressFactory] Is this a multicast interface? true
14:38:14.657 [DEBUG] [org.gradle.messaging.remote.internal.inet.InetAddressFactory] Adding loopback multicast interface WAN Miniport (IP)
14:38:14.657 [DEBUG] [org.gradle.messaging.remote.internal.inet.InetAddressFactory] Adding IP addresses for network interface RAS Async Adapter
14:38:14.660 [DEBUG] [org.gradle.messaging.remote.internal.inet.InetAddressFactory] Is this a loopback interface? false
14:38:14.662 [DEBUG] [org.gradle.messaging.remote.internal.inet.InetAddressFactory] Is this a multicast interface? true
14:38:14.662 [DEBUG] [org.gradle.messaging.remote.internal.inet.InetAddressFactory] Adding loopback multicast interface RAS Async Adapter
14:38:14.663 [DEBUG] [org.gradle.messaging.remote.internal.inet.InetAddressFactory] Adding IP addresses for network interface WAN Miniport (IKEv2)
14:38:14.665 [DEBUG] [org.gradle.messaging.remote.internal.inet.InetAddressFactory] Is this a loopback interface? false
14:38:14.668 [DEBUG] [org.gradle.messaging.remote.internal.inet.InetAddressFactory] Is this a multicast interface? true
14:38:14.668 [DEBUG] [org.gradle.messaging.remote.internal.inet.InetAddressFactory] Adding loopback multicast interface WAN Miniport (IKEv2)
14:38:14.668 [DEBUG] [org.gradle.messaging.remote.internal.inet.InetAddressFactory] Adding IP addresses for network interface Intel(R) 82579LM Gigabit Network Connection
14:38:14.670 [DEBUG] [org.gradle.messaging.remote.internal.inet.InetAddressFactory] Is this a loopback interface? false
14:38:14.673 [DEBUG] [org.gradle.messaging.remote.internal.inet.InetAddressFactory] Is this a multicast interface? true
14:38:14.673 [DEBUG] [org.gradle.messaging.remote.internal.inet.InetAddressFactory] Adding remote address /fe80:0:0:0:9c7f:8253:343d:fba%11
14:38:14.674 [DEBUG] [org.gradle.messaging.remote.internal.inet.InetAddressFactory] Adding remote multicast interface Intel(R) 82579LM Gigabit Network Connection
14:38:14.674 [DEBUG] [org.gradle.messaging.remote.internal.inet.InetAddressFactory] Adding IP addresses for network interface Intel(R) Centrino(R) Wireless-N 2200
14:38:14.676 [DEBUG] [org.gradle.messaging.remote.internal.inet.InetAddressFactory] Is this a loopback interface? false
14:38:14.679 [DEBUG] [org.gradle.messaging.remote.internal.inet.InetAddressFactory] Is this a multicast interface? true
14:38:14.679 [DEBUG] [org.gradle.messaging.remote.internal.inet.InetAddressFactory] Adding loopback multicast interface Intel(R) Centrino(R) Wireless-N 2200
14:38:14.679 [DEBUG] [org.gradle.messaging.remote.internal.inet.InetAddressFactory] Adding IP addresses for network interface Microsoft Virtual WiFi Miniport Adapter
14:38:14.682 [DEBUG] [org.gradle.messaging.remote.internal.inet.InetAddressFactory] Is this a loopback interface? false
14:38:14.684 [DEBUG] [org.gradle.messaging.remote.internal.inet.InetAddressFactory] Is this a multicast interface? true
14:38:14.685 [DEBUG] [org.gradle.messaging.remote.internal.inet.InetAddressFactory] Adding loopback multicast interface Microsoft Virtual WiFi Miniport Adapter
14:38:14.685 [DEBUG] [org.gradle.messaging.remote.internal.inet.InetAddressFactory] Adding IP addresses for network interface Microsoft Virtual WiFi Miniport Adapter #2
14:38:14.688 [DEBUG] [org.gradle.messaging.remote.internal.inet.InetAddressFactory] Is this a loopback interface? false
14:38:14.690 [DEBUG] [org.gradle.messaging.remote.internal.inet.InetAddressFactory] Is this a multicast interface? true
14:38:14.691 [DEBUG] [org.gradle.messaging.remote.internal.inet.InetAddressFactory] Adding loopback multicast interface Microsoft Virtual WiFi Miniport Adapter #2
14:38:14.691 [DEBUG] [org.gradle.messaging.remote.internal.inet.InetAddressFactory] Adding IP addresses for network interface Intel(R) Centrino(R) Advanced-N 6205
14:38:14.693 [DEBUG] [org.gradle.messaging.remote.internal.inet.InetAddressFactory] Is this a loopback interface? false
14:38:14.696 [DEBUG] [org.gradle.messaging.remote.internal.inet.InetAddressFactory] Is this a multicast interface? true
14:38:14.696 [DEBUG] [org.gradle.messaging.remote.internal.inet.InetAddressFactory] Adding remote address /10.4.0.51
14:38:14.696 [DEBUG] [org.gradle.messaging.remote.internal.inet.InetAddressFactory] Adding remote address /fe80:0:0:0:ed99:ced3:187:7cbf%15
14:38:14.697 [DEBUG] [org.gradle.messaging.remote.internal.inet.InetAddressFactory] Adding remote multicast interface Intel(R) Centrino(R) Advanced-N 6205
14:38:14.697 [DEBUG] [org.gradle.messaging.remote.internal.inet.InetAddressFactory] Adding IP addresses for network interface Microsoft Virtual WiFi Miniport Adapter #3
14:38:14.700 [DEBUG] [org.gradle.messaging.remote.internal.inet.InetAddressFactory] Is this a loopback interface? false
14:38:14.702 [DEBUG] [org.gradle.messaging.remote.internal.inet.InetAddressFactory] Is this a multicast interface? true
14:38:14.702 [DEBUG] [org.gradle.messaging.remote.internal.inet.InetAddressFactory] Adding remote address /fe80:0:0:0:64d6:edc8:79f6:d957%16
14:38:14.703 [DEBUG] [org.gradle.messaging.remote.internal.inet.InetAddressFactory] Adding remote multicast interface Microsoft Virtual WiFi Miniport Adapter #3
14:38:14.703 [DEBUG] [org.gradle.messaging.remote.internal.inet.InetAddressFactory] Adding IP addresses for network interface Microsoft Virtual WiFi Miniport Adapter #4
14:38:14.705 [DEBUG] [org.gradle.messaging.remote.internal.inet.InetAddressFactory] Is this a loopback interface? false
14:38:14.707 [DEBUG] [org.gradle.messaging.remote.internal.inet.InetAddressFactory] Is this a multicast interface? true
14:38:14.707 [DEBUG] [org.gradle.messaging.remote.internal.inet.InetAddressFactory] Adding remote address /fe80:0:0:0:b418:c3fb:64ff:c028%17
14:38:14.707 [DEBUG] [org.gradle.messaging.remote.internal.inet.InetAddressFactory] Adding remote multicast interface Microsoft Virtual WiFi Miniport Adapter #4
14:38:14.708 [DEBUG] [org.gradle.messaging.remote.internal.inet.InetAddressFactory] Adding IP addresses for network interface Teredo Tunneling Pseudo-Interface
14:38:14.710 [DEBUG] [org.gradle.messaging.remote.internal.inet.InetAddressFactory] Is this a loopback interface? false
14:38:14.713 [DEBUG] [org.gradle.messaging.remote.internal.inet.InetAddressFactory] Is this a multicast interface? false
14:38:14.713 [DEBUG] [org.gradle.messaging.remote.internal.inet.InetAddressFactory] Adding remote address /2001:0:dca5:8ae:2062:2fa:f5fb:ffcc
14:38:14.713 [DEBUG] [org.gradle.messaging.remote.internal.inet.InetAddressFactory] Adding remote address /fe80:0:0:0:2062:2fa:f5fb:ffcc%18
14:38:14.713 [DEBUG] [org.gradle.messaging.remote.internal.inet.InetAddressFactory] Adding IP addresses for network interface VMware Virtual Ethernet Adapter for VMnet1
14:38:14.716 [DEBUG] [org.gradle.messaging.remote.internal.inet.InetAddressFactory] Is this a loopback interface? false
14:38:14.718 [DEBUG] [org.gradle.messaging.remote.internal.inet.InetAddressFactory] Is this a multicast interface? true
14:38:14.718 [DEBUG] [org.gradle.messaging.remote.internal.inet.InetAddressFactory] Adding remote address /192.168.154.1
14:38:14.719 [DEBUG] [org.gradle.messaging.remote.internal.inet.InetAddressFactory] Adding remote address /fe80:0:0:0:e003:5269:18f8:658b%19
14:38:14.719 [DEBUG] [org.gradle.messaging.remote.internal.inet.InetAddressFactory] Adding remote multicast interface VMware Virtual Ethernet Adapter for VMnet1
14:38:14.719 [DEBUG] [org.gradle.messaging.remote.internal.inet.InetAddressFactory] Adding IP addresses for network interface VMware Virtual Ethernet Adapter for VMnet8
14:38:14.722 [DEBUG] [org.gradle.messaging.remote.internal.inet.InetAddressFactory] Is this a loopback interface? false
14:38:14.724 [DEBUG] [org.gradle.messaging.remote.internal.inet.InetAddressFactory] Is this a multicast interface? true
14:38:14.724 [DEBUG] [org.gradle.messaging.remote.internal.inet.InetAddressFactory] Adding remote address /192.168.221.1
14:38:14.725 [DEBUG] [org.gradle.messaging.remote.internal.inet.InetAddressFactory] Adding remote address /fe80:0:0:0:356d:33e7:f0e2:4cb8%20
14:38:14.725 [DEBUG] [org.gradle.messaging.remote.internal.inet.InetAddressFactory] Adding remote multicast interface VMware Virtual Ethernet Adapter for VMnet8
14:38:14.725 [DEBUG] [org.gradle.messaging.remote.internal.inet.InetAddressFactory] Adding IP addresses for network interface Microsoft ISATAP Adapter #4
14:38:14.727 [DEBUG] [org.gradle.messaging.remote.internal.inet.InetAddressFactory] Is this a loopback interface? false
14:38:14.730 [DEBUG] [org.gradle.messaging.remote.internal.inet.InetAddressFactory] Is this a multicast interface? false
14:38:14.730 [DEBUG] [org.gradle.messaging.remote.internal.inet.InetAddressFactory] Adding remote address /fe80:0:0:0:0:5efe:c0a8:dd01%21
14:38:14.730 [DEBUG] [org.gradle.messaging.remote.internal.inet.InetAddressFactory] Adding IP addresses for network interface Microsoft ISATAP Adapter
14:38:14.733 [DEBUG] [org.gradle.messaging.remote.internal.inet.InetAddressFactory] Is this a loopback interface? false
14:38:14.735 [DEBUG] [org.gradle.messaging.remote.internal.inet.InetAddressFactory] Is this a multicast interface? false
14:38:14.736 [DEBUG] [org.gradle.messaging.remote.internal.inet.InetAddressFactory] Adding IP addresses for network interface Microsoft ISATAP Adapter #3
14:38:14.738 [DEBUG] [org.gradle.messaging.remote.internal.inet.InetAddressFactory] Is this a loopback interface? false
14:38:14.740 [DEBUG] [org.gradle.messaging.remote.internal.inet.InetAddressFactory] Is this a multicast interface? false
14:38:14.740 [DEBUG] [org.gradle.messaging.remote.internal.inet.InetAddressFactory] Adding IP addresses for network interface Microsoft ISATAP Adapter #6
14:38:14.743 [DEBUG] [org.gradle.messaging.remote.internal.inet.InetAddressFactory] Is this a loopback interface? false
14:38:14.745 [DEBUG] [org.gradle.messaging.remote.internal.inet.InetAddressFactory] Is this a multicast interface? false
14:38:14.745 [DEBUG] [org.gradle.messaging.remote.internal.inet.InetAddressFactory] Adding remote address /fe80:0:0:0:0:5efe:a04:33%24
14:38:14.746 [DEBUG] [org.gradle.messaging.remote.internal.inet.InetAddressFactory] Adding IP addresses for network interface Microsoft ISATAP Adapter #2
14:38:14.748 [DEBUG] [org.gradle.messaging.remote.internal.inet.InetAddressFactory] Is this a loopback interface? false
14:38:14.751 [DEBUG] [org.gradle.messaging.remote.internal.inet.InetAddressFactory] Is this a multicast interface? false
14:38:14.751 [DEBUG] [org.gradle.messaging.remote.internal.inet.InetAddressFactory] Adding IP addresses for network interface Microsoft ISATAP Adapter #5
14:38:14.753 [DEBUG] [org.gradle.messaging.remote.internal.inet.InetAddressFactory] Is this a loopback interface? false
14:38:14.756 [DEBUG] [org.gradle.messaging.remote.internal.inet.InetAddressFactory] Is this a multicast interface? false
14:38:14.756 [DEBUG] [org.gradle.messaging.remote.internal.inet.InetAddressFactory] Adding IP addresses for network interface Intel(R) 82579LM Gigabit Network Connection-Kaspersky Lab NDIS 6 Filter-0000
14:38:14.758 [DEBUG] [org.gradle.messaging.remote.internal.inet.InetAddressFactory] Is this a loopback interface? false
14:38:14.761 [DEBUG] [org.gradle.messaging.remote.internal.inet.InetAddressFactory] Is this a multicast interface? true
14:38:14.761 [DEBUG] [org.gradle.messaging.remote.internal.inet.InetAddressFactory] Adding loopback multicast interface Intel(R) 82579LM Gigabit Network Connection-Kaspersky Lab NDIS 6 Filter-0000
14:38:14.761 [DEBUG] [org.gradle.messaging.remote.internal.inet.InetAddressFactory] Adding IP addresses for network interface Intel(R) 82579LM Gigabit Network Connection-QoS Packet Scheduler-0000
14:38:14.764 [DEBUG] [org.gradle.messaging.remote.internal.inet.InetAddressFactory] Is this a loopback interface? false
14:38:14.766 [DEBUG] [org.gradle.messaging.remote.internal.inet.InetAddressFactory] Is this a multicast interface? true
14:38:14.766 [DEBUG] [org.gradle.messaging.remote.internal.inet.InetAddressFactory] Adding loopback multicast interface Intel(R) 82579LM Gigabit Network Connection-QoS Packet Scheduler-0000
14:38:14.767 [DEBUG] [org.gradle.messaging.remote.internal.inet.InetAddressFactory] Adding IP addresses for network interface Intel(R) 82579LM Gigabit Network Connection-WFP LightWeight Filter-0000
14:38:14.769 [DEBUG] [org.gradle.messaging.remote.internal.inet.InetAddressFactory] Is this a loopback interface? false
14:38:14.772 [DEBUG] [org.gradle.messaging.remote.internal.inet.InetAddressFactory] Is this a multicast interface? true
14:38:14.772 [DEBUG] [org.gradle.messaging.remote.internal.inet.InetAddressFactory] Adding loopback multicast interface Intel(R) 82579LM Gigabit Network Connection-WFP LightWeight Filter-0000
14:38:14.772 [DEBUG] [org.gradle.messaging.remote.internal.inet.InetAddressFactory] Adding IP addresses for network interface Intel(R) Centrino(R) Advanced-N 6205-Kaspersky Lab NDIS 6 Filter-0000
14:38:14.775 [DEBUG] [org.gradle.messaging.remote.internal.inet.InetAddressFactory] Is this a loopback interface? false
14:38:14.777 [DEBUG] [org.gradle.messaging.remote.internal.inet.InetAddressFactory] Is this a multicast interface? true
14:38:14.777 [DEBUG] [org.gradle.messaging.remote.internal.inet.InetAddressFactory] Adding loopback multicast interface Intel(R) Centrino(R) Advanced-N 6205-Kaspersky Lab NDIS 6 Filter-0000
14:38:14.777 [DEBUG] [org.gradle.messaging.remote.internal.inet.InetAddressFactory] Adding IP addresses for network interface Intel(R) Centrino(R) Advanced-N 6205-QoS Packet Scheduler-0000
14:38:14.780 [DEBUG] [org.gradle.messaging.remote.internal.inet.InetAddressFactory] Is this a loopback interface? false
14:38:14.782 [DEBUG] [org.gradle.messaging.remote.internal.inet.InetAddressFactory] Is this a multicast interface? true
14:38:14.783 [DEBUG] [org.gradle.messaging.remote.internal.inet.InetAddressFactory] Adding loopback multicast interface Intel(R) Centrino(R) Advanced-N 6205-QoS Packet Scheduler-0000
14:38:14.783 [DEBUG] [org.gradle.messaging.remote.internal.inet.InetAddressFactory] Adding IP addresses for network interface Intel(R) Centrino(R) Advanced-N 6205-Virtual WiFi Filter Driver-0000
14:38:14.785 [DEBUG] [org.gradle.messaging.remote.internal.inet.InetAddressFactory] Is this a loopback interface? false
14:38:14.788 [DEBUG] [org.gradle.messaging.remote.internal.inet.InetAddressFactory] Is this a multicast interface? true
14:38:14.788 [DEBUG] [org.gradle.messaging.remote.internal.inet.InetAddressFactory] Adding loopback multicast interface Intel(R) Centrino(R) Advanced-N 6205-Virtual WiFi Filter Driver-0000
14:38:14.789 [DEBUG] [org.gradle.messaging.remote.internal.inet.InetAddressFactory] Adding IP addresses for network interface WAN Miniport (Network Monitor)-Kaspersky Lab NDIS 6 Filter-0000
14:38:14.791 [DEBUG] [org.gradle.messaging.remote.internal.inet.InetAddressFactory] Is this a loopback interface? false
14:38:14.794 [DEBUG] [org.gradle.messaging.remote.internal.inet.InetAddressFactory] Is this a multicast interface? true
14:38:14.794 [DEBUG] [org.gradle.messaging.remote.internal.inet.InetAddressFactory] Adding loopback multicast interface WAN Miniport (Network Monitor)-Kaspersky Lab NDIS 6 Filter-0000
14:38:14.794 [DEBUG] [org.gradle.messaging.remote.internal.inet.InetAddressFactory] Adding IP addresses for network interface WAN Miniport (Network Monitor)-QoS Packet Scheduler-0000
14:38:14.797 [DEBUG] [org.gradle.messaging.remote.internal.inet.InetAddressFactory] Is this a loopback interface? false
14:38:14.799 [DEBUG] [org.gradle.messaging.remote.internal.inet.InetAddressFactory] Is this a multicast interface? true
14:38:14.800 [DEBUG] [org.gradle.messaging.remote.internal.inet.InetAddressFactory] Adding loopback multicast interface WAN Miniport (Network Monitor)-QoS Packet Scheduler-0000
14:38:14.800 [DEBUG] [org.gradle.messaging.remote.internal.inet.InetAddressFactory] Adding IP addresses for network interface WAN Miniport (IP)-Kaspersky Lab NDIS 6 Filter-0000
14:38:14.802 [DEBUG] [org.gradle.messaging.remote.internal.inet.InetAddressFactory] Is this a loopback interface? false
14:38:14.805 [DEBUG] [org.gradle.messaging.remote.internal.inet.InetAddressFactory] Is this a multicast interface? true
14:38:14.805 [DEBUG] [org.gradle.messaging.remote.internal.inet.InetAddressFactory] Adding loopback multicast interface WAN Miniport (IP)-Kaspersky Lab NDIS 6 Filter-0000
14:38:14.806 [DEBUG] [org.gradle.messaging.remote.internal.inet.InetAddressFactory] Adding IP addresses for network interface WAN Miniport (IP)-QoS Packet Scheduler-0000
14:38:14.808 [DEBUG] [org.gradle.messaging.remote.internal.inet.InetAddressFactory] Is this a loopback interface? false
14:38:14.811 [DEBUG] [org.gradle.messaging.remote.internal.inet.InetAddressFactory] Is this a multicast interface? true
14:38:14.811 [DEBUG] [org.gradle.messaging.remote.internal.inet.InetAddressFactory] Adding loopback multicast interface WAN Miniport (IP)-QoS Packet Scheduler-0000
14:38:14.811 [DEBUG] [org.gradle.messaging.remote.internal.inet.InetAddressFactory] Adding IP addresses for network interface WAN Miniport (IPv6)-Kaspersky Lab NDIS 6 Filter-0000
14:38:14.814 [DEBUG] [org.gradle.messaging.remote.internal.inet.InetAddressFactory] Is this a loopback interface? false
14:38:14.816 [DEBUG] [org.gradle.messaging.remote.internal.inet.InetAddressFactory] Is this a multicast interface? true
14:38:14.817 [DEBUG] [org.gradle.messaging.remote.internal.inet.InetAddressFactory] Adding loopback multicast interface WAN Miniport (IPv6)-Kaspersky Lab NDIS 6 Filter-0000
14:38:14.817 [DEBUG] [org.gradle.messaging.remote.internal.inet.InetAddressFactory] Adding IP addresses for network interface WAN Miniport (IPv6)-QoS Packet Scheduler-0000
14:38:14.819 [DEBUG] [org.gradle.messaging.remote.internal.inet.InetAddressFactory] Is this a loopback interface? false
14:38:14.822 [DEBUG] [org.gradle.messaging.remote.internal.inet.InetAddressFactory] Is this a multicast interface? true
14:38:14.822 [DEBUG] [org.gradle.messaging.remote.internal.inet.InetAddressFactory] Adding loopback multicast interface WAN Miniport (IPv6)-QoS Packet Scheduler-0000
14:38:14.822 [DEBUG] [org.gradle.messaging.remote.internal.inet.InetAddressFactory] Adding IP addresses for network interface Intel(R) Centrino(R) Advanced-N 6205-Native WiFi Filter Driver-0000
14:38:14.824 [DEBUG] [org.gradle.messaging.remote.internal.inet.InetAddressFactory] Is this a loopback interface? false
14:38:14.827 [DEBUG] [org.gradle.messaging.remote.internal.inet.InetAddressFactory] Is this a multicast interface? true
14:38:14.827 [DEBUG] [org.gradle.messaging.remote.internal.inet.InetAddressFactory] Adding loopback multicast interface Intel(R) Centrino(R) Advanced-N 6205-Native WiFi Filter Driver-0000
14:38:14.827 [DEBUG] [org.gradle.messaging.remote.internal.inet.InetAddressFactory] Adding IP addresses for network interface Intel(R) Centrino(R) Advanced-N 6205-WFP LightWeight Filter-0000
14:38:14.830 [DEBUG] [org.gradle.messaging.remote.internal.inet.InetAddressFactory] Is this a loopback interface? false
14:38:14.833 [DEBUG] [org.gradle.messaging.remote.internal.inet.InetAddressFactory] Is this a multicast interface? true
14:38:14.833 [DEBUG] [org.gradle.messaging.remote.internal.inet.InetAddressFactory] Adding loopback multicast interface Intel(R) Centrino(R) Advanced-N 6205-WFP LightWeight Filter-0000
14:38:14.833 [DEBUG] [org.gradle.messaging.remote.internal.inet.InetAddressFactory] Adding IP addresses for network interface Microsoft Virtual WiFi Miniport Adapter #3-Native WiFi Filter Driver-0000
14:38:14.836 [DEBUG] [org.gradle.messaging.remote.internal.inet.InetAddressFactory] Is this a loopback interface? false
14:38:14.838 [DEBUG] [org.gradle.messaging.remote.internal.inet.InetAddressFactory] Is this a multicast interface? true
14:38:14.838 [DEBUG] [org.gradle.messaging.remote.internal.inet.InetAddressFactory] Adding loopback multicast interface Microsoft Virtual WiFi Miniport Adapter #3-Native WiFi Filter Driver-0000
14:38:14.838 [DEBUG] [org.gradle.messaging.remote.internal.inet.InetAddressFactory] Adding IP addresses for network interface Microsoft Virtual WiFi Miniport Adapter #3-Kaspersky Lab NDIS 6 Filter-0000
14:38:14.841 [DEBUG] [org.gradle.messaging.remote.internal.inet.InetAddressFactory] Is this a loopback interface? false
14:38:14.843 [DEBUG] [org.gradle.messaging.remote.internal.inet.InetAddressFactory] Is this a multicast interface? true
14:38:14.844 [DEBUG] [org.gradle.messaging.remote.internal.inet.InetAddressFactory] Adding loopback multicast interface Microsoft Virtual WiFi Miniport Adapter #3-Kaspersky Lab NDIS 6 Filter-0000
14:38:14.844 [DEBUG] [org.gradle.messaging.remote.internal.inet.InetAddressFactory] Adding IP addresses for network interface Microsoft Virtual WiFi Miniport Adapter #3-QoS Packet Scheduler-0000
14:38:14.846 [DEBUG] [org.gradle.messaging.remote.internal.inet.InetAddressFactory] Is this a loopback interface? false
14:38:14.849 [DEBUG] [org.gradle.messaging.remote.internal.inet.InetAddressFactory] Is this a multicast interface? true
14:38:14.849 [DEBUG] [org.gradle.messaging.remote.internal.inet.InetAddressFactory] Adding loopback multicast interface Microsoft Virtual WiFi Miniport Adapter #3-QoS Packet Scheduler-0000
14:38:14.849 [DEBUG] [org.gradle.messaging.remote.internal.inet.InetAddressFactory] Adding IP addresses for network interface Microsoft Virtual WiFi Miniport Adapter #3-WFP LightWeight Filter-0000
14:38:14.851 [DEBUG] [org.gradle.messaging.remote.internal.inet.InetAddressFactory] Is this a loopback interface? false
14:38:14.853 [DEBUG] [org.gradle.messaging.remote.internal.inet.InetAddressFactory] Is this a multicast interface? true
14:38:14.853 [DEBUG] [org.gradle.messaging.remote.internal.inet.InetAddressFactory] Adding loopback multicast interface Microsoft Virtual WiFi Miniport Adapter #3-WFP LightWeight Filter-0000
14:38:14.853 [DEBUG] [org.gradle.messaging.remote.internal.inet.InetAddressFactory] Adding IP addresses for network interface Microsoft Virtual WiFi Miniport Adapter #4-Native WiFi Filter Driver-0000
14:38:14.856 [DEBUG] [org.gradle.messaging.remote.internal.inet.InetAddressFactory] Is this a loopback interface? false
14:38:14.859 [DEBUG] [org.gradle.messaging.remote.internal.inet.InetAddressFactory] Is this a multicast interface? true
14:38:14.859 [DEBUG] [org.gradle.messaging.remote.internal.inet.InetAddressFactory] Adding loopback multicast interface Microsoft Virtual WiFi Miniport Adapter #4-Native WiFi Filter Driver-0000
14:38:14.859 [DEBUG] [org.gradle.messaging.remote.internal.inet.InetAddressFactory] Adding IP addresses for network interface Microsoft Virtual WiFi Miniport Adapter #4-Kaspersky Lab NDIS 6 Filter-0000
14:38:14.862 [DEBUG] [org.gradle.messaging.remote.internal.inet.InetAddressFactory] Is this a loopback interface? false
14:38:14.864 [DEBUG] [org.gradle.messaging.remote.internal.inet.InetAddressFactory] Is this a multicast interface? true
14:38:14.864 [DEBUG] [org.gradle.messaging.remote.internal.inet.InetAddressFactory] Adding loopback multicast interface Microsoft Virtual WiFi Miniport Adapter #4-Kaspersky Lab NDIS 6 Filter-0000
14:38:14.864 [DEBUG] [org.gradle.messaging.remote.internal.inet.InetAddressFactory] Adding IP addresses for network interface Microsoft Virtual WiFi Miniport Adapter #4-QoS Packet Scheduler-0000
14:38:14.867 [DEBUG] [org.gradle.messaging.remote.internal.inet.InetAddressFactory] Is this a loopback interface? false
14:38:14.869 [DEBUG] [org.gradle.messaging.remote.internal.inet.InetAddressFactory] Is this a multicast interface? true
14:38:14.869 [DEBUG] [org.gradle.messaging.remote.internal.inet.InetAddressFactory] Adding loopback multicast interface Microsoft Virtual WiFi Miniport Adapter #4-QoS Packet Scheduler-0000
14:38:14.870 [DEBUG] [org.gradle.messaging.remote.internal.inet.InetAddressFactory] Adding IP addresses for network interface Microsoft Virtual WiFi Miniport Adapter #4-WFP LightWeight Filter-0000
14:38:14.872 [DEBUG] [org.gradle.messaging.remote.internal.inet.InetAddressFactory] Is this a loopback interface? false
14:38:14.875 [DEBUG] [org.gradle.messaging.remote.internal.inet.InetAddressFactory] Is this a multicast interface? true
14:38:14.875 [DEBUG] [org.gradle.messaging.remote.internal.inet.InetAddressFactory] Adding loopback multicast interface Microsoft Virtual WiFi Miniport Adapter #4-WFP LightWeight Filter-0000
14:38:14.914 [DEBUG] [org.gradle.messaging.remote.internal.inet.TcpIncomingConnector] Listening on [78a560d8-1701-4dd0-9839-9524b6fa54a2 port:5606, addresses:[/127.0.0.1, /0:0:0:0:0:0:0:1]].
14:38:14.916 [DEBUG] [org.gradle.launcher.daemon.server.Daemon] Daemon starting at: Fri Aug 05 14:38:14 CST 2016, with address: [78a560d8-1701-4dd0-9839-9524b6fa54a2 port:5606, addresses:[/127.0.0.1, /0:0:0:0:0:0:0:1]]
14:38:14.917 [INFO] [org.gradle.launcher.daemon.server.DomainRegistryUpdater] Advertising the daemon address to the clients: [78a560d8-1701-4dd0-9839-9524b6fa54a2 port:5606, addresses:[/127.0.0.1, /0:0:0:0:0:0:0:1]]
14:38:14.917 [DEBUG] [org.gradle.launcher.daemon.server.DomainRegistryUpdater] Advertised daemon context: DefaultDaemonContext[uid=470d18c4-4d1c-44f5-8bc1-bc7f84a1a43c,javaHome=C:\service\java\jdk\jdk1.7.0_45,daemonRegistryDir=C:\Users\Lee\.gradle\daemon,pid=8456,idleTimeout=10800000,daemonOpts=-XX:MaxPermSize=256m,-XX:+HeapDumpOnOutOfMemoryError,-Xmx1024m,-Dfile.encoding=GBK,-Duser.country=US,-Duser.language=en,-Duser.variant]
14:38:14.917 [DEBUG] [org.gradle.launcher.daemon.registry.PersistentDaemonRegistry] Storing daemon address: [78a560d8-1701-4dd0-9839-9524b6fa54a2 port:5606, addresses:[/127.0.0.1, /0:0:0:0:0:0:0:1]], context: DefaultDaemonContext[uid=470d18c4-4d1c-44f5-8bc1-bc7f84a1a43c,javaHome=C:\service\java\jdk\jdk1.7.0_45,daemonRegistryDir=C:\Users\Lee\.gradle\daemon,pid=8456,idleTimeout=10800000,daemonOpts=-XX:MaxPermSize=256m,-XX:+HeapDumpOnOutOfMemoryError,-Xmx1024m,-Dfile.encoding=GBK,-Duser.country=US,-Duser.language=en,-Duser.variant]
14:38:14.926 [DEBUG] [org.gradle.cache.internal.DefaultFileLockManager] Waiting to acquire exclusive lock on daemon addresses registry.
14:38:14.927 [DEBUG] [org.gradle.cache.internal.DefaultFileLockManager] Lock acquired.
14:38:14.951 [DEBUG] [org.gradle.cache.internal.DefaultFileLockManager] Releasing lock on daemon addresses registry.
14:38:14.952 [LIFECYCLE] [org.gradle.launcher.daemon.server.Daemon] Daemon server started.
14:38:14.957 [DEBUG] [org.gradle.launcher.daemon.bootstrap.DaemonStartupCommunication] Completed writing the daemon greeting. Closing streams...
14:38:14.958 [DEBUG] [org.gradle.launcher.daemon.server.Daemon] requestStopOnIdleTimeout(10800000 MILLISECONDS) called on daemon
14:38:14.958 [DEBUG] [org.gradle.launcher.daemon.server.DaemonStateCoordinator] Idle timeout: waiting for daemon to stop or be idle for 10800000ms
14:38:14.959 [DEBUG] [org.gradle.launcher.daemon.server.DaemonStateCoordinator] Daemon is idle, sleeping until state change or idle timeout at Fri Aug 05 17:38:14 CST 2016
14:38:14.985 [DEBUG] [org.gradle.messaging.remote.internal.inet.TcpIncomingConnector] Accepted connection from /127.0.0.1:5609 to /127.0.0.1:5606.
14:38:15.045 [DEBUG] [org.gradle.launcher.daemon.server.SynchronizedDispatchConnection] thread 14: received class org.gradle.launcher.daemon.protocol.Build
14:38:15.046 [DEBUG] [org.gradle.launcher.daemon.server.DefaultDaemonConnection] Received non-IO message from client: Build{id=457407cc-dea8-49a9-be70-1df3debe6e3e.1, currentDir=R:\WorkSpace\git\dianjinpai_mobile_android\hwmobile\platforms\android}
14:38:15.046 [INFO] [org.gradle.launcher.daemon.server.DefaultIncomingConnectionHandler] Received command: Build{id=457407cc-dea8-49a9-be70-1df3debe6e3e.1, currentDir=R:\WorkSpace\git\dianjinpai_mobile_android\hwmobile\platforms\android}.
14:38:15.047 [DEBUG] [org.gradle.launcher.daemon.server.DefaultIncomingConnectionHandler] Starting executing command: Build{id=457407cc-dea8-49a9-be70-1df3debe6e3e.1, currentDir=R:\WorkSpace\git\dianjinpai_mobile_android\hwmobile\platforms\android} with connection: socket connection from /127.0.0.1:5606 to /127.0.0.1:5609.
14:38:15.056 [DEBUG] [org.gradle.launcher.daemon.server.DaemonStateCoordinator] Command execution: started DaemonCommandExecution[command = Build{id=457407cc-dea8-49a9-be70-1df3debe6e3e.1, currentDir=R:\WorkSpace\git\dianjinpai_mobile_android\hwmobile\platforms\android}, connection = org.gradle.launcher.daemon.server.DefaultDaemonConnection@6b222652] after 0.0 minutes of idle
14:38:15.057 [INFO] [org.gradle.launcher.daemon.server.DomainRegistryUpdater] Marking the daemon as busy, address: [78a560d8-1701-4dd0-9839-9524b6fa54a2 port:5606, addresses:[/127.0.0.1, /0:0:0:0:0:0:0:1]]
14:38:15.057 [DEBUG] [org.gradle.launcher.daemon.registry.PersistentDaemonRegistry] Marking busy by address: [78a560d8-1701-4dd0-9839-9524b6fa54a2 port:5606, addresses:[/127.0.0.1, /0:0:0:0:0:0:0:1]]
14:38:15.058 [DEBUG] [org.gradle.cache.internal.DefaultFileLockManager] Waiting to acquire exclusive lock on daemon addresses registry.
14:38:15.058 [DEBUG] [org.gradle.cache.internal.DefaultFileLockManager] Lock acquired.
14:38:15.061 [DEBUG] [org.gradle.cache.internal.DefaultFileLockManager] Releasing lock on daemon addresses registry.
14:38:15.062 [DEBUG] [org.gradle.launcher.daemon.server.DaemonStateCoordinator] updating lastActivityAt to 1470379095062
14:38:15.062 [DEBUG] [org.gradle.launcher.daemon.server.DaemonStateCoordinator] Daemon is busy, sleeping until state changes.
14:38:15.063 [INFO] [org.gradle.launcher.daemon.server.exec.StartBuildOrRespondWithBusy] Daemon is about to start building Build{id=457407cc-dea8-49a9-be70-1df3debe6e3e.1, currentDir=R:\WorkSpace\git\dianjinpai_mobile_android\hwmobile\platforms\android}. Dispatching build started information...
14:38:15.064 [DEBUG] [org.gradle.launcher.daemon.server.SynchronizedDispatchConnection] thread 16: dispatching class org.gradle.launcher.daemon.protocol.BuildStarted
14:38:15.067 [DEBUG] [org.gradle.launcher.daemon.server.exec.EstablishBuildEnvironment] Configuring env variables: {USERPROFILE=C:\Users\Lee, ProgramData=C:\ProgramData, PATHEXT=.COM;.EXE;.BAT;.CMD;.VBS;.VBE;.JS;.JSE;.WSF;.WSH;.MSC, windows_tracing_logfile=C:\BVTBin\Tests\installpackage\csilogfile.log, TFS_DIR=C:\Program Files\ThinkVantage Fingerprint Software\, ProgramFiles(x86)=C:\Program Files (x86), windows_tracing_flags=3, TEMP=C:\Users\Lee\AppData\Local\Temp, SystemDrive=C:, MOZ_PLUGIN_PATH=C:\Program Files (x86)\Foxit Software\Foxit Reader\plugins\, ProgramFiles=C:\Program Files, Path=c:\service\java\jdk\jdk1.7.0_45\\bin;C:\Program Files (x86)\Intel\iCLS Client\;C:\Program Files\Intel\iCLS Client\;C:\windows\system32;C:\windows;C:\windows\System32\Wbem;C:\windows\System32\WindowsPowerShell\v1.0\;C:\Program Files\Intel\Intel(R) Management Engine Components\DAL;C:\Program Files\Intel\Intel(R) Management Engine Components\IPT;C:\Program Files (x86)\Intel\Intel(R) Management Engine Components\DAL;C:\Program Files (x86)\Intel\Intel(R) Management Engine Components\IPT;C:\Program Files (x86)\Intel\OpenCL SDK\2.0\bin\x86;C:\Program Files (x86)\Intel\OpenCL SDK\2.0\bin\x64;C:\Program Files\Intel\WiFi\bin\;C:\Program Files\Common Files\Intel\WirelessCommon\;C:\Program Files (x86)\Microsoft SQL Server\100\Tools\Binn\;C:\Program Files\Microsoft SQL Server\100\Tools\Binn\;C:\Program Files\Microsoft SQL Server\100\DTS\Binn\;C:\Program Files (x86)\Microsoft SQL Server\100\Tools\Binn\VSShell\Common7\IDE\;C:\Program Files (x86)\Microsoft SQL Server\100\DTS\Binn\;D:\Programs\ant\apache-ant-1.9.7\bin;D:\Programs\maven\apache-maven-3.3.9\bin;C:\Program Files\Intel\WiFi\bin\;C:\Program Files\Common Files\Intel\WirelessCommon\, HOMEDRIVE=C:, java_home=c:\service\java\jdk\jdk1.7.0_45\, PROCESSOR_REVISION=3a09, USERDOMAIN=Lee-PC, ALLUSERSPROFILE=C:\ProgramData, ProgramW6432=C:\Program Files, PROCESSOR_IDENTIFIER=Intel64 Family 6 Model 58 Stepping 9, GenuineIntel, m2_home=D:\Programs\maven\apache-maven-3.3.9, SESSIONNAME=Console, ant_home=D:\Programs\ant\apache-ant-1.9.7, TMP=C:\Users\Lee\AppData\Local\Temp, CommonProgramFiles=C:\Program Files\Common Files, =::=::\, LOGONSERVER=\\LEE-PC, PROCESSOR_ARCHITECTURE=AMD64, FP_NO_HOST_CHECK=NO, OS=Windows_NT, HOMEPATH=\Users\Lee, VS100COMNTOOLS=C:\Program Files (x86)\Microsoft Visual Studio 10.0\Common7\Tools\, PROCESSOR_LEVEL=6, CommonProgramW6432=C:\Program Files\Common Files, class_path=.;c:\service\java\jdk\jdk1.7.0_45\\lib\dt.jar;c:\service\java\jdk\jdk1.7.0_45\\lib\tools.jar;, LOCALAPPDATA=C:\Users\Lee\AppData\Local, COMPUTERNAME=LEE-PC, windir=C:\windows, SystemRoot=C:\windows, NUMBER_OF_PROCESSORS=4, USERNAME=Lee, PUBLIC=C:\Users\Public, PSModulePath=C:\windows\system32\WindowsPowerShell\v1.0\Modules\, COMMPath=C:\Program Files\Lenovo\Communications Utility, CommonProgramFiles(x86)=C:\Program Files (x86)\Common Files, ComSpec=C:\windows\system32\cmd.exe, APPDATA=C:\Users\Lee\AppData\Roaming}
14:38:15.082 [DEBUG] [org.gradle.launcher.daemon.server.exec.LogToClient] About to start relaying all logs to the client via the connection.
14:38:15.082 [INFO] [org.gradle.launcher.daemon.server.exec.LogToClient] The client will now receive all logging from the daemon (pid: 8456). The daemon log file: C:\Users\Lee\.gradle\daemon\2.8\daemon-8456.out.log
14:38:15.084 [DEBUG] [org.gradle.launcher.daemon.server.SynchronizedDispatchConnection] thread 14: received class org.gradle.launcher.daemon.protocol.CloseInput
14:38:15.085 [DEBUG] [org.gradle.launcher.daemon.server.DefaultDaemonConnection] Received IO message from client: org.gradle.launcher.daemon.protocol.CloseInput@438f3a6
14:38:15.089 [INFO] [org.gradle.launcher.daemon.server.health.DaemonHealthTracker] Starting build in new daemon [memory: 954.7 MB]
14:38:15.090 [INFO] [org.gradle.launcher.daemon.server.exec.ForwardClientInput] Closing daemon's stdin at end of input.
14:38:15.091 [INFO] [org.gradle.launcher.daemon.server.exec.ForwardClientInput] The daemon will no longer process any standard input.
14:38:15.094 [DEBUG] [org.gradle.launcher.daemon.server.exec.ExecuteBuild] The daemon has started executing the build.
14:38:15.095 [INFO] [org.gradle.launcher.daemon.server.exec.ExecuteBuild] Executing build with daemon context: DefaultDaemonContext[uid=470d18c4-4d1c-44f5-8bc1-bc7f84a1a43c,javaHome=C:\service\java\jdk\jdk1.7.0_45,daemonRegistryDir=C:\Users\Lee\.gradle\daemon,pid=8456,idleTimeout=10800000,daemonOpts=-XX:MaxPermSize=256m,-XX:+HeapDumpOnOutOfMemoryError,-Xmx1024m,-Dfile.encoding=GBK,-Duser.country=US,-Duser.language=en,-Duser.variant]
14:38:15.472 [DEBUG] [org.gradle.internal.nativeintegration.services.NativeServices] Native-platform posix files is not available.  Continuing with fallback.
14:38:15.624 [INFO] [org.gradle.tooling.internal.provider.DefaultPayloadClassLoaderRegistry] Creating ClassLoader 8d6885ce-bdc1-4d7b-9506-12b8628b56c5 from [Spec classpath:[file:/C:/Program%20Files/Android/Android%20Studio/plugins/gradle/lib/gradle-tooling-api-2.2.jar, file:/C:/Program%20Files/Android/Android%20Studio/plugins/gradle/lib/guava-jdk5-17.0.jar, file:/C:/Program%20Files/Android/Android%20Studio/plugins/gradle/lib/gradle-base-services-2.2.jar, file:/C:/Program%20Files/Android/Android%20Studio/plugins/gradle/lib/gradle-tooling-extension-api.jar, file:/C:/Program%20Files/Android/Android%20Studio/lib/openapi.jar, file:/C:/Program%20Files/Android/Android%20Studio/plugins/google-cloud-tools-core/lib/gradle-appengine-builder-model-0.1.0.jar, file:/C:/Program%20Files/Android/Android%20Studio/plugins/android/lib/builder-model-1.5.0-beta2.jar]] and [org.gradle.internal.classloader.FilteringClassLoader@3651813f].
14:38:15.627 [DEBUG] [org.gradle.cache.internal.DefaultFileLockManager] Waiting to acquire exclusive lock on jars (C:\Users\Lee\.gradle\caches\jars-1).
14:38:15.627 [DEBUG] [org.gradle.cache.internal.DefaultFileLockManager] Lock acquired.
14:38:15.629 [DEBUG] [org.gradle.cache.internal.locklistener.DefaultFileLockContentionHandler] Starting file lock listener thread.
Download https://repo1.maven.org/maven2/com/android/tools/build/gradle/1.0.0/gradle-1.0.0.pom
Download https://repo1.maven.org/maven2/com/android/tools/build/builder/1.0.0/builder-1.0.0.pom
Download https://repo1.maven.org/maven2/com/android/tools/lint/lint/24.0.0/lint-24.0.0.pom
Download https://repo1.maven.org/maven2/com/android/tools/sdk-common/24.0.0/sdk-common-24.0.0.pom
Download https://repo1.maven.org/maven2/com/android/tools/common/24.0.0/common-24.0.0.pom
Download https://repo1.maven.org/maven2/com/android/tools/build/builder-test-api/1.0.0/builder-test-api-1.0.0.pom
Download https://repo1.maven.org/maven2/com/android/tools/ddms/ddmlib/24.0.0/ddmlib-24.0.0.pom
Download https://repo1.maven.org/maven2/com/android/tools/build/manifest-merger/24.0.0/manifest-merger-24.0.0.pom
Download https://repo1.maven.org/maven2/com/android/tools/build/builder-model/1.0.0/builder-model-1.0.0.pom
Download https://repo1.maven.org/maven2/com/android/tools/sdklib/24.0.0/sdklib-24.0.0.pom
Download https://repo1.maven.org/maven2/com/android/tools/lint/lint-checks/24.0.0/lint-checks-24.0.0.pom
Download https://repo1.maven.org/maven2/org/eclipse/jdt/core/compiler/ecj/4.2.2/ecj-4.2.2.pom
Download https://repo1.maven.org/maven2/com/android/tools/layoutlib/layoutlib-api/24.0.0/layoutlib-api-24.0.0.pom
Download https://repo1.maven.org/maven2/com/android/tools/dvlib/24.0.0/dvlib-24.0.0.pom
Download https://repo1.maven.org/maven2/com/android/tools/lint/lint-api/24.0.0/lint-api-24.0.0.pom
Download https://repo1.maven.org/maven2/com/android/tools/build/gradle/1.0.0/gradle-1.0.0.jar
Download https://repo1.maven.org/maven2/com/android/tools/build/builder/1.0.0/builder-1.0.0.jar
Download https://repo1.maven.org/maven2/com/android/tools/lint/lint/24.0.0/lint-24.0.0.jar
Download https://repo1.maven.org/maven2/com/android/tools/sdk-common/24.0.0/sdk-common-24.0.0.jar
client disconnection detected, stopping the daemon
Unable to execute command Build{id=457407cc-dea8-49a9-be70-1df3debe6e3e.1, currentDir=R:\WorkSpace\git\dianjinpai_mobile_android\hwmobile\platforms\android} from socket connection from /127.0.0.1:5606 to /127.0.0.1:5609. Dispatching the failure to the daemon client
org.gradle.messaging.remote.internal.MessageIOException: Could not write message Failure[value=org.gradle.launcher.daemon.server.api.DaemonStoppedException: Gradle build daemon has been stopped.] to '/127.0.0.1:5609'.
	at org.gradle.messaging.remote.internal.inet.SocketConnection.dispatch(SocketConnection.java:111)
	at org.gradle.launcher.daemon.server.SynchronizedDispatchConnection.dispatch(SynchronizedDispatchConnection.java:55)
	at org.gradle.launcher.daemon.server.DefaultDaemonConnection.completed(DefaultDaemonConnection.java:129)
	at org.gradle.launcher.daemon.server.exec.StartBuildOrRespondWithBusy.doBuild(StartBuildOrRespondWithBusy.java:59)
	at org.gradle.launcher.daemon.server.exec.BuildCommandOnly.execute(BuildCommandOnly.java:36)
	at org.gradle.launcher.daemon.server.api.DaemonCommandExecution.proceed(DaemonCommandExecution.java:120)
	at org.gradle.launcher.daemon.server.exec.ReturnResult.execute(ReturnResult.java:36)
	at org.gradle.launcher.daemon.server.api.DaemonCommandExecution.proceed(DaemonCommandExecution.java:120)
	at org.gradle.launcher.daemon.server.exec.HandleCancel.execute(HandleCancel.java:37)
	at org.gradle.launcher.daemon.server.api.DaemonCommandExecution.proceed(DaemonCommandExecution.java:120)
	at org.gradle.launcher.daemon.server.api.HandleStop.execute(HandleStop.java:33)
	at org.gradle.launcher.daemon.server.api.DaemonCommandExecution.proceed(DaemonCommandExecution.java:120)
	at org.gradle.launcher.daemon.server.exec.DefaultDaemonCommandExecuter.executeCommand(DefaultDaemonCommandExecuter.java:56)
	at org.gradle.launcher.daemon.server.DefaultIncomingConnectionHandler$ConnectionWorker.handleCommand(DefaultIncomingConnectionHandler.java:154)
	at org.gradle.launcher.daemon.server.DefaultIncomingConnectionHandler$ConnectionWorker.receiveAndHandleCommand(DefaultIncomingConnectionHandler.java:129)
	at org.gradle.launcher.daemon.server.DefaultIncomingConnectionHandler$ConnectionWorker.run(DefaultIncomingConnectionHandler.java:117)
	at org.gradle.internal.concurrent.ExecutorPolicy$CatchAndRecordFailures.onExecute(ExecutorPolicy.java:54)
	at org.gradle.internal.concurrent.StoppableExecutorImpl$1.run(StoppableExecutorImpl.java:40)
	at java.util.concurrent.ThreadPoolExecutor.runWorker(ThreadPoolExecutor.java:1145)
	at java.util.concurrent.ThreadPoolExecutor$Worker.run(ThreadPoolExecutor.java:615)
	at java.lang.Thread.run(Thread.java:744)
Caused by: com.esotericsoftware.kryo.KryoException: java.io.IOException: An existing connection was forcibly closed by the remote host
	at com.esotericsoftware.kryo.io.Output.flush(Output.java:156)
	at com.esotericsoftware.kryo.io.Output.require(Output.java:134)
	at com.esotericsoftware.kryo.io.Output.writeBytes(Output.java:219)
	at org.gradle.internal.serialize.kryo.KryoBackedEncoder.writeBytes(KryoBackedEncoder.java:43)
	at org.gradle.internal.serialize.AbstractEncoder$EncoderStream.write(AbstractEncoder.java:72)
	at java.io.ObjectOutputStream$BlockDataOutputStream.drain(ObjectOutputStream.java:1876)
	at java.io.ObjectOutputStream$BlockDataOutputStream.flush(ObjectOutputStream.java:1821)
	at java.io.ObjectOutputStream.flush(ObjectOutputStream.java:718)
	at org.gradle.messaging.remote.internal.Message.send(Message.java:42)
	at org.gradle.internal.serialize.BaseSerializerFactory$ThrowableSerializer.write(BaseSerializerFactory.java:152)
	at org.gradle.internal.serialize.BaseSerializerFactory$ThrowableSerializer.write(BaseSerializerFactory.java:146)
	at org.gradle.launcher.daemon.protocol.DaemonMessageSerializer$FailureSerializer.write(DaemonMessageSerializer.java:66)
	at org.gradle.launcher.daemon.protocol.DaemonMessageSerializer$FailureSerializer.write(DaemonMessageSerializer.java:57)
	at org.gradle.internal.serialize.DefaultSerializerRegistry$TaggedTypeSerializer.write(DefaultSerializerRegistry.java:91)
	at org.gradle.internal.serialize.Serializers$StatefulSerializerAdapter$2.write(Serializers.java:46)
	at org.gradle.messaging.remote.internal.KryoBackedMessageSerializer$1.write(KryoBackedMessageSerializer.java:55)
	at org.gradle.messaging.remote.internal.inet.SocketConnection.dispatch(SocketConnection.java:108)
	... 20 more
Caused by: java.io.IOException: An existing connection was forcibly closed by the remote host
	at sun.nio.ch.SocketDispatcher.write0(Native Method)
	at sun.nio.ch.SocketDispatcher.write(SocketDispatcher.java:51)
	at sun.nio.ch.IOUtil.writeFromNativeBuffer(IOUtil.java:93)
	at sun.nio.ch.IOUtil.write(IOUtil.java:51)
	at sun.nio.ch.SocketChannelImpl.write(SocketChannelImpl.java:487)
	at org.gradle.messaging.remote.internal.inet.SocketConnection$SocketOutputStream.flush(SocketConnection.java:236)
	at org.gradle.messaging.remote.internal.inet.SocketConnection$SocketOutputStream.write(SocketConnection.java:223)
	at com.esotericsoftware.kryo.io.Output.flush(Output.java:154)
	... 36 more
Daemon vm is shutting down... The daemon has exited normally or was terminated in response to a user interrupt.
