12:10:43.752 [DEBUG] [org.gradle.internal.nativeintegration.services.NativeServices] Native-platform posix files is not available.  Continuing with fallback.
12:10:43.757 [DEBUG] [org.gradle.internal.nativeintegration.filesystem.services.FileSystemServices] Using JDK 7 file service org.gradle.internal.nativeintegration.filesystem.jdk7.WindowsJdk7Symlink
12:10:44.042 [INFO] [org.gradle.launcher.daemon.server.health.gc.GarbageCollectionMonitor] Unable to determine a garbage collection monitoring strategy for JVMStrategy{JetBrains s.r.o version 1.8.0_76-release}
12:10:44.048 [INFO] [org.gradle.launcher.daemon.server.Daemon] start() called on daemon - DefaultDaemonContext[uid=caa5d0a7-e05a-4869-81ed-085f3b6d52d3,javaHome=C:\Program Files\Android\Android Studio\jre,daemonRegistryDir=D:\WorkSpace\gradle_repository\data\daemon,pid=14008,idleTimeout=10800000,daemonOpts=-XX:MaxPermSize=256m,-XX:+HeapDumpOnOutOfMemoryError,-Xmx1024m,-Dfile.encoding=GBK,-Duser.country=US,-Duser.language=en,-Duser.variant]
12:10:44.052 [DEBUG] [org.gradle.launcher.daemon.server.DaemonStateCoordinator] updating lastActivityAt to 1477887044052
12:10:44.259 [DEBUG] [org.gradle.internal.remote.internal.inet.InetAddressFactory] Adding IP addresses for network interface Software Loopback Interface 1
12:10:44.262 [DEBUG] [org.gradle.internal.remote.internal.inet.InetAddressFactory] Is this a loopback interface? true
12:10:44.265 [DEBUG] [org.gradle.internal.remote.internal.inet.InetAddressFactory] Is this a multicast interface? true
12:10:44.266 [DEBUG] [org.gradle.internal.remote.internal.inet.InetAddressFactory] Adding loopback address /127.0.0.1
12:10:44.266 [DEBUG] [org.gradle.internal.remote.internal.inet.InetAddressFactory] Adding loopback address /0:0:0:0:0:0:0:1
12:10:44.266 [DEBUG] [org.gradle.internal.remote.internal.inet.InetAddressFactory] Adding loopback multicast interface Software Loopback Interface 1
12:10:44.267 [DEBUG] [org.gradle.internal.remote.internal.inet.InetAddressFactory] Adding IP addresses for network interface WAN Miniport (SSTP)
12:10:44.269 [DEBUG] [org.gradle.internal.remote.internal.inet.InetAddressFactory] Is this a loopback interface? false
12:10:44.272 [DEBUG] [org.gradle.internal.remote.internal.inet.InetAddressFactory] Is this a multicast interface? true
12:10:44.272 [DEBUG] [org.gradle.internal.remote.internal.inet.InetAddressFactory] Adding loopback multicast interface WAN Miniport (SSTP)
12:10:44.273 [DEBUG] [org.gradle.internal.remote.internal.inet.InetAddressFactory] Adding IP addresses for network interface WAN Miniport (L2TP)
12:10:44.275 [DEBUG] [org.gradle.internal.remote.internal.inet.InetAddressFactory] Is this a loopback interface? false
12:10:44.278 [DEBUG] [org.gradle.internal.remote.internal.inet.InetAddressFactory] Is this a multicast interface? true
12:10:44.278 [DEBUG] [org.gradle.internal.remote.internal.inet.InetAddressFactory] Adding loopback multicast interface WAN Miniport (L2TP)
12:10:44.279 [DEBUG] [org.gradle.internal.remote.internal.inet.InetAddressFactory] Adding IP addresses for network interface WAN Miniport (PPTP)
12:10:44.281 [DEBUG] [org.gradle.internal.remote.internal.inet.InetAddressFactory] Is this a loopback interface? false
12:10:44.283 [DEBUG] [org.gradle.internal.remote.internal.inet.InetAddressFactory] Is this a multicast interface? true
12:10:44.284 [DEBUG] [org.gradle.internal.remote.internal.inet.InetAddressFactory] Adding loopback multicast interface WAN Miniport (PPTP)
12:10:44.284 [DEBUG] [org.gradle.internal.remote.internal.inet.InetAddressFactory] Adding IP addresses for network interface WAN Miniport (PPPOE)
12:10:44.286 [DEBUG] [org.gradle.internal.remote.internal.inet.InetAddressFactory] Is this a loopback interface? false
12:10:44.288 [DEBUG] [org.gradle.internal.remote.internal.inet.InetAddressFactory] Is this a multicast interface? true
12:10:44.289 [DEBUG] [org.gradle.internal.remote.internal.inet.InetAddressFactory] Adding loopback multicast interface WAN Miniport (PPPOE)
12:10:44.289 [DEBUG] [org.gradle.internal.remote.internal.inet.InetAddressFactory] Adding IP addresses for network interface WAN Miniport (IPv6)
12:10:44.291 [DEBUG] [org.gradle.internal.remote.internal.inet.InetAddressFactory] Is this a loopback interface? false
12:10:44.293 [DEBUG] [org.gradle.internal.remote.internal.inet.InetAddressFactory] Is this a multicast interface? true
12:10:44.294 [DEBUG] [org.gradle.internal.remote.internal.inet.InetAddressFactory] Adding loopback multicast interface WAN Miniport (IPv6)
12:10:44.294 [DEBUG] [org.gradle.internal.remote.internal.inet.InetAddressFactory] Adding IP addresses for network interface WAN Miniport (Network Monitor)
12:10:44.297 [DEBUG] [org.gradle.internal.remote.internal.inet.InetAddressFactory] Is this a loopback interface? false
12:10:44.299 [DEBUG] [org.gradle.internal.remote.internal.inet.InetAddressFactory] Is this a multicast interface? true
12:10:44.300 [DEBUG] [org.gradle.internal.remote.internal.inet.InetAddressFactory] Adding loopback multicast interface WAN Miniport (Network Monitor)
12:10:44.300 [DEBUG] [org.gradle.internal.remote.internal.inet.InetAddressFactory] Adding IP addresses for network interface WAN Miniport (IP)
12:10:44.302 [DEBUG] [org.gradle.internal.remote.internal.inet.InetAddressFactory] Is this a loopback interface? false
12:10:44.304 [DEBUG] [org.gradle.internal.remote.internal.inet.InetAddressFactory] Is this a multicast interface? true
12:10:44.304 [DEBUG] [org.gradle.internal.remote.internal.inet.InetAddressFactory] Adding loopback multicast interface WAN Miniport (IP)
12:10:44.305 [DEBUG] [org.gradle.internal.remote.internal.inet.InetAddressFactory] Adding IP addresses for network interface RAS Async Adapter
12:10:44.307 [DEBUG] [org.gradle.internal.remote.internal.inet.InetAddressFactory] Is this a loopback interface? false
12:10:44.309 [DEBUG] [org.gradle.internal.remote.internal.inet.InetAddressFactory] Is this a multicast interface? true
12:10:44.309 [DEBUG] [org.gradle.internal.remote.internal.inet.InetAddressFactory] Adding loopback multicast interface RAS Async Adapter
12:10:44.310 [DEBUG] [org.gradle.internal.remote.internal.inet.InetAddressFactory] Adding IP addresses for network interface WAN Miniport (IKEv2)
12:10:44.312 [DEBUG] [org.gradle.internal.remote.internal.inet.InetAddressFactory] Is this a loopback interface? false
12:10:44.314 [DEBUG] [org.gradle.internal.remote.internal.inet.InetAddressFactory] Is this a multicast interface? true
12:10:44.314 [DEBUG] [org.gradle.internal.remote.internal.inet.InetAddressFactory] Adding loopback multicast interface WAN Miniport (IKEv2)
12:10:44.315 [DEBUG] [org.gradle.internal.remote.internal.inet.InetAddressFactory] Adding IP addresses for network interface Intel(R) 82579LM Gigabit Network Connection
12:10:44.317 [DEBUG] [org.gradle.internal.remote.internal.inet.InetAddressFactory] Is this a loopback interface? false
12:10:44.319 [DEBUG] [org.gradle.internal.remote.internal.inet.InetAddressFactory] Is this a multicast interface? true
12:10:44.319 [DEBUG] [org.gradle.internal.remote.internal.inet.InetAddressFactory] Adding remote address /fe80:0:0:0:9c7f:8253:343d:fba%eth3
12:10:44.320 [DEBUG] [org.gradle.internal.remote.internal.inet.InetAddressFactory] Adding remote multicast interface Intel(R) 82579LM Gigabit Network Connection
12:10:44.320 [DEBUG] [org.gradle.internal.remote.internal.inet.InetAddressFactory] Adding IP addresses for network interface Intel(R) Centrino(R) Wireless-N 2200
12:10:44.323 [DEBUG] [org.gradle.internal.remote.internal.inet.InetAddressFactory] Is this a loopback interface? false
12:10:44.325 [DEBUG] [org.gradle.internal.remote.internal.inet.InetAddressFactory] Is this a multicast interface? true
12:10:44.325 [DEBUG] [org.gradle.internal.remote.internal.inet.InetAddressFactory] Adding loopback multicast interface Intel(R) Centrino(R) Wireless-N 2200
12:10:44.325 [DEBUG] [org.gradle.internal.remote.internal.inet.InetAddressFactory] Adding IP addresses for network interface Microsoft Virtual WiFi Miniport Adapter
12:10:44.328 [DEBUG] [org.gradle.internal.remote.internal.inet.InetAddressFactory] Is this a loopback interface? false
12:10:44.330 [DEBUG] [org.gradle.internal.remote.internal.inet.InetAddressFactory] Is this a multicast interface? true
12:10:44.330 [DEBUG] [org.gradle.internal.remote.internal.inet.InetAddressFactory] Adding loopback multicast interface Microsoft Virtual WiFi Miniport Adapter
12:10:44.330 [DEBUG] [org.gradle.internal.remote.internal.inet.InetAddressFactory] Adding IP addresses for network interface Microsoft Virtual WiFi Miniport Adapter #2
12:10:44.332 [DEBUG] [org.gradle.internal.remote.internal.inet.InetAddressFactory] Is this a loopback interface? false
12:10:44.335 [DEBUG] [org.gradle.internal.remote.internal.inet.InetAddressFactory] Is this a multicast interface? true
12:10:44.335 [DEBUG] [org.gradle.internal.remote.internal.inet.InetAddressFactory] Adding loopback multicast interface Microsoft Virtual WiFi Miniport Adapter #2
12:10:44.335 [DEBUG] [org.gradle.internal.remote.internal.inet.InetAddressFactory] Adding IP addresses for network interface Intel(R) Centrino(R) Advanced-N 6205
12:10:44.338 [DEBUG] [org.gradle.internal.remote.internal.inet.InetAddressFactory] Is this a loopback interface? false
12:10:44.340 [DEBUG] [org.gradle.internal.remote.internal.inet.InetAddressFactory] Is this a multicast interface? true
12:10:44.340 [DEBUG] [org.gradle.internal.remote.internal.inet.InetAddressFactory] Adding remote address /10.1.1.196
12:10:44.341 [DEBUG] [org.gradle.internal.remote.internal.inet.InetAddressFactory] Adding remote address /fe80:0:0:0:ed99:ced3:187:7cbf%wlan3
12:10:44.341 [DEBUG] [org.gradle.internal.remote.internal.inet.InetAddressFactory] Adding remote multicast interface Intel(R) Centrino(R) Advanced-N 6205
12:10:44.341 [DEBUG] [org.gradle.internal.remote.internal.inet.InetAddressFactory] Adding IP addresses for network interface Microsoft Virtual WiFi Miniport Adapter #3
12:10:44.344 [DEBUG] [org.gradle.internal.remote.internal.inet.InetAddressFactory] Is this a loopback interface? false
12:10:44.347 [DEBUG] [org.gradle.internal.remote.internal.inet.InetAddressFactory] Is this a multicast interface? true
12:10:44.347 [DEBUG] [org.gradle.internal.remote.internal.inet.InetAddressFactory] Adding remote address /fe80:0:0:0:64d6:edc8:79f6:d957%wlan4
12:10:44.347 [DEBUG] [org.gradle.internal.remote.internal.inet.InetAddressFactory] Adding remote multicast interface Microsoft Virtual WiFi Miniport Adapter #3
12:10:44.347 [DEBUG] [org.gradle.internal.remote.internal.inet.InetAddressFactory] Adding IP addresses for network interface Microsoft Virtual WiFi Miniport Adapter #4
12:10:44.350 [DEBUG] [org.gradle.internal.remote.internal.inet.InetAddressFactory] Is this a loopback interface? false
12:10:44.352 [DEBUG] [org.gradle.internal.remote.internal.inet.InetAddressFactory] Is this a multicast interface? true
12:10:44.353 [DEBUG] [org.gradle.internal.remote.internal.inet.InetAddressFactory] Adding remote address /fe80:0:0:0:b418:c3fb:64ff:c028%wlan5
12:10:44.353 [DEBUG] [org.gradle.internal.remote.internal.inet.InetAddressFactory] Adding remote multicast interface Microsoft Virtual WiFi Miniport Adapter #4
12:10:44.353 [DEBUG] [org.gradle.internal.remote.internal.inet.InetAddressFactory] Adding IP addresses for network interface Teredo Tunneling Pseudo-Interface
12:10:44.356 [DEBUG] [org.gradle.internal.remote.internal.inet.InetAddressFactory] Is this a loopback interface? false
12:10:44.359 [DEBUG] [org.gradle.internal.remote.internal.inet.InetAddressFactory] Is this a multicast interface? false
12:10:44.359 [DEBUG] [org.gradle.internal.remote.internal.inet.InetAddressFactory] Adding remote address /fe80:0:0:0:10bf:fc7:3f57:edf5%net4
12:10:44.359 [DEBUG] [org.gradle.internal.remote.internal.inet.InetAddressFactory] Adding IP addresses for network interface Microsoft ISATAP Adapter
12:10:44.362 [DEBUG] [org.gradle.internal.remote.internal.inet.InetAddressFactory] Is this a loopback interface? false
12:10:44.364 [DEBUG] [org.gradle.internal.remote.internal.inet.InetAddressFactory] Is this a multicast interface? false
12:10:44.364 [DEBUG] [org.gradle.internal.remote.internal.inet.InetAddressFactory] Adding IP addresses for network interface Microsoft ISATAP Adapter #2
12:10:44.366 [DEBUG] [org.gradle.internal.remote.internal.inet.InetAddressFactory] Is this a loopback interface? false
12:10:44.369 [DEBUG] [org.gradle.internal.remote.internal.inet.InetAddressFactory] Is this a multicast interface? false
12:10:44.369 [DEBUG] [org.gradle.internal.remote.internal.inet.InetAddressFactory] Adding remote address /fe80:0:0:0:0:5efe:a01:1c4%net6
12:10:44.369 [DEBUG] [org.gradle.internal.remote.internal.inet.InetAddressFactory] Adding IP addresses for network interface Microsoft ISATAP Adapter #3
12:10:44.371 [DEBUG] [org.gradle.internal.remote.internal.inet.InetAddressFactory] Is this a loopback interface? false
12:10:44.375 [DEBUG] [org.gradle.internal.remote.internal.inet.InetAddressFactory] Is this a multicast interface? false
12:10:44.375 [DEBUG] [org.gradle.internal.remote.internal.inet.InetAddressFactory] Adding IP addresses for network interface Microsoft ISATAP Adapter #4
12:10:44.378 [DEBUG] [org.gradle.internal.remote.internal.inet.InetAddressFactory] Is this a loopback interface? false
12:10:44.381 [DEBUG] [org.gradle.internal.remote.internal.inet.InetAddressFactory] Is this a multicast interface? false
12:10:44.381 [DEBUG] [org.gradle.internal.remote.internal.inet.InetAddressFactory] Adding IP addresses for network interface VMware Virtual Ethernet Adapter for VMnet1
12:10:44.384 [DEBUG] [org.gradle.internal.remote.internal.inet.InetAddressFactory] Is this a loopback interface? false
12:10:44.388 [DEBUG] [org.gradle.internal.remote.internal.inet.InetAddressFactory] Is this a multicast interface? true
12:10:44.389 [DEBUG] [org.gradle.internal.remote.internal.inet.InetAddressFactory] Adding remote address /192.168.72.1
12:10:44.389 [DEBUG] [org.gradle.internal.remote.internal.inet.InetAddressFactory] Adding remote address /fe80:0:0:0:949:7183:e823:7b15%eth4
12:10:44.389 [DEBUG] [org.gradle.internal.remote.internal.inet.InetAddressFactory] Adding remote multicast interface VMware Virtual Ethernet Adapter for VMnet1
12:10:44.389 [DEBUG] [org.gradle.internal.remote.internal.inet.InetAddressFactory] Adding IP addresses for network interface Microsoft ISATAP Adapter #5
12:10:44.392 [DEBUG] [org.gradle.internal.remote.internal.inet.InetAddressFactory] Is this a loopback interface? false
12:10:44.394 [DEBUG] [org.gradle.internal.remote.internal.inet.InetAddressFactory] Is this a multicast interface? false
12:10:44.394 [DEBUG] [org.gradle.internal.remote.internal.inet.InetAddressFactory] Adding IP addresses for network interface VMware Virtual Ethernet Adapter for VMnet8
12:10:44.396 [DEBUG] [org.gradle.internal.remote.internal.inet.InetAddressFactory] Is this a loopback interface? false
12:10:44.399 [DEBUG] [org.gradle.internal.remote.internal.inet.InetAddressFactory] Is this a multicast interface? true
12:10:44.399 [DEBUG] [org.gradle.internal.remote.internal.inet.InetAddressFactory] Adding remote address /192.168.110.1
12:10:44.399 [DEBUG] [org.gradle.internal.remote.internal.inet.InetAddressFactory] Adding remote address /fe80:0:0:0:a5e9:2702:201d:a99f%eth5
12:10:44.399 [DEBUG] [org.gradle.internal.remote.internal.inet.InetAddressFactory] Adding remote multicast interface VMware Virtual Ethernet Adapter for VMnet8
12:10:44.399 [DEBUG] [org.gradle.internal.remote.internal.inet.InetAddressFactory] Adding IP addresses for network interface Microsoft ISATAP Adapter #6
12:10:44.401 [DEBUG] [org.gradle.internal.remote.internal.inet.InetAddressFactory] Is this a loopback interface? false
12:10:44.404 [DEBUG] [org.gradle.internal.remote.internal.inet.InetAddressFactory] Is this a multicast interface? false
12:10:44.404 [DEBUG] [org.gradle.internal.remote.internal.inet.InetAddressFactory] Adding remote address /fe80:0:0:0:0:5efe:c0a8:6e01%net10
12:10:44.404 [DEBUG] [org.gradle.internal.remote.internal.inet.InetAddressFactory] Adding IP addresses for network interface Intel(R) 82579LM Gigabit Network Connection-Kaspersky Lab NDIS 6 Filter-0000
12:10:44.407 [DEBUG] [org.gradle.internal.remote.internal.inet.InetAddressFactory] Is this a loopback interface? false
12:10:44.409 [DEBUG] [org.gradle.internal.remote.internal.inet.InetAddressFactory] Is this a multicast interface? true
12:10:44.409 [DEBUG] [org.gradle.internal.remote.internal.inet.InetAddressFactory] Adding loopback multicast interface Intel(R) 82579LM Gigabit Network Connection-Kaspersky Lab NDIS 6 Filter-0000
12:10:44.409 [DEBUG] [org.gradle.internal.remote.internal.inet.InetAddressFactory] Adding IP addresses for network interface Intel(R) 82579LM Gigabit Network Connection-QoS Packet Scheduler-0000
12:10:44.412 [DEBUG] [org.gradle.internal.remote.internal.inet.InetAddressFactory] Is this a loopback interface? false
12:10:44.414 [DEBUG] [org.gradle.internal.remote.internal.inet.InetAddressFactory] Is this a multicast interface? true
12:10:44.414 [DEBUG] [org.gradle.internal.remote.internal.inet.InetAddressFactory] Adding loopback multicast interface Intel(R) 82579LM Gigabit Network Connection-QoS Packet Scheduler-0000
12:10:44.414 [DEBUG] [org.gradle.internal.remote.internal.inet.InetAddressFactory] Adding IP addresses for network interface Intel(R) 82579LM Gigabit Network Connection-WFP LightWeight Filter-0000
12:10:44.416 [DEBUG] [org.gradle.internal.remote.internal.inet.InetAddressFactory] Is this a loopback interface? false
12:10:44.418 [DEBUG] [org.gradle.internal.remote.internal.inet.InetAddressFactory] Is this a multicast interface? true
12:10:44.418 [DEBUG] [org.gradle.internal.remote.internal.inet.InetAddressFactory] Adding loopback multicast interface Intel(R) 82579LM Gigabit Network Connection-WFP LightWeight Filter-0000
12:10:44.419 [DEBUG] [org.gradle.internal.remote.internal.inet.InetAddressFactory] Adding IP addresses for network interface Intel(R) Centrino(R) Advanced-N 6205-Kaspersky Lab NDIS 6 Filter-0000
12:10:44.421 [DEBUG] [org.gradle.internal.remote.internal.inet.InetAddressFactory] Is this a loopback interface? false
12:10:44.424 [DEBUG] [org.gradle.internal.remote.internal.inet.InetAddressFactory] Is this a multicast interface? true
12:10:44.424 [DEBUG] [org.gradle.internal.remote.internal.inet.InetAddressFactory] Adding loopback multicast interface Intel(R) Centrino(R) Advanced-N 6205-Kaspersky Lab NDIS 6 Filter-0000
12:10:44.424 [DEBUG] [org.gradle.internal.remote.internal.inet.InetAddressFactory] Adding IP addresses for network interface Intel(R) Centrino(R) Advanced-N 6205-QoS Packet Scheduler-0000
12:10:44.427 [DEBUG] [org.gradle.internal.remote.internal.inet.InetAddressFactory] Is this a loopback interface? false
12:10:44.431 [DEBUG] [org.gradle.internal.remote.internal.inet.InetAddressFactory] Is this a multicast interface? true
12:10:44.431 [DEBUG] [org.gradle.internal.remote.internal.inet.InetAddressFactory] Adding loopback multicast interface Intel(R) Centrino(R) Advanced-N 6205-QoS Packet Scheduler-0000
12:10:44.431 [DEBUG] [org.gradle.internal.remote.internal.inet.InetAddressFactory] Adding IP addresses for network interface Intel(R) Centrino(R) Advanced-N 6205-Virtual WiFi Filter Driver-0000
12:10:44.435 [DEBUG] [org.gradle.internal.remote.internal.inet.InetAddressFactory] Is this a loopback interface? false
12:10:44.438 [DEBUG] [org.gradle.internal.remote.internal.inet.InetAddressFactory] Is this a multicast interface? true
12:10:44.438 [DEBUG] [org.gradle.internal.remote.internal.inet.InetAddressFactory] Adding loopback multicast interface Intel(R) Centrino(R) Advanced-N 6205-Virtual WiFi Filter Driver-0000
12:10:44.438 [DEBUG] [org.gradle.internal.remote.internal.inet.InetAddressFactory] Adding IP addresses for network interface WAN Miniport (Network Monitor)-Kaspersky Lab NDIS 6 Filter-0000
12:10:44.441 [DEBUG] [org.gradle.internal.remote.internal.inet.InetAddressFactory] Is this a loopback interface? false
12:10:44.443 [DEBUG] [org.gradle.internal.remote.internal.inet.InetAddressFactory] Is this a multicast interface? true
12:10:44.443 [DEBUG] [org.gradle.internal.remote.internal.inet.InetAddressFactory] Adding loopback multicast interface WAN Miniport (Network Monitor)-Kaspersky Lab NDIS 6 Filter-0000
12:10:44.444 [DEBUG] [org.gradle.internal.remote.internal.inet.InetAddressFactory] Adding IP addresses for network interface WAN Miniport (Network Monitor)-QoS Packet Scheduler-0000
12:10:44.446 [DEBUG] [org.gradle.internal.remote.internal.inet.InetAddressFactory] Is this a loopback interface? false
12:10:44.448 [DEBUG] [org.gradle.internal.remote.internal.inet.InetAddressFactory] Is this a multicast interface? true
12:10:44.448 [DEBUG] [org.gradle.internal.remote.internal.inet.InetAddressFactory] Adding loopback multicast interface WAN Miniport (Network Monitor)-QoS Packet Scheduler-0000
12:10:44.448 [DEBUG] [org.gradle.internal.remote.internal.inet.InetAddressFactory] Adding IP addresses for network interface WAN Miniport (IP)-Kaspersky Lab NDIS 6 Filter-0000
12:10:44.451 [DEBUG] [org.gradle.internal.remote.internal.inet.InetAddressFactory] Is this a loopback interface? false
12:10:44.453 [DEBUG] [org.gradle.internal.remote.internal.inet.InetAddressFactory] Is this a multicast interface? true
12:10:44.453 [DEBUG] [org.gradle.internal.remote.internal.inet.InetAddressFactory] Adding loopback multicast interface WAN Miniport (IP)-Kaspersky Lab NDIS 6 Filter-0000
12:10:44.453 [DEBUG] [org.gradle.internal.remote.internal.inet.InetAddressFactory] Adding IP addresses for network interface WAN Miniport (IP)-QoS Packet Scheduler-0000
12:10:44.456 [DEBUG] [org.gradle.internal.remote.internal.inet.InetAddressFactory] Is this a loopback interface? false
12:10:44.459 [DEBUG] [org.gradle.internal.remote.internal.inet.InetAddressFactory] Is this a multicast interface? true
12:10:44.459 [DEBUG] [org.gradle.internal.remote.internal.inet.InetAddressFactory] Adding loopback multicast interface WAN Miniport (IP)-QoS Packet Scheduler-0000
12:10:44.459 [DEBUG] [org.gradle.internal.remote.internal.inet.InetAddressFactory] Adding IP addresses for network interface WAN Miniport (IPv6)-Kaspersky Lab NDIS 6 Filter-0000
12:10:44.462 [DEBUG] [org.gradle.internal.remote.internal.inet.InetAddressFactory] Is this a loopback interface? false
12:10:44.465 [DEBUG] [org.gradle.internal.remote.internal.inet.InetAddressFactory] Is this a multicast interface? true
12:10:44.465 [DEBUG] [org.gradle.internal.remote.internal.inet.InetAddressFactory] Adding loopback multicast interface WAN Miniport (IPv6)-Kaspersky Lab NDIS 6 Filter-0000
12:10:44.465 [DEBUG] [org.gradle.internal.remote.internal.inet.InetAddressFactory] Adding IP addresses for network interface WAN Miniport (IPv6)-QoS Packet Scheduler-0000
12:10:44.467 [DEBUG] [org.gradle.internal.remote.internal.inet.InetAddressFactory] Is this a loopback interface? false
12:10:44.469 [DEBUG] [org.gradle.internal.remote.internal.inet.InetAddressFactory] Is this a multicast interface? true
12:10:44.470 [DEBUG] [org.gradle.internal.remote.internal.inet.InetAddressFactory] Adding loopback multicast interface WAN Miniport (IPv6)-QoS Packet Scheduler-0000
12:10:44.470 [DEBUG] [org.gradle.internal.remote.internal.inet.InetAddressFactory] Adding IP addresses for network interface Intel(R) Centrino(R) Advanced-N 6205-Native WiFi Filter Driver-0000
12:10:44.472 [DEBUG] [org.gradle.internal.remote.internal.inet.InetAddressFactory] Is this a loopback interface? false
12:10:44.474 [DEBUG] [org.gradle.internal.remote.internal.inet.InetAddressFactory] Is this a multicast interface? true
12:10:44.474 [DEBUG] [org.gradle.internal.remote.internal.inet.InetAddressFactory] Adding loopback multicast interface Intel(R) Centrino(R) Advanced-N 6205-Native WiFi Filter Driver-0000
12:10:44.475 [DEBUG] [org.gradle.internal.remote.internal.inet.InetAddressFactory] Adding IP addresses for network interface Intel(R) Centrino(R) Advanced-N 6205-WFP LightWeight Filter-0000
12:10:44.477 [DEBUG] [org.gradle.internal.remote.internal.inet.InetAddressFactory] Is this a loopback interface? false
12:10:44.479 [DEBUG] [org.gradle.internal.remote.internal.inet.InetAddressFactory] Is this a multicast interface? true
12:10:44.480 [DEBUG] [org.gradle.internal.remote.internal.inet.InetAddressFactory] Adding loopback multicast interface Intel(R) Centrino(R) Advanced-N 6205-WFP LightWeight Filter-0000
12:10:44.480 [DEBUG] [org.gradle.internal.remote.internal.inet.InetAddressFactory] Adding IP addresses for network interface Microsoft Virtual WiFi Miniport Adapter #3-Native WiFi Filter Driver-0000
12:10:44.483 [DEBUG] [org.gradle.internal.remote.internal.inet.InetAddressFactory] Is this a loopback interface? false
12:10:44.485 [DEBUG] [org.gradle.internal.remote.internal.inet.InetAddressFactory] Is this a multicast interface? true
12:10:44.485 [DEBUG] [org.gradle.internal.remote.internal.inet.InetAddressFactory] Adding loopback multicast interface Microsoft Virtual WiFi Miniport Adapter #3-Native WiFi Filter Driver-0000
12:10:44.485 [DEBUG] [org.gradle.internal.remote.internal.inet.InetAddressFactory] Adding IP addresses for network interface Microsoft Virtual WiFi Miniport Adapter #3-Kaspersky Lab NDIS 6 Filter-0000
12:10:44.487 [DEBUG] [org.gradle.internal.remote.internal.inet.InetAddressFactory] Is this a loopback interface? false
12:10:44.490 [DEBUG] [org.gradle.internal.remote.internal.inet.InetAddressFactory] Is this a multicast interface? true
12:10:44.490 [DEBUG] [org.gradle.internal.remote.internal.inet.InetAddressFactory] Adding loopback multicast interface Microsoft Virtual WiFi Miniport Adapter #3-Kaspersky Lab NDIS 6 Filter-0000
12:10:44.490 [DEBUG] [org.gradle.internal.remote.internal.inet.InetAddressFactory] Adding IP addresses for network interface Microsoft Virtual WiFi Miniport Adapter #3-QoS Packet Scheduler-0000
12:10:44.492 [DEBUG] [org.gradle.internal.remote.internal.inet.InetAddressFactory] Is this a loopback interface? false
12:10:44.495 [DEBUG] [org.gradle.internal.remote.internal.inet.InetAddressFactory] Is this a multicast interface? true
12:10:44.495 [DEBUG] [org.gradle.internal.remote.internal.inet.InetAddressFactory] Adding loopback multicast interface Microsoft Virtual WiFi Miniport Adapter #3-QoS Packet Scheduler-0000
12:10:44.495 [DEBUG] [org.gradle.internal.remote.internal.inet.InetAddressFactory] Adding IP addresses for network interface Microsoft Virtual WiFi Miniport Adapter #3-WFP LightWeight Filter-0000
12:10:44.497 [DEBUG] [org.gradle.internal.remote.internal.inet.InetAddressFactory] Is this a loopback interface? false
12:10:44.499 [DEBUG] [org.gradle.internal.remote.internal.inet.InetAddressFactory] Is this a multicast interface? true
12:10:44.500 [DEBUG] [org.gradle.internal.remote.internal.inet.InetAddressFactory] Adding loopback multicast interface Microsoft Virtual WiFi Miniport Adapter #3-WFP LightWeight Filter-0000
12:10:44.500 [DEBUG] [org.gradle.internal.remote.internal.inet.InetAddressFactory] Adding IP addresses for network interface Microsoft Virtual WiFi Miniport Adapter #4-Native WiFi Filter Driver-0000
12:10:44.502 [DEBUG] [org.gradle.internal.remote.internal.inet.InetAddressFactory] Is this a loopback interface? false
12:10:44.504 [DEBUG] [org.gradle.internal.remote.internal.inet.InetAddressFactory] Is this a multicast interface? true
12:10:44.504 [DEBUG] [org.gradle.internal.remote.internal.inet.InetAddressFactory] Adding loopback multicast interface Microsoft Virtual WiFi Miniport Adapter #4-Native WiFi Filter Driver-0000
12:10:44.504 [DEBUG] [org.gradle.internal.remote.internal.inet.InetAddressFactory] Adding IP addresses for network interface Microsoft Virtual WiFi Miniport Adapter #4-Kaspersky Lab NDIS 6 Filter-0000
12:10:44.507 [DEBUG] [org.gradle.internal.remote.internal.inet.InetAddressFactory] Is this a loopback interface? false
12:10:44.509 [DEBUG] [org.gradle.internal.remote.internal.inet.InetAddressFactory] Is this a multicast interface? true
12:10:44.509 [DEBUG] [org.gradle.internal.remote.internal.inet.InetAddressFactory] Adding loopback multicast interface Microsoft Virtual WiFi Miniport Adapter #4-Kaspersky Lab NDIS 6 Filter-0000
12:10:44.509 [DEBUG] [org.gradle.internal.remote.internal.inet.InetAddressFactory] Adding IP addresses for network interface Microsoft Virtual WiFi Miniport Adapter #4-QoS Packet Scheduler-0000
12:10:44.511 [DEBUG] [org.gradle.internal.remote.internal.inet.InetAddressFactory] Is this a loopback interface? false
12:10:44.513 [DEBUG] [org.gradle.internal.remote.internal.inet.InetAddressFactory] Is this a multicast interface? true
12:10:44.513 [DEBUG] [org.gradle.internal.remote.internal.inet.InetAddressFactory] Adding loopback multicast interface Microsoft Virtual WiFi Miniport Adapter #4-QoS Packet Scheduler-0000
12:10:44.513 [DEBUG] [org.gradle.internal.remote.internal.inet.InetAddressFactory] Adding IP addresses for network interface Microsoft Virtual WiFi Miniport Adapter #4-WFP LightWeight Filter-0000
12:10:44.516 [DEBUG] [org.gradle.internal.remote.internal.inet.InetAddressFactory] Is this a loopback interface? false
12:10:44.517 [DEBUG] [org.gradle.internal.remote.internal.inet.InetAddressFactory] Is this a multicast interface? true
12:10:44.518 [DEBUG] [org.gradle.internal.remote.internal.inet.InetAddressFactory] Adding loopback multicast interface Microsoft Virtual WiFi Miniport Adapter #4-WFP LightWeight Filter-0000
12:10:44.518 [DEBUG] [org.gradle.internal.remote.internal.inet.InetAddressFactory] Adding IP addresses for network interface VirtualBox Host-Only Ethernet Adapter
12:10:44.520 [DEBUG] [org.gradle.internal.remote.internal.inet.InetAddressFactory] Is this a loopback interface? false
12:10:44.522 [DEBUG] [org.gradle.internal.remote.internal.inet.InetAddressFactory] Is this a multicast interface? true
12:10:44.522 [DEBUG] [org.gradle.internal.remote.internal.inet.InetAddressFactory] Adding remote address /192.168.56.1
12:10:44.522 [DEBUG] [org.gradle.internal.remote.internal.inet.InetAddressFactory] Adding remote address /fe80:0:0:0:e5e4:b8eb:ff56:346c%eth15
12:10:44.522 [DEBUG] [org.gradle.internal.remote.internal.inet.InetAddressFactory] Adding remote multicast interface VirtualBox Host-Only Ethernet Adapter
12:10:44.522 [DEBUG] [org.gradle.internal.remote.internal.inet.InetAddressFactory] Adding IP addresses for network interface VirtualBox Host-Only Ethernet Adapter-Kaspersky Lab NDIS 6 Filter-0000
12:10:44.524 [DEBUG] [org.gradle.internal.remote.internal.inet.InetAddressFactory] Is this a loopback interface? false
12:10:44.526 [DEBUG] [org.gradle.internal.remote.internal.inet.InetAddressFactory] Is this a multicast interface? true
12:10:44.526 [DEBUG] [org.gradle.internal.remote.internal.inet.InetAddressFactory] Adding loopback multicast interface VirtualBox Host-Only Ethernet Adapter-Kaspersky Lab NDIS 6 Filter-0000
12:10:44.526 [DEBUG] [org.gradle.internal.remote.internal.inet.InetAddressFactory] Adding IP addresses for network interface VirtualBox Host-Only Ethernet Adapter-QoS Packet Scheduler-0000
12:10:44.528 [DEBUG] [org.gradle.internal.remote.internal.inet.InetAddressFactory] Is this a loopback interface? false
12:10:44.530 [DEBUG] [org.gradle.internal.remote.internal.inet.InetAddressFactory] Is this a multicast interface? true
12:10:44.531 [DEBUG] [org.gradle.internal.remote.internal.inet.InetAddressFactory] Adding loopback multicast interface VirtualBox Host-Only Ethernet Adapter-QoS Packet Scheduler-0000
12:10:44.531 [DEBUG] [org.gradle.internal.remote.internal.inet.InetAddressFactory] Adding IP addresses for network interface VirtualBox Host-Only Ethernet Adapter-WFP LightWeight Filter-0000
12:10:44.533 [DEBUG] [org.gradle.internal.remote.internal.inet.InetAddressFactory] Is this a loopback interface? false
12:10:44.535 [DEBUG] [org.gradle.internal.remote.internal.inet.InetAddressFactory] Is this a multicast interface? true
12:10:44.535 [DEBUG] [org.gradle.internal.remote.internal.inet.InetAddressFactory] Adding loopback multicast interface VirtualBox Host-Only Ethernet Adapter-WFP LightWeight Filter-0000
12:10:44.535 [DEBUG] [org.gradle.internal.remote.internal.inet.InetAddressFactory] Adding IP addresses for network interface Microsoft ISATAP Adapter #7
12:10:44.537 [DEBUG] [org.gradle.internal.remote.internal.inet.InetAddressFactory] Is this a loopback interface? false
12:10:44.539 [DEBUG] [org.gradle.internal.remote.internal.inet.InetAddressFactory] Is this a multicast interface? false
12:10:44.539 [DEBUG] [org.gradle.internal.remote.internal.inet.InetAddressFactory] Adding remote address /fe80:0:0:0:0:5efe:c0a8:3801%net11
12:10:44.539 [DEBUG] [org.gradle.internal.remote.internal.inet.InetAddressFactory] Adding IP addresses for network interface Microsoft Virtual WiFi Miniport Adapter #3-VirtualBox NDIS Light-Weight Filter-0000
12:10:44.541 [DEBUG] [org.gradle.internal.remote.internal.inet.InetAddressFactory] Is this a loopback interface? false
12:10:44.543 [DEBUG] [org.gradle.internal.remote.internal.inet.InetAddressFactory] Is this a multicast interface? true
12:10:44.544 [DEBUG] [org.gradle.internal.remote.internal.inet.InetAddressFactory] Adding loopback multicast interface Microsoft Virtual WiFi Miniport Adapter #3-VirtualBox NDIS Light-Weight Filter-0000
12:10:44.544 [DEBUG] [org.gradle.internal.remote.internal.inet.InetAddressFactory] Adding IP addresses for network interface Intel(R) Centrino(R) Advanced-N 6205-VirtualBox NDIS Light-Weight Filter-0000
12:10:44.546 [DEBUG] [org.gradle.internal.remote.internal.inet.InetAddressFactory] Is this a loopback interface? false
12:10:44.548 [DEBUG] [org.gradle.internal.remote.internal.inet.InetAddressFactory] Is this a multicast interface? true
12:10:44.548 [DEBUG] [org.gradle.internal.remote.internal.inet.InetAddressFactory] Adding loopback multicast interface Intel(R) Centrino(R) Advanced-N 6205-VirtualBox NDIS Light-Weight Filter-0000
12:10:44.548 [DEBUG] [org.gradle.internal.remote.internal.inet.InetAddressFactory] Adding IP addresses for network interface Microsoft Virtual WiFi Miniport Adapter #4-VirtualBox NDIS Light-Weight Filter-0000
12:10:44.550 [DEBUG] [org.gradle.internal.remote.internal.inet.InetAddressFactory] Is this a loopback interface? false
12:10:44.553 [DEBUG] [org.gradle.internal.remote.internal.inet.InetAddressFactory] Is this a multicast interface? true
12:10:44.553 [DEBUG] [org.gradle.internal.remote.internal.inet.InetAddressFactory] Adding loopback multicast interface Microsoft Virtual WiFi Miniport Adapter #4-VirtualBox NDIS Light-Weight Filter-0000
12:10:44.553 [DEBUG] [org.gradle.internal.remote.internal.inet.InetAddressFactory] Adding IP addresses for network interface Intel(R) 82579LM Gigabit Network Connection-VirtualBox NDIS Light-Weight Filter-0000
12:10:44.555 [DEBUG] [org.gradle.internal.remote.internal.inet.InetAddressFactory] Is this a loopback interface? false
12:10:44.557 [DEBUG] [org.gradle.internal.remote.internal.inet.InetAddressFactory] Is this a multicast interface? true
12:10:44.557 [DEBUG] [org.gradle.internal.remote.internal.inet.InetAddressFactory] Adding loopback multicast interface Intel(R) 82579LM Gigabit Network Connection-VirtualBox NDIS Light-Weight Filter-0000
12:10:44.558 [DEBUG] [org.gradle.internal.remote.internal.inet.InetAddressFactory] Adding IP addresses for network interface VirtualBox Host-Only Ethernet Adapter-VirtualBox NDIS Light-Weight Filter-0000
12:10:44.560 [DEBUG] [org.gradle.internal.remote.internal.inet.InetAddressFactory] Is this a loopback interface? false
12:10:44.562 [DEBUG] [org.gradle.internal.remote.internal.inet.InetAddressFactory] Is this a multicast interface? true
12:10:44.562 [DEBUG] [org.gradle.internal.remote.internal.inet.InetAddressFactory] Adding loopback multicast interface VirtualBox Host-Only Ethernet Adapter-VirtualBox NDIS Light-Weight Filter-0000
12:10:44.562 [DEBUG] [org.gradle.internal.remote.internal.inet.InetAddressFactory] Adding IP addresses for network interface VirtualBox Host-Only Ethernet Adapter #2
12:10:44.566 [DEBUG] [org.gradle.internal.remote.internal.inet.InetAddressFactory] Is this a loopback interface? false
12:10:44.569 [DEBUG] [org.gradle.internal.remote.internal.inet.InetAddressFactory] Is this a multicast interface? true
12:10:44.569 [DEBUG] [org.gradle.internal.remote.internal.inet.InetAddressFactory] Adding remote address /192.168.117.2
12:10:44.569 [DEBUG] [org.gradle.internal.remote.internal.inet.InetAddressFactory] Adding remote address /fe80:0:0:0:6558:402c:757a:5a98%eth21
12:10:44.569 [DEBUG] [org.gradle.internal.remote.internal.inet.InetAddressFactory] Adding remote multicast interface VirtualBox Host-Only Ethernet Adapter #2
12:10:44.569 [DEBUG] [org.gradle.internal.remote.internal.inet.InetAddressFactory] Adding IP addresses for network interface VirtualBox Host-Only Ethernet Adapter #2-VirtualBox NDIS Light-Weight Filter-0000
12:10:44.574 [DEBUG] [org.gradle.internal.remote.internal.inet.InetAddressFactory] Is this a loopback interface? false
12:10:44.577 [DEBUG] [org.gradle.internal.remote.internal.inet.InetAddressFactory] Is this a multicast interface? true
12:10:44.578 [DEBUG] [org.gradle.internal.remote.internal.inet.InetAddressFactory] Adding loopback multicast interface VirtualBox Host-Only Ethernet Adapter #2-VirtualBox NDIS Light-Weight Filter-0000
12:10:44.578 [DEBUG] [org.gradle.internal.remote.internal.inet.InetAddressFactory] Adding IP addresses for network interface VirtualBox Host-Only Ethernet Adapter #2-QoS Packet Scheduler-0000
12:10:44.582 [DEBUG] [org.gradle.internal.remote.internal.inet.InetAddressFactory] Is this a loopback interface? false
12:10:44.585 [DEBUG] [org.gradle.internal.remote.internal.inet.InetAddressFactory] Is this a multicast interface? true
12:10:44.585 [DEBUG] [org.gradle.internal.remote.internal.inet.InetAddressFactory] Adding loopback multicast interface VirtualBox Host-Only Ethernet Adapter #2-QoS Packet Scheduler-0000
12:10:44.585 [DEBUG] [org.gradle.internal.remote.internal.inet.InetAddressFactory] Adding IP addresses for network interface VirtualBox Host-Only Ethernet Adapter #2-WFP LightWeight Filter-0000
12:10:44.587 [DEBUG] [org.gradle.internal.remote.internal.inet.InetAddressFactory] Is this a loopback interface? false
12:10:44.589 [DEBUG] [org.gradle.internal.remote.internal.inet.InetAddressFactory] Is this a multicast interface? true
12:10:44.590 [DEBUG] [org.gradle.internal.remote.internal.inet.InetAddressFactory] Adding loopback multicast interface VirtualBox Host-Only Ethernet Adapter #2-WFP LightWeight Filter-0000
12:10:44.590 [DEBUG] [org.gradle.internal.remote.internal.inet.InetAddressFactory] Adding IP addresses for network interface VirtualBox Host-Only Ethernet Adapter #2-Kaspersky Lab NDIS 6 Filter-0000
12:10:44.592 [DEBUG] [org.gradle.internal.remote.internal.inet.InetAddressFactory] Is this a loopback interface? false
12:10:44.594 [DEBUG] [org.gradle.internal.remote.internal.inet.InetAddressFactory] Is this a multicast interface? true
12:10:44.594 [DEBUG] [org.gradle.internal.remote.internal.inet.InetAddressFactory] Adding loopback multicast interface VirtualBox Host-Only Ethernet Adapter #2-Kaspersky Lab NDIS 6 Filter-0000
12:10:44.594 [DEBUG] [org.gradle.internal.remote.internal.inet.InetAddressFactory] Adding IP addresses for network interface Microsoft ISATAP Adapter #8
12:10:44.596 [DEBUG] [org.gradle.internal.remote.internal.inet.InetAddressFactory] Is this a loopback interface? false
12:10:44.598 [DEBUG] [org.gradle.internal.remote.internal.inet.InetAddressFactory] Is this a multicast interface? false
12:10:44.599 [DEBUG] [org.gradle.internal.remote.internal.inet.InetAddressFactory] Adding remote address /fe80:0:0:0:0:5efe:c0a8:7502%net12
12:10:44.603 [DEBUG] [org.gradle.internal.remote.internal.inet.TcpIncomingConnector] Listening on [0167c604-739e-4a2c-837a-1d84a1d7a739 port:41502, addresses:[/127.0.0.1, /0:0:0:0:0:0:0:1]].
12:10:44.606 [DEBUG] [org.gradle.launcher.daemon.server.Daemon] Daemon starting at: Mon Oct 31 12:10:44 CST 2016, with address: [0167c604-739e-4a2c-837a-1d84a1d7a739 port:41502, addresses:[/127.0.0.1, /0:0:0:0:0:0:0:1]]
12:10:44.606 [INFO] [org.gradle.launcher.daemon.server.DomainRegistryUpdater] Advertising the daemon address to the clients: [0167c604-739e-4a2c-837a-1d84a1d7a739 port:41502, addresses:[/127.0.0.1, /0:0:0:0:0:0:0:1]]
12:10:44.606 [DEBUG] [org.gradle.launcher.daemon.server.DomainRegistryUpdater] Advertised daemon context: DefaultDaemonContext[uid=caa5d0a7-e05a-4869-81ed-085f3b6d52d3,javaHome=C:\Program Files\Android\Android Studio\jre,daemonRegistryDir=D:\WorkSpace\gradle_repository\data\daemon,pid=14008,idleTimeout=10800000,daemonOpts=-XX:MaxPermSize=256m,-XX:+HeapDumpOnOutOfMemoryError,-Xmx1024m,-Dfile.encoding=GBK,-Duser.country=US,-Duser.language=en,-Duser.variant]
12:10:44.608 [DEBUG] [org.gradle.launcher.daemon.registry.PersistentDaemonRegistry] Storing daemon address: [0167c604-739e-4a2c-837a-1d84a1d7a739 port:41502, addresses:[/127.0.0.1, /0:0:0:0:0:0:0:1]], context: DefaultDaemonContext[uid=caa5d0a7-e05a-4869-81ed-085f3b6d52d3,javaHome=C:\Program Files\Android\Android Studio\jre,daemonRegistryDir=D:\WorkSpace\gradle_repository\data\daemon,pid=14008,idleTimeout=10800000,daemonOpts=-XX:MaxPermSize=256m,-XX:+HeapDumpOnOutOfMemoryError,-Xmx1024m,-Dfile.encoding=GBK,-Duser.country=US,-Duser.language=en,-Duser.variant]
12:10:44.619 [DEBUG] [org.gradle.cache.internal.DefaultFileLockManager] Waiting to acquire exclusive lock on daemon addresses registry.
12:10:44.621 [DEBUG] [org.gradle.cache.internal.DefaultFileLockManager] Lock acquired.
12:10:44.647 [DEBUG] [org.gradle.cache.internal.DefaultFileLockManager] Releasing lock on daemon addresses registry.
12:10:44.648 [LIFECYCLE] [org.gradle.launcher.daemon.server.Daemon] Daemon server started.
12:10:44.651 [DEBUG] [org.gradle.launcher.daemon.bootstrap.DaemonStartupCommunication] Completed writing the daemon greeting. Closing streams...
12:10:44.668 [DEBUG] [org.gradle.launcher.daemon.server.Daemon] stopOnExpiration() called on daemon
12:10:44.686 [DEBUG] [org.gradle.internal.remote.internal.inet.TcpIncomingConnector] Accepted connection from /127.0.0.1:41503 to /127.0.0.1:41502.
12:10:44.690 [DEBUG] [org.gradle.launcher.daemon.server.Daemon] awaitExpiration() called on daemon
12:10:44.691 [DEBUG] [org.gradle.launcher.daemon.server.DaemonStateCoordinator] daemon is running. Sleeping until state changes.
12:10:44.801 [DEBUG] [org.gradle.launcher.daemon.server.SynchronizedDispatchConnection] thread 16: received class org.gradle.launcher.daemon.protocol.Build
12:10:44.802 [DEBUG] [org.gradle.launcher.daemon.server.DefaultDaemonConnection] thread 16: Received non-IO message from client: Build{id=0626ba3d-c0fd-4287-875e-8d13c671b679.1, currentDir=R:\WorkSpace\git\dianjinpai_mobile_android\hwmobile\platforms\android}
12:10:44.802 [INFO] [org.gradle.launcher.daemon.server.DefaultIncomingConnectionHandler] Received command: Build{id=0626ba3d-c0fd-4287-875e-8d13c671b679.1, currentDir=R:\WorkSpace\git\dianjinpai_mobile_android\hwmobile\platforms\android}.
12:10:44.802 [DEBUG] [org.gradle.launcher.daemon.server.DefaultIncomingConnectionHandler] Starting executing command: Build{id=0626ba3d-c0fd-4287-875e-8d13c671b679.1, currentDir=R:\WorkSpace\git\dianjinpai_mobile_android\hwmobile\platforms\android} with connection: socket connection from /127.0.0.1:41502 to /127.0.0.1:41503.
12:10:44.808 [DEBUG] [org.gradle.launcher.daemon.server.DaemonStateCoordinator] Command execution: started DaemonCommandExecution[command = Build{id=0626ba3d-c0fd-4287-875e-8d13c671b679.1, currentDir=R:\WorkSpace\git\dianjinpai_mobile_android\hwmobile\platforms\android}, connection = org.gradle.launcher.daemon.server.DefaultDaemonConnection@432be860] after 0.0 minutes of idle
12:10:44.809 [INFO] [org.gradle.launcher.daemon.server.DomainRegistryUpdater] Marking the daemon as busy, address: [0167c604-739e-4a2c-837a-1d84a1d7a739 port:41502, addresses:[/127.0.0.1, /0:0:0:0:0:0:0:1]]
12:10:44.809 [DEBUG] [org.gradle.launcher.daemon.registry.PersistentDaemonRegistry] Marking busy by address: [0167c604-739e-4a2c-837a-1d84a1d7a739 port:41502, addresses:[/127.0.0.1, /0:0:0:0:0:0:0:1]]
12:10:44.810 [DEBUG] [org.gradle.cache.internal.DefaultFileLockManager] Waiting to acquire exclusive lock on daemon addresses registry.
12:10:44.810 [DEBUG] [org.gradle.cache.internal.DefaultFileLockManager] Lock acquired.
12:10:44.813 [DEBUG] [org.gradle.cache.internal.DefaultFileLockManager] Releasing lock on daemon addresses registry.
12:10:44.814 [DEBUG] [org.gradle.launcher.daemon.server.DaemonStateCoordinator] updating lastActivityAt to 1477887044814
12:10:44.814 [DEBUG] [org.gradle.launcher.daemon.server.DaemonStateCoordinator] daemon is running. Sleeping until state changes.
12:10:44.814 [INFO] [org.gradle.launcher.daemon.server.exec.StartBuildOrRespondWithBusy] Daemon is about to start building Build{id=0626ba3d-c0fd-4287-875e-8d13c671b679.1, currentDir=R:\WorkSpace\git\dianjinpai_mobile_android\hwmobile\platforms\android}. Dispatching build started information...
12:10:44.815 [DEBUG] [org.gradle.launcher.daemon.server.SynchronizedDispatchConnection] thread 18: dispatching class org.gradle.launcher.daemon.protocol.BuildStarted
12:10:44.817 [DEBUG] [org.gradle.launcher.daemon.server.exec.EstablishBuildEnvironment] Configuring env variables: {LOCALAPPDATA=C:\Users\Lee\AppData\Local, PROCESSOR_LEVEL=6, FP_NO_HOST_CHECK=NO, USERDOMAIN=Lee-PC, LOGONSERVER=\\LEE-PC, SESSIONNAME=Console, ALLUSERSPROFILE=C:\ProgramData, PROCESSOR_ARCHITECTURE=AMD64, PSModulePath=C:\Windows\system32\WindowsPowerShell\v1.0\Modules\, SystemDrive=C:, COMMPath=C:\Program Files\Lenovo\Communications Utility, VS100COMNTOOLS=C:\Program Files (x86)\Microsoft Visual Studio 10.0\Common7\Tools\, APPDATA=C:\Users\Lee\AppData\Roaming, MOZ_PLUGIN_PATH=C:\Program Files (x86)\Foxit Software\Foxit Reader\plugins\, USERNAME=Lee, windows_tracing_logfile=C:\BVTBin\Tests\installpackage\csilogfile.log, ProgramFiles(x86)=C:\Program Files (x86), VBOX_MSI_INSTALL_PATH=C:\Program Files\Oracle\VirtualBox\, CommonProgramFiles=C:\Program Files\Common Files, Path=c:\service\java\jdk\jdk1.7.0_45\\bin;C:\Program Files (x86)\Intel\iCLS Client\;C:\Program Files\Intel\iCLS Client\;C:\Windows\system32;C:\Windows;C:\Windows\System32\Wbem;C:\Windows\System32\WindowsPowerShell\v1.0\;C:\Program Files\Intel\Intel(R) Management Engine Components\DAL;C:\Program Files\Intel\Intel(R) Management Engine Components\IPT;C:\Program Files (x86)\Intel\Intel(R) Management Engine Components\DAL;C:\Program Files (x86)\Intel\Intel(R) Management Engine Components\IPT;C:\Program Files (x86)\Intel\OpenCL SDK\2.0\bin\x86;C:\Program Files (x86)\Intel\OpenCL SDK\2.0\bin\x64;C:\Program Files\Intel\WiFi\bin\;C:\Program Files\Common Files\Intel\WirelessCommon\;C:\Program Files (x86)\Microsoft SQL Server\100\Tools\Binn\;C:\Program Files\Microsoft SQL Server\100\Tools\Binn\;C:\Program Files\Microsoft SQL Server\100\DTS\Binn\;C:\Program Files (x86)\Microsoft SQL Server\100\Tools\Binn\VSShell\Common7\IDE\;C:\Program Files (x86)\Microsoft SQL Server\100\DTS\Binn\;C:\Program Files\Intel\WiFi\bin\;C:\Program Files\Common Files\Intel\WirelessCommon\, PATHEXT=.COM;.EXE;.BAT;.CMD;.VBS;.VBE;.JS;.JSE;.WSF;.WSH;.MSC, OS=Windows_NT, java_home=c:\service\java\jdk\jdk1.7.0_45\, windows_tracing_flags=3, COMPUTERNAME=LEE-PC, PROCESSOR_REVISION=3a09, CommonProgramW6432=C:\Program Files\Common Files, ComSpec=C:\Windows\system32\cmd.exe, ProgramData=C:\ProgramData, ProgramW6432=C:\Program Files, HOMEPATH=\Users\Lee, SystemRoot=C:\Windows, TEMP=C:\Users\Lee\AppData\Local\Temp, TFS_DIR=C:\Program Files\ThinkVantage Fingerprint Software\, HOMEDRIVE=C:, PROCESSOR_IDENTIFIER=Intel64 Family 6 Model 58 Stepping 9, GenuineIntel, USERPROFILE=C:\Users\Lee, TMP=C:\Users\Lee\AppData\Local\Temp, CommonProgramFiles(x86)=C:\Program Files (x86)\Common Files, ProgramFiles=C:\Program Files, PUBLIC=C:\Users\Public, NUMBER_OF_PROCESSORS=4, windir=C:\Windows, class_path=.;c:\service\java\jdk\jdk1.7.0_45\\lib\dt.jar;c:\service\java\jdk\jdk1.7.0_45\\lib\tools.jar;, =::=::\}
12:10:44.825 [DEBUG] [org.gradle.launcher.daemon.server.SynchronizedDispatchConnection] thread 16: received class org.gradle.launcher.daemon.protocol.CloseInput
12:10:44.825 [DEBUG] [org.gradle.launcher.daemon.server.DefaultDaemonConnection] thread 16: Received IO message from client: org.gradle.launcher.daemon.protocol.CloseInput@77766ee3
12:10:44.828 [DEBUG] [org.gradle.launcher.daemon.server.exec.LogToClient] About to start relaying all logs to the client via the connection.
12:10:44.828 [INFO] [org.gradle.launcher.daemon.server.exec.LogToClient] The client will now receive all logging from the daemon (pid: 14008). The daemon log file: D:\WorkSpace\gradle_repository\data\daemon\2.14.1\daemon-14008.out.log
12:10:44.830 [INFO] [org.gradle.launcher.daemon.server.health.DaemonHealthTracker] Starting build in new daemon [memory: 954.7 MB]
12:10:44.831 [INFO] [org.gradle.launcher.daemon.server.exec.ForwardClientInput] Closing daemon's stdin at end of input.
12:10:44.832 [INFO] [org.gradle.launcher.daemon.server.exec.ForwardClientInput] The daemon will no longer process any standard input.
12:10:44.834 [DEBUG] [org.gradle.launcher.daemon.server.exec.ExecuteBuild] The daemon has started executing the build.
12:10:44.834 [INFO] [org.gradle.launcher.daemon.server.exec.ExecuteBuild] Executing build with daemon context: DefaultDaemonContext[uid=caa5d0a7-e05a-4869-81ed-085f3b6d52d3,javaHome=C:\Program Files\Android\Android Studio\jre,daemonRegistryDir=D:\WorkSpace\gradle_repository\data\daemon,pid=14008,idleTimeout=10800000,daemonOpts=-XX:MaxPermSize=256m,-XX:+HeapDumpOnOutOfMemoryError,-Xmx1024m,-Dfile.encoding=GBK,-Duser.country=US,-Duser.language=en,-Duser.variant]
Incremental java compilation is an incubating feature.

CONFIGURE SUCCESSFUL

Total time: 12.878 secs
The Test.testSrcDirs property has been deprecated and is scheduled to be removed in Gradle 3.0. Support for TestNG Javadoc annotations will be removed in Gradle 3.0.
12:10:53.615 [DEBUG] [org.gradle.cache.internal.DefaultCacheAccess] Cache Generated Gradle JARs cache (D:\WorkSpace\gradle_repository\data\caches\2.14.1\generated-gradle-jars) was closed 0 times.
12:10:53.616 [DEBUG] [org.gradle.cache.internal.btree.BTreePersistentIndexedCache] Closing cache module-artifacts.bin (D:\WorkSpace\gradle_repository\data\caches\modules-2\metadata-2.16\module-artifacts.bin)
12:10:53.616 [DEBUG] [org.gradle.cache.internal.btree.BTreePersistentIndexedCache] Closing cache module-versions.bin (D:\WorkSpace\gradle_repository\data\caches\modules-2\metadata-2.16\module-versions.bin)
12:10:53.617 [DEBUG] [org.gradle.cache.internal.btree.BTreePersistentIndexedCache] Closing cache module-metadata.bin (D:\WorkSpace\gradle_repository\data\caches\modules-2\metadata-2.16\module-metadata.bin)
12:10:53.617 [DEBUG] [org.gradle.cache.internal.btree.BTreePersistentIndexedCache] Closing cache artifact-at-repository.bin (D:\WorkSpace\gradle_repository\data\caches\modules-2\metadata-2.16\artifact-at-repository.bin)
12:10:53.617 [DEBUG] [org.gradle.cache.internal.DefaultFileLockManager] Releasing lock on artifact cache (D:\WorkSpace\gradle_repository\data\caches\modules-2).
12:10:53.619 [DEBUG] [org.gradle.api.internal.artifacts.ivyservice.resolveengine.store.CachedStoreFactory] Resolution result cache closed. Cache reads: 0, disk reads: 0 (avg: 0.0 secs, total: 0.0 secs)
12:10:53.620 [DEBUG] [org.gradle.api.internal.artifacts.ivyservice.resolveengine.store.CachedStoreFactory] Resolution result cache closed. Cache reads: 2, disk reads: 7 (avg: 0.001 secs, total: 0.008 secs)
12:10:53.621 [DEBUG] [org.gradle.api.internal.artifacts.ivyservice.resolveengine.store.ResolutionResultsStoreFactory] Deleted 2 resolution results binary files in 0.003 secs
12:10:53.621 [DEBUG] [org.gradle.api.internal.artifacts.ivyservice.ivyresolve.memcache.InMemoryCachedRepositoryFactory] In-memory dependency metadata cache closed. Repos cached: 45, cache instances: 4, modules served from cache: 157, artifacts: 62
12:10:53.621 [DEBUG] [org.gradle.cache.internal.DefaultCacheAccess] Cache Plugin Resolution Cache (D:\WorkSpace\gradle_repository\data\caches\2.14.1\plugin-resolution) was closed 0 times.
12:10:53.622 [DEBUG] [org.gradle.api.internal.tasks.compile.daemon.CompilerDaemonManager] Stopping 0 compiler daemon(s).
12:10:53.622 [INFO] [org.gradle.api.internal.tasks.compile.daemon.CompilerDaemonManager] Stopped 0 compiler daemon(s).
12:10:53.623 [DEBUG] [org.gradle.cache.internal.DefaultFileLockManager] Releasing lock on jars (D:\WorkSpace\gradle_repository\data\caches\jars-1).
12:10:53.623 [DEBUG] [org.gradle.launcher.daemon.server.exec.ExecuteBuild] The daemon has finished executing the build.
12:10:54.019 [DEBUG] [org.gradle.launcher.daemon.server.DaemonStateCoordinator] daemon is running. Sleeping until state changes.
12:10:54.021 [DEBUG] [org.gradle.launcher.daemon.server.DaemonStateCoordinator] Command execution: finished waiting for DaemonCommandExecution[command = Build{id=0626ba3d-c0fd-4287-875e-8d13c671b679.1, currentDir=R:\WorkSpace\git\dianjinpai_mobile_android\hwmobile\platforms\android}, connection = org.gradle.launcher.daemon.server.DefaultDaemonConnection@432be860]. Result org.gradle.launcher.daemon.server.DaemonStateCoordinator@4f6ea62b with state Running
12:10:54.021 [DEBUG] [org.gradle.launcher.daemon.server.DaemonStateCoordinator] Command execution: completed DaemonCommandExecution[command = Build{id=0626ba3d-c0fd-4287-875e-8d13c671b679.1, currentDir=R:\WorkSpace\git\dianjinpai_mobile_android\hwmobile\platforms\android}, connection = org.gradle.launcher.daemon.server.DefaultDaemonConnection@432be860]
12:10:54.022 [DEBUG] [org.gradle.launcher.daemon.server.DaemonStateCoordinator] updating lastActivityAt to 1477887054022
12:10:54.022 [INFO] [org.gradle.launcher.daemon.server.DomainRegistryUpdater] Marking the daemon as idle, address: [0167c604-739e-4a2c-837a-1d84a1d7a739 port:41502, addresses:[/127.0.0.1, /0:0:0:0:0:0:0:1]]
12:10:54.022 [DEBUG] [org.gradle.launcher.daemon.registry.PersistentDaemonRegistry] Marking idle by address: [0167c604-739e-4a2c-837a-1d84a1d7a739 port:41502, addresses:[/127.0.0.1, /0:0:0:0:0:0:0:1]]
12:10:54.023 [DEBUG] [org.gradle.cache.internal.DefaultFileLockManager] Waiting to acquire exclusive lock on daemon addresses registry.
12:10:54.024 [DEBUG] [org.gradle.cache.internal.DefaultFileLockManager] Lock acquired.
12:10:54.027 [DEBUG] [org.gradle.cache.internal.DefaultFileLockManager] Releasing lock on daemon addresses registry.
12:10:54.028 [DEBUG] [org.gradle.launcher.daemon.server.exec.ReturnResult] Daemon is dispatching the build result: Success[value=org.gradle.tooling.internal.provider.BuildActionResult@5b2743cb]
12:10:54.028 [DEBUG] [org.gradle.launcher.daemon.server.SynchronizedDispatchConnection] thread 15: dispatching class org.gradle.launcher.daemon.protocol.Success
12:10:54.029 [DEBUG] [org.gradle.launcher.daemon.server.DaemonStateCoordinator] daemon is running. Sleeping until state changes.
12:10:54.105 [DEBUG] [org.gradle.launcher.daemon.server.DefaultIncomingConnectionHandler] Finishing executing command: Build{id=0626ba3d-c0fd-4287-875e-8d13c671b679.1, currentDir=R:\WorkSpace\git\dianjinpai_mobile_android\hwmobile\platforms\android}
12:10:54.114 [DEBUG] [org.gradle.launcher.daemon.server.SynchronizedDispatchConnection] thread 16: received class org.gradle.launcher.daemon.protocol.Finished
12:10:54.114 [DEBUG] [org.gradle.launcher.daemon.server.DefaultDaemonConnection] thread 16: Received non-IO message from client: org.gradle.launcher.daemon.protocol.Finished@1b7d497b
12:10:54.114 [DEBUG] [org.gradle.internal.remote.internal.inet.SocketConnection] Discarding EOFException: java.io.EOFException
12:10:54.115 [DEBUG] [org.gradle.launcher.daemon.server.SynchronizedDispatchConnection] thread 16: received null
12:10:54.115 [DEBUG] [org.gradle.launcher.daemon.server.DefaultDaemonConnection] thread 16: Received end-of-input from client.
12:10:54.136 [DEBUG] [org.gradle.launcher.daemon.server.DefaultIncomingConnectionHandler] Received finished message: null
12:10:54.137 [DEBUG] [org.gradle.launcher.daemon.server.SynchronizedDispatchConnection] thread 15: stopping connection
12:10:54.138 [DEBUG] [org.gradle.launcher.daemon.server.SynchronizedDispatchConnection] thread 15: stopping connection
12:10:59.386 [DEBUG] [org.gradle.internal.remote.internal.inet.TcpIncomingConnector] Accepted connection from /127.0.0.1:41612 to /127.0.0.1:41502.
12:10:59.404 [DEBUG] [org.gradle.launcher.daemon.server.SynchronizedDispatchConnection] thread 22: received class org.gradle.launcher.daemon.protocol.Build
12:10:59.404 [DEBUG] [org.gradle.launcher.daemon.server.DefaultDaemonConnection] thread 22: Received non-IO message from client: Build{id=142e091d-3ebe-492b-b673-adc09bc36d29.1, currentDir=R:\WorkSpace\git\dianjinpai_mobile_android\hwmobile\platforms\android}
12:10:59.423 [INFO] [org.gradle.launcher.daemon.server.DefaultIncomingConnectionHandler] Received command: Build{id=142e091d-3ebe-492b-b673-adc09bc36d29.1, currentDir=R:\WorkSpace\git\dianjinpai_mobile_android\hwmobile\platforms\android}.
12:10:59.425 [DEBUG] [org.gradle.launcher.daemon.server.DefaultIncomingConnectionHandler] Starting executing command: Build{id=142e091d-3ebe-492b-b673-adc09bc36d29.1, currentDir=R:\WorkSpace\git\dianjinpai_mobile_android\hwmobile\platforms\android} with connection: socket connection from /127.0.0.1:41502 to /127.0.0.1:41612.
12:10:59.426 [DEBUG] [org.gradle.launcher.daemon.server.DaemonStateCoordinator] Command execution: started DaemonCommandExecution[command = Build{id=142e091d-3ebe-492b-b673-adc09bc36d29.1, currentDir=R:\WorkSpace\git\dianjinpai_mobile_android\hwmobile\platforms\android}, connection = org.gradle.launcher.daemon.server.DefaultDaemonConnection@13323ec0] after 0.0 minutes of idle
12:10:59.427 [INFO] [org.gradle.launcher.daemon.server.DomainRegistryUpdater] Marking the daemon as busy, address: [0167c604-739e-4a2c-837a-1d84a1d7a739 port:41502, addresses:[/127.0.0.1, /0:0:0:0:0:0:0:1]]
12:10:59.428 [DEBUG] [org.gradle.launcher.daemon.registry.PersistentDaemonRegistry] Marking busy by address: [0167c604-739e-4a2c-837a-1d84a1d7a739 port:41502, addresses:[/127.0.0.1, /0:0:0:0:0:0:0:1]]
12:10:59.429 [DEBUG] [org.gradle.cache.internal.DefaultFileLockManager] Waiting to acquire exclusive lock on daemon addresses registry.
12:10:59.429 [DEBUG] [org.gradle.cache.internal.DefaultFileLockManager] Lock acquired.
12:10:59.433 [DEBUG] [org.gradle.cache.internal.DefaultFileLockManager] Releasing lock on daemon addresses registry.
12:10:59.434 [DEBUG] [org.gradle.launcher.daemon.server.DaemonStateCoordinator] updating lastActivityAt to 1477887059434
12:10:59.434 [INFO] [org.gradle.launcher.daemon.server.exec.StartBuildOrRespondWithBusy] Daemon is about to start building Build{id=142e091d-3ebe-492b-b673-adc09bc36d29.1, currentDir=R:\WorkSpace\git\dianjinpai_mobile_android\hwmobile\platforms\android}. Dispatching build started information...
12:10:59.434 [DEBUG] [org.gradle.launcher.daemon.server.SynchronizedDispatchConnection] thread 18: dispatching class org.gradle.launcher.daemon.protocol.BuildStarted
12:10:59.469 [DEBUG] [org.gradle.launcher.daemon.server.exec.EstablishBuildEnvironment] Configuring env variables: {LOCALAPPDATA=C:\Users\Lee\AppData\Local, PROCESSOR_LEVEL=6, FP_NO_HOST_CHECK=NO, USERDOMAIN=Lee-PC, LOGONSERVER=\\LEE-PC, SESSIONNAME=Console, ALLUSERSPROFILE=C:\ProgramData, PROCESSOR_ARCHITECTURE=AMD64, PSModulePath=C:\Windows\system32\WindowsPowerShell\v1.0\Modules\, SystemDrive=C:, COMMPath=C:\Program Files\Lenovo\Communications Utility, VS100COMNTOOLS=C:\Program Files (x86)\Microsoft Visual Studio 10.0\Common7\Tools\, APPDATA=C:\Users\Lee\AppData\Roaming, MOZ_PLUGIN_PATH=C:\Program Files (x86)\Foxit Software\Foxit Reader\plugins\, USERNAME=Lee, windows_tracing_logfile=C:\BVTBin\Tests\installpackage\csilogfile.log, ProgramFiles(x86)=C:\Program Files (x86), VBOX_MSI_INSTALL_PATH=C:\Program Files\Oracle\VirtualBox\, CommonProgramFiles=C:\Program Files\Common Files, Path=c:\service\java\jdk\jdk1.7.0_45\\bin;C:\Program Files (x86)\Intel\iCLS Client\;C:\Program Files\Intel\iCLS Client\;C:\Windows\system32;C:\Windows;C:\Windows\System32\Wbem;C:\Windows\System32\WindowsPowerShell\v1.0\;C:\Program Files\Intel\Intel(R) Management Engine Components\DAL;C:\Program Files\Intel\Intel(R) Management Engine Components\IPT;C:\Program Files (x86)\Intel\Intel(R) Management Engine Components\DAL;C:\Program Files (x86)\Intel\Intel(R) Management Engine Components\IPT;C:\Program Files (x86)\Intel\OpenCL SDK\2.0\bin\x86;C:\Program Files (x86)\Intel\OpenCL SDK\2.0\bin\x64;C:\Program Files\Intel\WiFi\bin\;C:\Program Files\Common Files\Intel\WirelessCommon\;C:\Program Files (x86)\Microsoft SQL Server\100\Tools\Binn\;C:\Program Files\Microsoft SQL Server\100\Tools\Binn\;C:\Program Files\Microsoft SQL Server\100\DTS\Binn\;C:\Program Files (x86)\Microsoft SQL Server\100\Tools\Binn\VSShell\Common7\IDE\;C:\Program Files (x86)\Microsoft SQL Server\100\DTS\Binn\;C:\Program Files\Intel\WiFi\bin\;C:\Program Files\Common Files\Intel\WirelessCommon\, PATHEXT=.COM;.EXE;.BAT;.CMD;.VBS;.VBE;.JS;.JSE;.WSF;.WSH;.MSC, OS=Windows_NT, java_home=c:\service\java\jdk\jdk1.7.0_45\, windows_tracing_flags=3, COMPUTERNAME=LEE-PC, PROCESSOR_REVISION=3a09, CommonProgramW6432=C:\Program Files\Common Files, ComSpec=C:\Windows\system32\cmd.exe, ProgramData=C:\ProgramData, ProgramW6432=C:\Program Files, HOMEPATH=\Users\Lee, SystemRoot=C:\Windows, TEMP=C:\Users\Lee\AppData\Local\Temp, TFS_DIR=C:\Program Files\ThinkVantage Fingerprint Software\, HOMEDRIVE=C:, PROCESSOR_IDENTIFIER=Intel64 Family 6 Model 58 Stepping 9, GenuineIntel, USERPROFILE=C:\Users\Lee, TMP=C:\Users\Lee\AppData\Local\Temp, CommonProgramFiles(x86)=C:\Program Files (x86)\Common Files, ProgramFiles=C:\Program Files, PUBLIC=C:\Users\Public, NUMBER_OF_PROCESSORS=4, windir=C:\Windows, class_path=.;c:\service\java\jdk\jdk1.7.0_45\\lib\dt.jar;c:\service\java\jdk\jdk1.7.0_45\\lib\tools.jar;, =::=::\}
12:10:59.479 [DEBUG] [org.gradle.launcher.daemon.server.exec.LogToClient] About to start relaying all logs to the client via the connection.
12:10:59.479 [INFO] [org.gradle.launcher.daemon.server.exec.LogToClient] The client will now receive all logging from the daemon (pid: 14008). The daemon log file: D:\WorkSpace\gradle_repository\data\daemon\2.14.1\daemon-14008.out.log
12:10:59.480 [DEBUG] [org.gradle.launcher.daemon.server.DaemonStateCoordinator] daemon is running. Sleeping until state changes.
12:10:59.481 [INFO] [org.gradle.launcher.daemon.server.health.DaemonHealthTracker] Starting 2nd build in daemon [uptime: 15.445 secs, performance: 94%]
12:10:59.481 [DEBUG] [org.gradle.launcher.daemon.server.exec.ExecuteBuild] The daemon has started executing the build.
12:10:59.482 [INFO] [org.gradle.launcher.daemon.server.exec.ExecuteBuild] Executing build with daemon context: DefaultDaemonContext[uid=caa5d0a7-e05a-4869-81ed-085f3b6d52d3,javaHome=C:\Program Files\Android\Android Studio\jre,daemonRegistryDir=D:\WorkSpace\gradle_repository\data\daemon,pid=14008,idleTimeout=10800000,daemonOpts=-XX:MaxPermSize=256m,-XX:+HeapDumpOnOutOfMemoryError,-Xmx1024m,-Dfile.encoding=GBK,-Duser.country=US,-Duser.language=en,-Duser.variant]
Configuration on demand is an incubating feature.
Incremental java compilation is an incubating feature.
:CordovaLib:preBuild UP-TO-DATE
:CordovaLib:preDebugBuild UP-TO-DATE
:CordovaLib:checkDebugManifest
:CordovaLib:prepareDebugDependencies
:CordovaLib:compileDebugAidl
:CordovaLib:compileDebugRenderscript
:CordovaLib:generateDebugBuildConfig
:CordovaLib:mergeDebugShaders
:CordovaLib:compileDebugShaders
:CordovaLib:generateDebugAssets
:CordovaLib:mergeDebugAssets
:CordovaLib:generateDebugResValues
:CordovaLib:generateDebugResources
:CordovaLib:packageDebugResources
:CordovaLib:processDebugManifest
:CordovaLib:processDebugResources
:CordovaLib:generateDebugSources
:CordovaLib:mockableAndroidJar
:CordovaLib:preDebugUnitTestBuild UP-TO-DATE
:CordovaLib:prepareDebugUnitTestDependencies
:CordovaLib:preDebugAndroidTestBuild UP-TO-DATE
:CordovaLib:prepareDebugAndroidTestDependencies
:CordovaLib:compileDebugAndroidTestAidl
:CordovaLib:compileDebugNdk UP-TO-DATE
:CordovaLib:compileLint
:CordovaLib:copyDebugLint UP-TO-DATE
:CordovaLib:mergeDebugProguardFiles
:CordovaLib:packageDebugRenderscript UP-TO-DATE
:CordovaLib:incrementalDebugJavaCompilationSafeguard
:CordovaLib:compileDebugJavaWithJavac
:CordovaLib:compileDebugJavaWithJavac - is not incremental (e.g. outputs have changed, no previous execution, etc.).
Note: Some input files use or override a deprecated API.
Note: Recompile with -Xlint:deprecation for details.
:CordovaLib:processDebugJavaRes UP-TO-DATE
:CordovaLib:transformResourcesWithMergeJavaResForDebug
:CordovaLib:transformClassesAndResourcesWithSyncLibJarsForDebug
:CordovaLib:mergeDebugJniLibFolders
:CordovaLib:transformNative_libsWithMergeJniLibsForDebug
:CordovaLib:transformNative_libsWithSyncJniLibsForDebug
:CordovaLib:bundleDebug
:CordovaLib:compileDebugSources
:CordovaLib:assembleDebug
:CordovaLib:processDebugAndroidTestManifest
:CordovaLib:compileDebugAndroidTestRenderscript
:CordovaLib:generateDebugAndroidTestBuildConfig
:CordovaLib:mergeDebugAndroidTestShaders
:CordovaLib:compileDebugAndroidTestShaders
:CordovaLib:generateDebugAndroidTestAssets
:CordovaLib:mergeDebugAndroidTestAssets
:CordovaLib:generateDebugAndroidTestResValues
:CordovaLib:generateDebugAndroidTestResources
:CordovaLib:mergeDebugAndroidTestResources
:CordovaLib:processDebugAndroidTestResources
:CordovaLib:generateDebugAndroidTestSources
:preBuild UP-TO-DATE
:preDebugBuild UP-TO-DATE
:checkDebugManifest
:prepareAndroidCordovaLibUnspecifiedDebugLibrary
:prepareDebugDependencies
:compileDebugAidl
:compileDebugRenderscript
:generateDebugBuildConfig
:mergeDebugShaders
:compileDebugShaders
:generateDebugAssets
:mergeDebugAssets
:generateDebugResValues
:generateDebugResources
:mergeDebugResources
:processDebugManifest
R:\WorkSpace\git\dianjinpai_mobile_android\hwmobile\platforms\android\AndroidManifest.xml:115:5-76 Warning:
	Element uses-permission#android.permission.ACCESS_WIFI_STATE at AndroidManifest.xml:115:5-76 duplicated with element declared at AndroidManifest.xml:4:5-76
:processDebugResources
:generateDebugSources
:preDebugAndroidTestBuild UP-TO-DATE
:prepareDebugAndroidTestDependencies
:compileDebugAndroidTestAidl
:processDebugAndroidTestManifest
:compileDebugAndroidTestRenderscript
:generateDebugAndroidTestBuildConfig
:mergeDebugAndroidTestShaders
:compileDebugAndroidTestShaders
:generateDebugAndroidTestAssets
:mergeDebugAndroidTestAssets
:generateDebugAndroidTestResValues
:generateDebugAndroidTestResources
:mergeDebugAndroidTestResources
:processDebugAndroidTestResources
:generateDebugAndroidTestSources
:mockableAndroidJar
:preDebugUnitTestBuild UP-TO-DATE
:prepareDebugUnitTestDependencies

BUILD SUCCESSFUL

Total time: 13.985 secs
12:11:13.352 [DEBUG] [org.gradle.cache.internal.btree.BTreePersistentIndexedCache] Closing cache taskArtifacts.bin (R:\WorkSpace\git\dianjinpai_mobile_android\hwmobile\platforms\android\.gradle\2.14.1\taskArtifacts\taskArtifacts.bin)
12:11:13.352 [DEBUG] [org.gradle.cache.internal.btree.BTreePersistentIndexedCache] Closing cache fileHashes.bin (R:\WorkSpace\git\dianjinpai_mobile_android\hwmobile\platforms\android\.gradle\2.14.1\taskArtifacts\fileHashes.bin)
12:11:13.352 [DEBUG] [org.gradle.cache.internal.btree.BTreePersistentIndexedCache] Closing cache fileSnapshotsToTreeSnapshotsIndex.bin (R:\WorkSpace\git\dianjinpai_mobile_android\hwmobile\platforms\android\.gradle\2.14.1\taskArtifacts\fileSnapshotsToTreeSnapshotsIndex.bin)
12:11:13.352 [DEBUG] [org.gradle.cache.internal.btree.BTreePersistentIndexedCache] Closing cache fileSnapshots.bin (R:\WorkSpace\git\dianjinpai_mobile_android\hwmobile\platforms\android\.gradle\2.14.1\taskArtifacts\fileSnapshots.bin)
12:11:13.353 [DEBUG] [org.gradle.cache.internal.DefaultFileLockManager] Releasing lock on task history cache (R:\WorkSpace\git\dianjinpai_mobile_android\hwmobile\platforms\android\.gradle\2.14.1\taskArtifacts).
12:11:13.353 [DEBUG] [org.gradle.cache.internal.btree.BTreePersistentIndexedCache] Closing cache classAnalysis.bin (D:\WorkSpace\gradle_repository\data\caches\2.14.1\classAnalysis\classAnalysis.bin)
12:11:13.353 [DEBUG] [org.gradle.cache.internal.DefaultFileLockManager] Releasing lock on class analysis cache (D:\WorkSpace\gradle_repository\data\caches\2.14.1\classAnalysis).
12:11:13.354 [DEBUG] [org.gradle.cache.internal.DefaultCacheAccess] Cache jar snapshots cache (D:\WorkSpace\gradle_repository\data\caches\2.14.1\jarSnapshots) was closed 0 times.
12:11:13.354 [DEBUG] [org.gradle.cache.internal.DefaultCacheAccess] Cache Generated Gradle JARs cache (D:\WorkSpace\gradle_repository\data\caches\2.14.1\generated-gradle-jars) was closed 0 times.
12:11:13.354 [DEBUG] [org.gradle.cache.internal.btree.BTreePersistentIndexedCache] Closing cache module-versions.bin (D:\WorkSpace\gradle_repository\data\caches\modules-2\metadata-2.16\module-versions.bin)
12:11:13.354 [DEBUG] [org.gradle.cache.internal.btree.BTreePersistentIndexedCache] Closing cache artifact-at-repository.bin (D:\WorkSpace\gradle_repository\data\caches\modules-2\metadata-2.16\artifact-at-repository.bin)
12:11:13.355 [DEBUG] [org.gradle.cache.internal.btree.BTreePersistentIndexedCache] Closing cache module-metadata.bin (D:\WorkSpace\gradle_repository\data\caches\modules-2\metadata-2.16\module-metadata.bin)
12:11:13.355 [DEBUG] [org.gradle.cache.internal.DefaultFileLockManager] Releasing lock on artifact cache (D:\WorkSpace\gradle_repository\data\caches\modules-2).
12:11:13.356 [DEBUG] [org.gradle.api.internal.artifacts.ivyservice.resolveengine.store.CachedStoreFactory] Resolution result cache closed. Cache reads: 0, disk reads: 0 (avg: 0.0 secs, total: 0.0 secs)
12:11:13.357 [DEBUG] [org.gradle.api.internal.artifacts.ivyservice.resolveengine.store.CachedStoreFactory] Resolution result cache closed. Cache reads: 0, disk reads: 4 (avg: 0.0 secs, total: 0.001 secs)
12:11:13.357 [DEBUG] [org.gradle.api.internal.artifacts.ivyservice.resolveengine.store.ResolutionResultsStoreFactory] Deleted 2 resolution results binary files in 0.002 secs
12:11:13.358 [DEBUG] [org.gradle.api.internal.artifacts.ivyservice.ivyresolve.memcache.InMemoryCachedRepositoryFactory] In-memory dependency metadata cache closed. Repos cached: 20, cache instances: 4, modules served from cache: 51, artifacts: 51
12:11:13.358 [DEBUG] [org.gradle.cache.internal.DefaultCacheAccess] Cache Plugin Resolution Cache (D:\WorkSpace\gradle_repository\data\caches\2.14.1\plugin-resolution) was closed 0 times.
12:11:13.358 [DEBUG] [org.gradle.api.internal.tasks.compile.daemon.CompilerDaemonManager] Stopping 0 compiler daemon(s).
12:11:13.358 [INFO] [org.gradle.api.internal.tasks.compile.daemon.CompilerDaemonManager] Stopped 0 compiler daemon(s).
12:11:13.358 [DEBUG] [org.gradle.cache.internal.DefaultCacheAccess] Cache jars (D:\WorkSpace\gradle_repository\data\caches\jars-1) was closed 0 times.
12:11:13.358 [DEBUG] [org.gradle.launcher.daemon.server.exec.ExecuteBuild] The daemon has finished executing the build.
12:11:13.362 [DEBUG] [org.gradle.launcher.daemon.server.DaemonStateCoordinator] Command execution: finished waiting for DaemonCommandExecution[command = Build{id=142e091d-3ebe-492b-b673-adc09bc36d29.1, currentDir=R:\WorkSpace\git\dianjinpai_mobile_android\hwmobile\platforms\android}, connection = org.gradle.launcher.daemon.server.DefaultDaemonConnection@13323ec0]. Result org.gradle.launcher.daemon.server.DaemonStateCoordinator@4f6ea62b with state Running
12:11:13.362 [DEBUG] [org.gradle.launcher.daemon.server.DaemonStateCoordinator] Command execution: completed DaemonCommandExecution[command = Build{id=142e091d-3ebe-492b-b673-adc09bc36d29.1, currentDir=R:\WorkSpace\git\dianjinpai_mobile_android\hwmobile\platforms\android}, connection = org.gradle.launcher.daemon.server.DefaultDaemonConnection@13323ec0]
12:11:13.362 [DEBUG] [org.gradle.launcher.daemon.server.DaemonStateCoordinator] updating lastActivityAt to 1477887073362
12:11:13.362 [INFO] [org.gradle.launcher.daemon.server.DomainRegistryUpdater] Marking the daemon as idle, address: [0167c604-739e-4a2c-837a-1d84a1d7a739 port:41502, addresses:[/127.0.0.1, /0:0:0:0:0:0:0:1]]
12:11:13.362 [DEBUG] [org.gradle.launcher.daemon.registry.PersistentDaemonRegistry] Marking idle by address: [0167c604-739e-4a2c-837a-1d84a1d7a739 port:41502, addresses:[/127.0.0.1, /0:0:0:0:0:0:0:1]]
12:11:13.363 [DEBUG] [org.gradle.cache.internal.DefaultFileLockManager] Waiting to acquire exclusive lock on daemon addresses registry.
12:11:13.363 [DEBUG] [org.gradle.cache.internal.DefaultFileLockManager] Lock acquired.
12:11:13.365 [DEBUG] [org.gradle.cache.internal.DefaultFileLockManager] Releasing lock on daemon addresses registry.
12:11:13.366 [DEBUG] [org.gradle.launcher.daemon.server.DaemonStateCoordinator] daemon is running. Sleeping until state changes.
12:11:13.366 [DEBUG] [org.gradle.launcher.daemon.server.exec.ReturnResult] Daemon is dispatching the build result: Success[value=org.gradle.tooling.internal.provider.BuildActionResult@747f1f0c]
12:11:13.366 [DEBUG] [org.gradle.launcher.daemon.server.SynchronizedDispatchConnection] thread 15: dispatching class org.gradle.launcher.daemon.protocol.Success
12:11:13.366 [DEBUG] [org.gradle.launcher.daemon.server.DefaultIncomingConnectionHandler] Finishing executing command: Build{id=142e091d-3ebe-492b-b673-adc09bc36d29.1, currentDir=R:\WorkSpace\git\dianjinpai_mobile_android\hwmobile\platforms\android}
12:11:13.367 [DEBUG] [org.gradle.launcher.daemon.server.SynchronizedDispatchConnection] thread 22: received class org.gradle.launcher.daemon.protocol.Finished
12:11:13.367 [DEBUG] [org.gradle.launcher.daemon.server.DefaultDaemonConnection] thread 22: Received non-IO message from client: org.gradle.launcher.daemon.protocol.Finished@4f87ce02
12:11:13.368 [DEBUG] [org.gradle.launcher.daemon.server.DefaultIncomingConnectionHandler] Received finished message: org.gradle.launcher.daemon.protocol.Finished@4f87ce02
12:11:13.368 [DEBUG] [org.gradle.launcher.daemon.server.SynchronizedDispatchConnection] thread 15: stopping connection
12:11:13.368 [DEBUG] [org.gradle.internal.remote.internal.inet.SocketConnection] Discarding EOFException: java.io.EOFException
12:11:13.368 [DEBUG] [org.gradle.launcher.daemon.server.SynchronizedDispatchConnection] thread 22: received null
12:11:13.368 [DEBUG] [org.gradle.launcher.daemon.server.DefaultDaemonConnection] thread 22: Received end-of-input from client.
12:11:13.368 [DEBUG] [org.gradle.launcher.daemon.server.SynchronizedDispatchConnection] thread 15: stopping connection
12:11:44.672 [DEBUG] [org.gradle.launcher.daemon.server.Daemon] DaemonExpirationPeriodicCheck running
12:11:44.675 [DEBUG] [org.gradle.cache.internal.DefaultFileLockManager] Waiting to acquire shared lock on daemon addresses registry.
12:11:44.694 [DEBUG] [org.gradle.cache.internal.DefaultFileLockManager] Lock acquired.
12:11:44.709 [DEBUG] [org.gradle.cache.internal.DefaultFileLockManager] Releasing lock on daemon addresses registry.
12:12:16.259 [DEBUG] [org.gradle.internal.remote.internal.inet.TcpIncomingConnector] Accepted connection from /127.0.0.1:42357 to /127.0.0.1:41502.
12:12:16.264 [DEBUG] [org.gradle.launcher.daemon.server.SynchronizedDispatchConnection] thread 266: received class org.gradle.launcher.daemon.protocol.StopWhenIdle
12:12:16.264 [DEBUG] [org.gradle.launcher.daemon.server.DefaultDaemonConnection] thread 266: Received non-IO message from client: StopWhenIdle[id=564d4c61-c8e6-4bfc-911a-ff5e79339d8e.1]
12:12:16.264 [INFO] [org.gradle.launcher.daemon.server.DefaultIncomingConnectionHandler] Received command: StopWhenIdle[id=564d4c61-c8e6-4bfc-911a-ff5e79339d8e.1].
12:12:16.265 [DEBUG] [org.gradle.launcher.daemon.server.DefaultIncomingConnectionHandler] Starting executing command: StopWhenIdle[id=564d4c61-c8e6-4bfc-911a-ff5e79339d8e.1] with connection: socket connection from /127.0.0.1:41502 to /127.0.0.1:42357.
12:12:16.265 [DEBUG] [org.gradle.launcher.daemon.server.DaemonStateCoordinator] Stop as soon as idle requested. The daemon is busy: false
12:12:16.265 [DEBUG] [org.gradle.launcher.daemon.server.DaemonStateCoordinator] Marking daemon stopped due to stop requested and daemon idle. The daemon is running a build: false
12:12:16.265 [DEBUG] [org.gradle.launcher.daemon.server.DaemonStateCoordinator] daemon has stopped.
12:12:16.265 [DEBUG] [org.gradle.launcher.daemon.server.SynchronizedDispatchConnection] thread 265: dispatching class org.gradle.launcher.daemon.protocol.Success
12:12:16.265 [DEBUG] [org.gradle.launcher.daemon.server.Daemon] stop() called on daemon
12:12:16.265 [INFO] [org.gradle.launcher.daemon.server.Daemon] Stop requested. Daemon is removing its presence from the registry...
12:12:16.266 [DEBUG] [org.gradle.launcher.daemon.server.DomainRegistryUpdater] Removing our presence to clients, eg. removing this address from the registry: [0167c604-739e-4a2c-837a-1d84a1d7a739 port:41502, addresses:[/127.0.0.1, /0:0:0:0:0:0:0:1]]
12:12:16.266 [DEBUG] [org.gradle.launcher.daemon.registry.PersistentDaemonRegistry] Removing daemon address: [0167c604-739e-4a2c-837a-1d84a1d7a739 port:41502, addresses:[/127.0.0.1, /0:0:0:0:0:0:0:1]]
12:12:16.267 [DEBUG] [org.gradle.cache.internal.DefaultFileLockManager] Waiting to acquire exclusive lock on daemon addresses registry.
12:12:16.268 [DEBUG] [org.gradle.cache.internal.DefaultFileLockManager] Lock acquired.
12:12:16.275 [DEBUG] [org.gradle.cache.internal.DefaultFileLockManager] Releasing lock on daemon addresses registry.
12:12:16.265 [DEBUG] [org.gradle.launcher.daemon.server.DefaultIncomingConnectionHandler] Finishing executing command: StopWhenIdle[id=564d4c61-c8e6-4bfc-911a-ff5e79339d8e.1]
12:12:16.278 [DEBUG] [org.gradle.launcher.daemon.server.SynchronizedDispatchConnection] thread 266: received class org.gradle.launcher.daemon.protocol.Finished
12:12:16.278 [DEBUG] [org.gradle.launcher.daemon.server.DefaultDaemonConnection] thread 266: Received non-IO message from client: org.gradle.launcher.daemon.protocol.Finished@2f949e16
12:12:16.278 [DEBUG] [org.gradle.launcher.daemon.server.DomainRegistryUpdater] Address removed from registry.
12:12:16.278 [DEBUG] [org.gradle.internal.remote.internal.inet.SocketConnection] Discarding EOFException: java.io.EOFException
12:12:16.279 [DEBUG] [org.gradle.launcher.daemon.server.SynchronizedDispatchConnection] thread 266: received null
12:12:16.279 [DEBUG] [org.gradle.launcher.daemon.server.DefaultDaemonConnection] thread 266: Received end-of-input from client.
12:12:16.279 [DEBUG] [org.gradle.launcher.daemon.server.DefaultIncomingConnectionHandler] Received finished message: org.gradle.launcher.daemon.protocol.Finished@2f949e16
12:12:16.282 [DEBUG] [org.gradle.launcher.daemon.server.SynchronizedDispatchConnection] thread 265: stopping connection
12:12:16.286 [DEBUG] [org.gradle.launcher.daemon.server.SynchronizedDispatchConnection] thread 265: stopping connection
Daemon vm is shutting down... The daemon has exited normally or was terminated in response to a user interrupt.
12:12:16.291 [DEBUG] [org.gradle.launcher.daemon.registry.PersistentDaemonRegistry] Removing daemon address: [0167c604-739e-4a2c-837a-1d84a1d7a739 port:41502, addresses:[/127.0.0.1, /0:0:0:0:0:0:0:1]]
12:12:16.292 [DEBUG] [org.gradle.cache.internal.DefaultFileLockManager] Waiting to acquire exclusive lock on daemon addresses registry.
12:12:16.292 [DEBUG] [org.gradle.cache.internal.DefaultFileLockManager] Lock acquired.
12:12:16.294 [DEBUG] [org.gradle.cache.internal.DefaultFileLockManager] Releasing lock on daemon addresses registry.
